

================================================================
== Vitis HLS Report for 'parseSAOEO'
================================================================
* Date:           Sun May  7 10:30:19 2023

* Version:        2021.2 (Build 3367213 on Tue Oct 19 02:47:39 MDT 2021)
* Project:        cabac_top
* Solution:       solution1 (Vitis Kernel Flow Target)
* Product family: zynq
* Target device:  xc7z020-clg484-1


================================================================
== Performance Estimates
================================================================
+ Timing: 
    * Summary: 
    +--------+----------+----------+------------+
    |  Clock |  Target  | Estimated| Uncertainty|
    +--------+----------+----------+------------+
    |ap_clk  |  10.00 ns|  6.029 ns|     2.70 ns|
    +--------+----------+----------+------------+

+ Latency: 
    * Summary: 
    +---------+---------+-----------+-----------+-----+-----+---------+
    |  Latency (cycles) |   Latency (absolute)  |  Interval | Pipeline|
    |   min   |   max   |    min    |    max    | min | max |   Type  |
    +---------+---------+-----------+-----------+-----+-----+---------+
    |        7|        7|  70.000 ns|  70.000 ns|    7|    7|       no|
    +---------+---------+-----------+-----------+-----+-----+---------+

    + Detail: 
        * Instance: 
        N/A

        * Loop: 
        +-------------------+---------+---------+----------+-----------+-----------+------+----------+
        |                   |  Latency (cycles) | Iteration|  Initiation Interval  | Trip |          |
        |     Loop Name     |   min   |   max   |  Latency |  achieved |   target  | Count| Pipelined|
        +-------------------+---------+---------+----------+-----------+-----------+------+----------+
        |- VITIS_LOOP_80_1  |        6|        6|         3|          -|          -|     2|        no|
        +-------------------+---------+---------+----------+-----------+-----------+------+----------+



================================================================
== Utilization Estimates
================================================================
* Summary: 
+-----------------+---------+-----+--------+-------+-----+
|       Name      | BRAM_18K| DSP |   FF   |  LUT  | URAM|
+-----------------+---------+-----+--------+-------+-----+
|DSP              |        -|    -|       -|      -|    -|
|Expression       |        -|    -|       0|    297|    -|
|FIFO             |        -|    -|       -|      -|    -|
|Instance         |        -|    -|       -|      -|    -|
|Memory           |        -|    -|       -|      -|    -|
|Multiplexer      |        -|    -|       -|     93|    -|
|Register         |        -|    -|     123|      -|    -|
+-----------------+---------+-----+--------+-------+-----+
|Total            |        0|    0|     123|    390|    0|
+-----------------+---------+-----+--------+-------+-----+
|Available        |      280|  220|  106400|  53200|    0|
+-----------------+---------+-----+--------+-------+-----+
|Utilization (%)  |        0|    0|      ~0|     ~0|    0|
+-----------------+---------+-----+--------+-------+-----+

+ Detail: 
    * Instance: 
    N/A

    * DSP: 
    N/A

    * Memory: 
    N/A

    * FIFO: 
    N/A

    * Expression: 
    +-----------------------+----------+----+---+-----+------------+------------+
    |     Variable Name     | Operation| DSP| FF| LUT | Bitwidth P0| Bitwidth P1|
    +-----------------------+----------+----+---+-----+------------+------------+
    |add_ln14_fu_216_p2     |         +|   0|  0|   14|           9|           2|
    |add_ln16_fu_236_p2     |         +|   0|  0|   15|           8|           2|
    |add_ln6_fu_252_p2      |         +|   0|  0|   39|          32|           1|
    |add_ln83_fu_196_p2     |         +|   0|  0|   10|           2|           1|
    |sub_ln229_fu_371_p2    |         -|   0|  0|   39|          32|          32|
    |icmp_ln1076_fu_366_p2  |      icmp|   0|  0|   18|          32|          32|
    |icmp_ln13_fu_206_p2    |      icmp|   0|  0|   11|           8|           1|
    |icmp_ln80_fu_190_p2    |      icmp|   0|  0|    8|           2|           3|
    |retVal_15_fu_226_p2    |      lshr|   0|  0|  100|          32|          32|
    |or_ln1543_fu_342_p2    |        or|   0|  0|    9|           9|           9|
    |ret_7_fu_376_p3        |    select|   0|  0|   32|           1|          32|
    |binVal_fu_384_p2       |       xor|   0|  0|    2|           1|           2|
    +-----------------------+----------+----+---+-----+------------+------------+
    |Total                  |          |   0|  0|  297|         168|         149|
    +-----------------------+----------+----+---+-----+------------+------------+

    * Multiplexer: 
    +----------------------------------------+----+-----------+-----+-----------+
    |                  Name                  | LUT| Input Size| Bits| Total Bits|
    +----------------------------------------+----+-----------+-----+-----------+
    |ap_NS_fsm                               |  25|          5|    1|          5|
    |binIdx_fu_68                            |   9|          2|    2|          4|
    |state_bstate_currIdx_0_fu_88            |   9|          2|   32|         64|
    |state_bstate_held_aligned_word_0_fu_84  |   9|          2|    8|         16|
    |state_bstate_n_bits_held_0_fu_80        |  14|          3|    8|         24|
    |state_ivlOffset_0_fu_76                 |   9|          2|   32|         64|
    |symbolVal_write_assign_fu_72            |   9|          2|   32|         64|
    |val_reg_129                             |   9|          2|    1|          2|
    +----------------------------------------+----+-----------+-----+-----------+
    |Total                                   |  93|         20|  116|        243|
    +----------------------------------------+----+-----------+-----+-----------+

    * Register: 
    +----------------------------------------+----+----+-----+-----------+
    |                  Name                  | FF | LUT| Bits| Const Bits|
    +----------------------------------------+----+----+-----+-----------+
    |add_ln83_reg_461                        |   2|   0|    2|          0|
    |ap_CS_fsm                               |   4|   0|    4|          0|
    |binIdx_fu_68                            |   2|   0|    2|          0|
    |icmp_ln13_reg_466                       |   1|   0|    1|          0|
    |retVal_16_reg_470                       |   1|   0|    1|          0|
    |state_bstate_currIdx_0_fu_88            |  32|   0|   32|          0|
    |state_bstate_held_aligned_word_0_fu_84  |   8|   0|    8|          0|
    |state_bstate_n_bits_held_0_fu_80        |   8|   0|    8|          0|
    |state_ivlOffset_0_fu_76                 |  32|   0|   32|          0|
    |symbolVal_write_assign_fu_72            |  32|   0|   32|          0|
    |val_reg_129                             |   1|   0|    9|          8|
    +----------------------------------------+----+----+-----+-----------+
    |Total                                   | 123|   0|  131|          8|
    +----------------------------------------+----+----+-----+-----------+



================================================================
== Interface
================================================================
* Summary: 
+-------------------------------------+-----+-----+------------+-------------------------------------+--------------+
|              RTL Ports              | Dir | Bits|  Protocol  |            Source Object            |    C Type    |
+-------------------------------------+-----+-----+------------+-------------------------------------+--------------+
|ap_clk                               |   in|    1|  ap_ctrl_hs|                           parseSAOEO|  return value|
|ap_rst                               |   in|    1|  ap_ctrl_hs|                           parseSAOEO|  return value|
|ap_start                             |   in|    1|  ap_ctrl_hs|                           parseSAOEO|  return value|
|ap_done                              |  out|    1|  ap_ctrl_hs|                           parseSAOEO|  return value|
|ap_idle                              |  out|    1|  ap_ctrl_hs|                           parseSAOEO|  return value|
|ap_ready                             |  out|    1|  ap_ctrl_hs|                           parseSAOEO|  return value|
|ap_return_0                          |  out|   32|  ap_ctrl_hs|                           parseSAOEO|  return value|
|ap_return_1                          |  out|   32|  ap_ctrl_hs|                           parseSAOEO|  return value|
|ap_return_2                          |  out|    8|  ap_ctrl_hs|                           parseSAOEO|  return value|
|ap_return_3                          |  out|    8|  ap_ctrl_hs|                           parseSAOEO|  return value|
|ap_return_4                          |  out|   32|  ap_ctrl_hs|                           parseSAOEO|  return value|
|state_ivlOffset_V_read               |   in|   32|     ap_none|               state_ivlOffset_V_read|        scalar|
|state_bstate_currIdx_read            |   in|   32|     ap_none|            state_bstate_currIdx_read|        scalar|
|state_bstate_n_bits_held_read        |   in|    8|     ap_none|        state_bstate_n_bits_held_read|        scalar|
|state_bstate_held_aligned_word_read  |   in|    8|     ap_none|  state_bstate_held_aligned_word_read|        scalar|
|bStream_address0                     |  out|    3|   ap_memory|                              bStream|         array|
|bStream_ce0                          |  out|    1|   ap_memory|                              bStream|         array|
|bStream_q0                           |   in|    8|   ap_memory|                              bStream|         array|
|baeState_0_constprop                 |   in|   32|     ap_none|                 baeState_0_constprop|       pointer|
+-------------------------------------+-----+-----+------------+-------------------------------------+--------------+

