

================================================================
== Vitis HLS Report for 'sao_top'
================================================================
* Date:           Sun May  7 10:30:20 2023

* Version:        2021.2 (Build 3367213 on Tue Oct 19 02:47:39 MDT 2021)
* Project:        cabac_top
* Solution:       solution1 (Vitis Kernel Flow Target)
* Product family: zynq
* Target device:  xc7z020-clg484-1


================================================================
== Performance Estimates
================================================================
+ Timing: 
    * Summary: 
    +--------+----------+----------+------------+
    |  Clock |  Target  | Estimated| Uncertainty|
    +--------+----------+----------+------------+
    |ap_clk  |  10.00 ns|  7.022 ns|     2.70 ns|
    +--------+----------+----------+------------+

+ Latency: 
    * Summary: 
    +---------+---------+----------+----------+-----+-----+---------+
    |  Latency (cycles) |  Latency (absolute) |  Interval | Pipeline|
    |   min   |   max   |    min   |    max   | min | max |   Type  |
    +---------+---------+----------+----------+-----+-----+---------+
    |        ?|        ?|         ?|         ?|    ?|    ?|       no|
    +---------+---------+----------+----------+-----+-----+---------+

    + Detail: 
        * Instance: 
        +-----------------------------------------------+-----------------------------------+---------+---------+-----------+-----------+-----+-----+---------+
        |                                               |                                   |  Latency (cycles) |   Latency (absolute)  |  Interval | Pipeline|
        |                    Instance                   |               Module              |   min   |   max   |    min    |    max    | min | max |   Type  |
        +-----------------------------------------------+-----------------------------------+---------+---------+-----------+-----------+-----+-----+---------+
        |grp_sao_top_Pipeline_1_fu_1223                 |sao_top_Pipeline_1                 |       14|       14|   0.140 us|   0.140 us|   14|   14|       no|
        |grp_sao_top_Pipeline_2_fu_1229                 |sao_top_Pipeline_2                 |       14|       14|   0.140 us|   0.140 us|   14|   14|       no|
        |grp_parseSAOMergeFlag_fu_1235                  |parseSAOMergeFlag                  |        2|        2|  20.000 ns|  20.000 ns|    2|    2|       no|
        |grp_sao_top_Pipeline_VITIS_LOOP_201_5_fu_1252  |sao_top_Pipeline_VITIS_LOOP_201_5  |       11|       11|   0.110 us|   0.110 us|   11|   11|       no|
        |grp_decode_decision_fu_1291                    |decode_decision                    |        ?|        ?|          ?|          ?|    ?|    ?|       no|
        |grp_sao_top_Pipeline_VITIS_LOOP_54_1_fu_1314   |sao_top_Pipeline_VITIS_LOOP_54_1   |        ?|        ?|          ?|          ?|    ?|    ?|       no|
        |grp_parseSAOEO_fu_1333                         |parseSAOEO                         |        7|        7|  70.000 ns|  70.000 ns|    7|    7|       no|
        |grp_sao_top_Pipeline_VITIS_LOOP_162_3_fu_1349  |sao_top_Pipeline_VITIS_LOOP_162_3  |        9|        9|  90.000 ns|  90.000 ns|    9|    9|       no|
        |grp_sao_top_Pipeline_VITIS_LOOP_96_1_fu_1374   |sao_top_Pipeline_VITIS_LOOP_96_1   |        9|        9|  90.000 ns|  90.000 ns|    9|    9|       no|
        |grp_sao_top_Pipeline_VITIS_LOOP_189_4_fu_1393  |sao_top_Pipeline_VITIS_LOOP_189_4  |        7|        7|  70.000 ns|  70.000 ns|    7|    7|       no|
        |grp_sao_top_Pipeline_VITIS_LOOP_213_6_fu_1403  |sao_top_Pipeline_VITIS_LOOP_213_6  |       11|       11|   0.110 us|   0.110 us|   11|   11|       no|
        +-----------------------------------------------+-----------------------------------+---------+---------+-----------+-----------+-----+-----+---------+

        * Loop: 
        +---------------------+---------+---------+----------+-----------+-----------+------+----------+
        |                     |  Latency (cycles) | Iteration|  Initiation Interval  | Trip |          |
        |      Loop Name      |   min   |   max   |  Latency |  achieved |   target  | Count| Pipelined|
        +---------------------+---------+---------+----------+-----------+-----------+------+----------+
        |- VITIS_LOOP_142_1   |        ?|        ?|         ?|          -|          -|     3|        no|
        | + VITIS_LOOP_157_2  |        ?|        ?|         ?|          -|          -|     4|        no|
        +---------------------+---------+---------+----------+-----------+-----------+------+----------+



================================================================
== Utilization Estimates
================================================================
* Summary: 
+-----------------+---------+-----+--------+-------+-----+
|       Name      | BRAM_18K| DSP |   FF   |  LUT  | URAM|
+-----------------+---------+-----+--------+-------+-----+
|DSP              |        -|    -|       -|      -|    -|
|Expression       |        -|    -|       0|    170|    -|
|FIFO             |        -|    -|       -|      -|    -|
|Instance         |        1|    -|    1914|   4237|    -|
|Memory           |        0|    -|      18|      3|    0|
|Multiplexer      |        -|    -|       -|   1543|    -|
|Register         |        -|    -|    1346|      -|    -|
+-----------------+---------+-----+--------+-------+-----+
|Total            |        1|    0|    3278|   5953|    0|
+-----------------+---------+-----+--------+-------+-----+
|Available        |      280|  220|  106400|  53200|    0|
+-----------------+---------+-----+--------+-------+-----+
|Utilization (%)  |       ~0|    0|       3|     11|    0|
+-----------------+---------+-----+--------+-------+-----+

+ Detail: 
    * Instance: 
    +-----------------------------------------------+-----------------------------------+---------+----+-----+------+-----+
    |                    Instance                   |               Module              | BRAM_18K| DSP|  FF |  LUT | URAM|
    +-----------------------------------------------+-----------------------------------+---------+----+-----+------+-----+
    |grp_decode_decision_fu_1291                    |decode_decision                    |        1|   0|  529|  1131|    0|
    |mux_32_8_1_1_U205                              |mux_32_8_1_1                       |        0|   0|    0|    14|    0|
    |grp_parseSAOEO_fu_1333                         |parseSAOEO                         |        0|   0|  123|   390|    0|
    |grp_parseSAOMergeFlag_fu_1235                  |parseSAOMergeFlag                  |        0|   0|  166|   380|    0|
    |grp_sao_top_Pipeline_1_fu_1223                 |sao_top_Pipeline_1                 |        0|   0|    6|    49|    0|
    |grp_sao_top_Pipeline_2_fu_1229                 |sao_top_Pipeline_2                 |        0|   0|    6|    49|    0|
    |grp_sao_top_Pipeline_VITIS_LOOP_162_3_fu_1349  |sao_top_Pipeline_VITIS_LOOP_162_3  |        0|   0|  310|   521|    0|
    |grp_sao_top_Pipeline_VITIS_LOOP_189_4_fu_1393  |sao_top_Pipeline_VITIS_LOOP_189_4  |        0|   0|   26|   107|    0|
    |grp_sao_top_Pipeline_VITIS_LOOP_201_5_fu_1252  |sao_top_Pipeline_VITIS_LOOP_201_5  |        0|   0|  158|   310|    0|
    |grp_sao_top_Pipeline_VITIS_LOOP_213_6_fu_1403  |sao_top_Pipeline_VITIS_LOOP_213_6  |        0|   0|  158|   391|    0|
    |grp_sao_top_Pipeline_VITIS_LOOP_54_1_fu_1314   |sao_top_Pipeline_VITIS_LOOP_54_1   |        0|   0|  227|   462|    0|
    |grp_sao_top_Pipeline_VITIS_LOOP_96_1_fu_1374   |sao_top_Pipeline_VITIS_LOOP_96_1   |        0|   0|  205|   433|    0|
    +-----------------------------------------------+-----------------------------------+---------+----+-----+------+-----+
    |Total                                          |                                   |        1|   0| 1914|  4237|    0|
    +-----------------------------------------------+-----------------------------------+---------+----+-----+------+-----+

    * DSP: 
    N/A

    * Memory: 
    +-------------------+---------------------------------------+---------+----+----+-----+------+-----+------+-------------+
    |       Memory      |                 Module                | BRAM_18K| FF | LUT| URAM| Words| Bits| Banks| W*Bits*Banks|
    +-------------------+---------------------------------------+---------+----+----+-----+------+-----+------+-------------+
    |sao_offset_abs_U   |sao_top_sao_offset_abs_RAM_AUTO_1R1W   |        0|  16|   2|    0|    12|    8|     1|           96|
    |sao_offset_sign_U  |sao_top_sao_offset_sign_RAM_AUTO_1R1W  |        0|   2|   1|    0|    12|    1|     1|           12|
    +-------------------+---------------------------------------+---------+----+----+-----+------+-----+------+-------------+
    |Total              |                                       |        0|  18|   3|    0|    24|    9|     2|          108|
    +-------------------+---------------------------------------+---------+----+----+-----+------+-----+------+-------------+

    * FIFO: 
    N/A

    * Expression: 
    +----------------------------------+----------+----+---+----+------------+------------+
    |           Variable Name          | Operation| DSP| FF| LUT| Bitwidth P0| Bitwidth P1|
    +----------------------------------+----------+----+---+----+------------+------------+
    |add_ln142_fu_1700_p2              |         +|   0|  0|  10|           2|           1|
    |add_ln157_fu_1956_p2              |         +|   0|  0|  11|           3|           1|
    |add_ln159_fu_1971_p2              |         +|   0|  0|  13|           4|           4|
    |add_ln188_fu_1749_p2              |         +|   0|  0|  13|           4|           4|
    |and_ln134_fu_1628_p2              |       and|   0|  0|   2|           1|           1|
    |and_ln143_1_fu_1723_p2            |       and|   0|  0|   2|           1|           1|
    |and_ln143_fu_1712_p2              |       and|   0|  0|   2|           1|           1|
    |icmp_ln142_fu_1694_p2             |      icmp|   0|  0|   8|           2|           2|
    |icmp_ln143_1_fu_1717_p2           |      icmp|   0|  0|   8|           2|           1|
    |icmp_ln143_fu_1706_p2             |      icmp|   0|  0|   8|           2|           1|
    |icmp_ln156_fu_1903_p2             |      icmp|   0|  0|  11|           8|           1|
    |icmp_ln157_fu_1950_p2             |      icmp|   0|  0|   9|           3|           4|
    |icmp_ln161_fu_1962_p2             |      icmp|   0|  0|  11|           8|           1|
    |sao_merge_left_flag_fu_1622_p2    |      icmp|   0|  0|  18|          32|           1|
    |sao_merge_up_flag_fu_1636_p2      |      icmp|   0|  0|  18|          32|           1|
    |ap_block_state22_on_subcall_done  |        or|   0|  0|   2|           1|           1|
    |ap_block_state2_on_subcall_done   |        or|   0|  0|   2|           1|           1|
    |or_ln141_fu_1642_p2               |        or|   0|  0|   2|           1|           1|
    |or_ln143_fu_1728_p2               |        or|   0|  0|   2|           1|           1|
    |or_ln182_fu_1760_p2               |        or|   0|  0|   4|           4|           1|
    |or_ln183_1_fu_1790_p2             |        or|   0|  0|   4|           4|           2|
    |or_ln183_fu_1775_p2               |        or|   0|  0|   4|           4|           2|
    |phitmp1_fu_1937_p3                |    select|   0|  0|   3|           1|           3|
    |phitmp_fu_1829_p3                 |    select|   0|  0|   3|           1|           3|
    +----------------------------------+----------+----+---+----+------------+------------+
    |Total                             |          |   0|  0| 170|         123|          40|
    +----------------------------------+----------+----+---+----+------------+------------+

    * Multiplexer: 
    +-----------------------------------------------------------+-----+-----------+-----+-----------+
    |                            Name                           | LUT | Input Size| Bits| Total Bits|
    +-----------------------------------------------------------+-----+-----------+-----+-----------+
    |ap_NS_fsm                                                  |  159|         36|    1|         36|
    |ap_phi_mux_sao_merge_left_flag_021_phi_fu_860_p6           |    9|          2|    1|          2|
    |ap_phi_mux_sao_merge_up_flag_1_phi_fu_874_p6               |    9|          2|    1|          2|
    |ap_phi_mux_sao_type_idx_chroma_phi_fu_889_p4               |    9|          2|    2|          4|
    |ap_phi_mux_sao_type_idx_luma_phi_fu_900_p4                 |    9|          2|    2|          4|
    |ap_phi_mux_state_bstate_currIdx_0_phi_fu_812_p6            |    9|          2|   32|         64|
    |ap_phi_mux_state_bstate_held_aligned_word_0_phi_fu_837_p6  |    9|          2|    8|         16|
    |ap_phi_mux_state_bstate_n_bits_held_0_phi_fu_825_p6        |    9|          2|    8|         16|
    |ap_phi_mux_state_ivlOffset_0_phi_fu_848_p6                 |    9|          2|   32|         64|
    |ap_return_0                                                |    9|          2|    8|         16|
    |ap_return_1                                                |    9|          2|    8|         16|
    |ap_return_2                                                |    9|          2|    8|         16|
    |ap_return_3                                                |    9|          2|    8|         16|
    |ap_return_4                                                |    9|          2|    8|         16|
    |ap_return_5                                                |    9|          2|    8|         16|
    |ap_return_6                                                |    9|          2|    8|         16|
    |ap_return_7                                                |    9|          2|    8|         16|
    |ap_return_8                                                |    9|          2|    8|         16|
    |ap_sig_allocacmp_out_SaoTypeIdx33_0_load_1                 |    9|          2|    2|          4|
    |ap_sig_allocacmp_out_SaoTypeIdx34_0_load_1                 |    9|          2|    2|          4|
    |ap_sig_allocacmp_out_SaoTypeIdx_0_load_1                   |    9|          2|    2|          4|
    |ap_sig_allocacmp_state_bstate_currIdx_1_load81             |   14|          3|   32|         96|
    |ap_sig_allocacmp_state_bstate_held_aligned_word_1_load_2   |   14|          3|    8|         24|
    |ap_sig_allocacmp_state_bstate_n_bits_held_1_load_2         |   14|          3|    8|         24|
    |ap_sig_allocacmp_state_ivlOffset_1_load_2                  |   14|          3|   32|         96|
    |bStream_address0                                           |   37|          7|    3|         21|
    |bStream_ce0                                                |   37|          7|    1|          7|
    |baeState_0_constprop_o                                     |    9|          2|   32|         64|
    |baeState_0_constprop_o_ap_vld                              |    9|          2|    1|          2|
    |clIdx_fu_366                                               |    9|          2|    2|          4|
    |ctxTables_ce0                                              |    9|          2|    1|          2|
    |ctxTables_we0                                              |    9|          2|    1|          2|
    |grp_decode_decision_fu_1291_mode_offset                    |   14|          3|    1|          3|
    |grp_decode_decision_fu_1291_p_read                         |   14|          3|   32|         96|
    |grp_decode_decision_fu_1291_p_read1                        |   14|          3|   32|         96|
    |grp_decode_decision_fu_1291_p_read2                        |   14|          3|    8|         24|
    |grp_decode_decision_fu_1291_p_read3                        |   14|          3|    8|         24|
    |grp_load_fu_1476_p1                                        |   14|          3|    8|         24|
    |grp_load_fu_1479_p1                                        |   14|          3|    8|         24|
    |grp_load_fu_1482_p1                                        |   14|          3|    8|         24|
    |grp_load_fu_1485_p1                                        |   14|          3|   32|         96|
    |grp_load_fu_1489_p1                                        |   14|          3|    8|         24|
    |grp_load_fu_1493_p1                                        |   14|          3|    8|         24|
    |grp_load_fu_1497_p1                                        |   14|          3|   32|         96|
    |grp_parseSAOMergeFlag_fu_1235_p_read1                      |   14|          3|   32|         96|
    |grp_parseSAOMergeFlag_fu_1235_p_read3                      |   14|          3|    8|         24|
    |grp_parseSAOMergeFlag_fu_1235_state_1_read                 |   14|          3|   31|         93|
    |grp_parseSAOMergeFlag_fu_1235_state_2_1_read               |   14|          3|    8|         24|
    |grp_parseSAOMergeFlag_fu_1235_state_2_2_read               |   14|          3|    8|         24|
    |i_2_reg_947                                                |    9|          2|    3|          6|
    |out_SaoEOClass35_9_reg_1151                                |   14|          3|    8|         24|
    |out_SaoEOClass36_9_reg_1163                                |   14|          3|    8|         24|
    |out_SaoEOClass_9_reg_1187                                  |   14|          3|    8|         24|
    |out_SaoOffsetVal_address0                                  |   25|          5|    4|         20|
    |out_SaoOffsetVal_address1                                  |   14|          3|    4|         12|
    |out_SaoOffsetVal_ce0                                       |   25|          5|    1|          5|
    |out_SaoOffsetVal_ce1                                       |   14|          3|    1|          3|
    |out_SaoOffsetVal_d0                                        |   25|          5|   16|         80|
    |out_SaoOffsetVal_d1                                        |   14|          3|   16|         48|
    |out_SaoOffsetVal_we0                                       |   25|          5|    1|          5|
    |out_SaoOffsetVal_we1                                       |   14|          3|    1|          3|
    |out_SaoTypeIdx33_8_reg_1127                                |   14|          3|    8|         24|
    |out_SaoTypeIdx34_8_reg_1139                                |   14|          3|    8|         24|
    |out_SaoTypeIdx_8_reg_1115                                  |   14|          3|    8|         24|
    |out_sao_band_position37_9_reg_1199                         |   14|          3|    8|         24|
    |out_sao_band_position38_9_reg_1211                         |   14|          3|    8|         24|
    |out_sao_band_position_9_reg_1175                           |   14|          3|    8|         24|
    |sao_merge_left_flag_021_reg_856                            |   14|          3|    1|          3|
    |sao_merge_up_flag_1_reg_870                                |    9|          2|    1|          2|
    |sao_offset_abs_address0                                    |   25|          5|    4|         20|
    |sao_offset_abs_ce0                                         |   25|          5|    1|          5|
    |sao_offset_abs_d0                                          |   14|          3|    8|         24|
    |sao_offset_abs_we0                                         |   14|          3|    1|          3|
    |sao_offset_sign_address0                                   |   31|          6|    4|         24|
    |sao_offset_sign_address1                                   |   14|          3|    4|         12|
    |sao_offset_sign_ce0                                        |   25|          5|    1|          5|
    |sao_offset_sign_d0                                         |   25|          5|    1|          5|
    |sao_offset_sign_d1                                         |   14|          3|    1|          3|
    |sao_offset_sign_we0                                        |   20|          4|    1|          4|
    |sao_type_idx_chroma_reg_885                                |    9|          2|    2|          4|
    |sao_type_idx_luma_reg_896                                  |    9|          2|    2|          4|
    |state_bstate_currIdx_0_reg_808                             |   14|          3|   32|         96|
    |state_bstate_currIdx_13_reg_959                            |    9|          2|   32|         64|
    |state_bstate_currIdx_1_fu_418                              |   31|          6|   32|        192|
    |state_bstate_currIdx_5_reg_907                             |    9|          2|   32|         64|
    |state_bstate_held_aligned_word_0_reg_834                   |   14|          3|    8|         24|
    |state_bstate_held_aligned_word_13_reg_983                  |    9|          2|    8|         16|
    |state_bstate_held_aligned_word_1_fu_410                    |   31|          6|    8|         48|
    |state_bstate_held_aligned_word_5_reg_927                   |    9|          2|    8|         16|
    |state_bstate_n_bits_held_0_reg_821                         |   14|          3|    8|         24|
    |state_bstate_n_bits_held_13_reg_971                        |    9|          2|    8|         16|
    |state_bstate_n_bits_held_1_fu_414                          |   31|          6|    8|         48|
    |state_bstate_n_bits_held_5_reg_917                         |    9|          2|    8|         16|
    |state_ivlOffset_0_reg_845                                  |   14|          3|   32|         96|
    |state_ivlOffset_1_fu_406                                   |   31|          6|   32|        192|
    |state_ivlOffset_5_reg_937                                  |    9|          2|   32|         64|
    |state_ivlOffset_9_reg_995                                  |    9|          2|   32|         64|
    +-----------------------------------------------------------+-----+-----------+-----+-----------+
    |Total                                                      | 1543|        327| 1029|       3078|
    +-----------------------------------------------------------+-----+-----------+-----+-----------+

    * Register: 
    +------------------------------------------------------------+----+----+-----+-----------+
    |                            Name                            | FF | LUT| Bits| Const Bits|
    +------------------------------------------------------------+----+----+-----+-----------+
    |add_ln142_reg_2992                                          |   2|   0|    2|          0|
    |add_ln157_reg_3140                                          |   3|   0|    3|          0|
    |add_ln188_reg_3008                                          |   4|   0|    4|          0|
    |and_ln134_reg_2791                                          |   1|   0|    1|          0|
    |ap_CS_fsm                                                   |  35|   0|   35|          0|
    |ap_return_0_preg                                            |   8|   0|    8|          0|
    |ap_return_1_preg                                            |   8|   0|    8|          0|
    |ap_return_2_preg                                            |   8|   0|    8|          0|
    |ap_return_3_preg                                            |   8|   0|    8|          0|
    |ap_return_4_preg                                            |   8|   0|    8|          0|
    |ap_return_5_preg                                            |   8|   0|    8|          0|
    |ap_return_6_preg                                            |   8|   0|    8|          0|
    |ap_return_7_preg                                            |   8|   0|    8|          0|
    |ap_return_8_preg                                            |   8|   0|    8|          0|
    |baeState_0_constprop_load_reg_3096                          |  32|   0|   32|          0|
    |binVal_1_reg_3038                                           |   1|   0|    1|          0|
    |binVal_reg_3103                                             |   1|   0|    1|          0|
    |clIdx_1_reg_2940                                            |   2|   0|    2|          0|
    |clIdx_fu_366                                                |   2|   0|    2|          0|
    |grp_decode_decision_fu_1291_ap_start_reg                    |   1|   0|    1|          0|
    |grp_parseSAOEO_fu_1333_ap_start_reg                         |   1|   0|    1|          0|
    |grp_parseSAOMergeFlag_fu_1235_ap_start_reg                  |   1|   0|    1|          0|
    |grp_sao_top_Pipeline_1_fu_1223_ap_start_reg                 |   1|   0|    1|          0|
    |grp_sao_top_Pipeline_2_fu_1229_ap_start_reg                 |   1|   0|    1|          0|
    |grp_sao_top_Pipeline_VITIS_LOOP_162_3_fu_1349_ap_start_reg  |   1|   0|    1|          0|
    |grp_sao_top_Pipeline_VITIS_LOOP_189_4_fu_1393_ap_start_reg  |   1|   0|    1|          0|
    |grp_sao_top_Pipeline_VITIS_LOOP_201_5_fu_1252_ap_start_reg  |   1|   0|    1|          0|
    |grp_sao_top_Pipeline_VITIS_LOOP_213_6_fu_1403_ap_start_reg  |   1|   0|    1|          0|
    |grp_sao_top_Pipeline_VITIS_LOOP_54_1_fu_1314_ap_start_reg   |   1|   0|    1|          0|
    |grp_sao_top_Pipeline_VITIS_LOOP_96_1_fu_1374_ap_start_reg   |   1|   0|    1|          0|
    |i_2_reg_947                                                 |   3|   0|    3|          0|
    |icmp_ln156_reg_3092                                         |   1|   0|    1|          0|
    |icmp_ln161_reg_3145                                         |   1|   0|    1|          0|
    |or_ln143_reg_2997                                           |   1|   0|    1|          0|
    |out_SaoEOClass35_5_reg_1043                                 |   8|   0|    8|          0|
    |out_SaoEOClass35_9_reg_1151                                 |   8|   0|    8|          0|
    |out_SaoEOClass36_5_reg_1055                                 |   8|   0|    8|          0|
    |out_SaoEOClass36_9_reg_1163                                 |   8|   0|    8|          0|
    |out_SaoEOClass_5_reg_1079                                   |   8|   0|    8|          0|
    |out_SaoEOClass_9_reg_1187                                   |   8|   0|    8|          0|
    |out_SaoOffsetVal_addr_reg_3013                              |   4|   0|    4|          0|
    |out_SaoTypeIdx33_0_fu_398                                   |   2|   0|    8|          6|
    |out_SaoTypeIdx33_5_reg_1019                                 |   8|   0|    8|          0|
    |out_SaoTypeIdx33_8_reg_1127                                 |   8|   0|    8|          0|
    |out_SaoTypeIdx34_0_fu_394                                   |   2|   0|    8|          6|
    |out_SaoTypeIdx34_5_reg_1031                                 |   8|   0|    8|          0|
    |out_SaoTypeIdx34_8_reg_1139                                 |   8|   0|    8|          0|
    |out_SaoTypeIdx_0_fu_402                                     |   2|   0|    8|          6|
    |out_SaoTypeIdx_5_reg_1007                                   |   8|   0|    8|          0|
    |out_SaoTypeIdx_8_reg_1115                                   |   8|   0|    8|          0|
    |out_sao_band_position37_0_fu_386                            |   8|   0|    8|          0|
    |out_sao_band_position37_5_reg_1091                          |   8|   0|    8|          0|
    |out_sao_band_position37_9_reg_1199                          |   8|   0|    8|          0|
    |out_sao_band_position38_0_fu_382                            |   8|   0|    8|          0|
    |out_sao_band_position38_5_reg_1103                          |   8|   0|    8|          0|
    |out_sao_band_position38_9_reg_1211                          |   8|   0|    8|          0|
    |out_sao_band_position_0_fu_390                              |   8|   0|    8|          0|
    |out_sao_band_position_5_reg_1067                            |   8|   0|    8|          0|
    |out_sao_band_position_9_reg_1175                            |   8|   0|    8|          0|
    |p_loc6_fu_310                                               |  31|   0|   31|          0|
    |p_read410_cast_reg_2751                                     |   9|   0|   31|         22|
    |phitmp1_reg_3127                                            |   2|   0|    2|          0|
    |phitmp_reg_3062                                             |   2|   0|    2|          0|
    |reg_1541                                                    |  32|   0|   32|          0|
    |reg_1546                                                    |   8|   0|    8|          0|
    |reg_1551                                                    |   8|   0|    8|          0|
    |reg_1556                                                    |  32|   0|   32|          0|
    |reg_1561                                                    |   8|   0|    8|          0|
    |reg_1566                                                    |   8|   0|    8|          0|
    |reg_1571                                                    |  32|   0|   32|          0|
    |reg_1576                                                    |  32|   0|   32|          0|
    |ret_1_loc_fu_338                                            |  32|   0|   32|          0|
    |sao_eo_class_chroma_1_fu_378                                |   8|   0|    8|          0|
    |sao_eo_class_chroma_fu_374                                  |   8|   0|    8|          0|
    |sao_eo_class_luma_fu_370                                    |   8|   0|    8|          0|
    |sao_merge_left_flag_021_reg_856                             |   1|   0|    1|          0|
    |sao_merge_left_flag_reg_2785                                |   1|   0|    1|          0|
    |sao_merge_up_flag_1_reg_870                                 |   1|   0|    1|          0|
    |sao_merge_up_flag_reg_2815                                  |   1|   0|    1|          0|
    |sao_offset_sign_addr_1_reg_3023                             |   2|   0|    4|          2|
    |sao_offset_sign_addr_2_reg_3028                             |   2|   0|    4|          2|
    |sao_offset_sign_addr_3_reg_3033                             |   2|   0|    4|          2|
    |sao_offset_sign_addr_reg_3018                               |   2|   0|    4|          2|
    |sao_type_idx_chroma_reg_885                                 |   2|   0|    2|          0|
    |sao_type_idx_luma_reg_896                                   |   2|   0|    2|          0|
    |state_bstate_currIdx_0_reg_808                              |  32|   0|   32|          0|
    |state_bstate_currIdx_13_reg_959                             |  32|   0|   32|          0|
    |state_bstate_currIdx_1_fu_418                               |  32|   0|   32|          0|
    |state_bstate_currIdx_5_reg_907                              |  32|   0|   32|          0|
    |state_bstate_currIdx_ret1_reg_2756                          |  32|   0|   32|          0|
    |state_bstate_currIdx_ret2_reg_2795                          |  32|   0|   32|          0|
    |state_bstate_currIdx_ret6_reg_3117                          |  32|   0|   32|          0|
    |state_bstate_currIdx_ret7_reg_3052                          |  32|   0|   32|          0|
    |state_bstate_held_aligned_word_0_reg_834                    |   8|   0|    8|          0|
    |state_bstate_held_aligned_word_13_reg_983                   |   8|   0|    8|          0|
    |state_bstate_held_aligned_word_1_fu_410                     |   8|   0|    8|          0|
    |state_bstate_held_aligned_word_5_reg_927                    |   8|   0|    8|          0|
    |state_bstate_held_aligned_word_ret1_reg_2778                |   8|   0|    8|          0|
    |state_bstate_held_aligned_word_ret2_reg_2810                |   8|   0|    8|          0|
    |state_bstate_held_aligned_word_ret5_reg_3107                |   8|   0|    8|          0|
    |state_bstate_held_aligned_word_ret6_reg_3042                |   8|   0|    8|          0|
    |state_bstate_n_bits_held_0_reg_821                          |   8|   0|    8|          0|
    |state_bstate_n_bits_held_13_reg_971                         |   8|   0|    8|          0|
    |state_bstate_n_bits_held_1_fu_414                           |   8|   0|    8|          0|
    |state_bstate_n_bits_held_5_reg_917                          |   8|   0|    8|          0|
    |state_bstate_n_bits_held_ret1_reg_2772                      |   8|   0|    8|          0|
    |state_bstate_n_bits_held_ret2_reg_2805                      |   8|   0|    8|          0|
    |state_bstate_n_bits_held_ret5_reg_3112                      |   8|   0|    8|          0|
    |state_bstate_n_bits_held_ret7_reg_3047                      |   8|   0|    8|          0|
    |state_ivlOffset_0_reg_845                                   |  32|   0|   32|          0|
    |state_ivlOffset_1_fu_406                                    |  32|   0|   32|          0|
    |state_ivlOffset_5_reg_937                                   |  32|   0|   32|          0|
    |state_ivlOffset_9_reg_995                                   |  32|   0|   32|          0|
    |state_ivlOffset_ret1_reg_2762                               |  32|   0|   32|          0|
    |state_ivlOffset_ret2_reg_2800                               |  32|   0|   32|          0|
    |state_ivlOffset_ret6_reg_3122                               |  32|   0|   32|          0|
    |state_ivlOffset_ret7_reg_3057                               |  32|   0|   32|          0|
    |symbolVal_4_loc_fu_290                                      |   8|   0|    8|          0|
    |tmp_2_reg_3087                                              |   8|   0|    8|          0|
    |tmp_s_reg_3001                                              |   2|   0|    4|          2|
    |trunc_ln129_reg_2767                                        |  31|   0|   31|          0|
    |trunc_ln157_reg_3132                                        |  31|   0|   31|          0|
    +------------------------------------------------------------+----+----+-----+-----------+
    |Total                                                       |1346|   0| 1396|         50|
    +------------------------------------------------------------+----+----+-----+-----------+



================================================================
== Interface
================================================================
* Summary: 
+-------------------------------+-----+-----+------------+----------------------+--------------+
|           RTL Ports           | Dir | Bits|  Protocol  |     Source Object    |    C Type    |
+-------------------------------+-----+-----+------------+----------------------+--------------+
|ap_clk                         |   in|    1|  ap_ctrl_hs|               sao_top|  return value|
|ap_rst                         |   in|    1|  ap_ctrl_hs|               sao_top|  return value|
|ap_start                       |   in|    1|  ap_ctrl_hs|               sao_top|  return value|
|ap_done                        |  out|    1|  ap_ctrl_hs|               sao_top|  return value|
|ap_idle                        |  out|    1|  ap_ctrl_hs|               sao_top|  return value|
|ap_ready                       |  out|    1|  ap_ctrl_hs|               sao_top|  return value|
|ap_return_0                    |  out|    8|  ap_ctrl_hs|               sao_top|  return value|
|ap_return_1                    |  out|    8|  ap_ctrl_hs|               sao_top|  return value|
|ap_return_2                    |  out|    8|  ap_ctrl_hs|               sao_top|  return value|
|ap_return_3                    |  out|    8|  ap_ctrl_hs|               sao_top|  return value|
|ap_return_4                    |  out|    8|  ap_ctrl_hs|               sao_top|  return value|
|ap_return_5                    |  out|    8|  ap_ctrl_hs|               sao_top|  return value|
|ap_return_6                    |  out|    8|  ap_ctrl_hs|               sao_top|  return value|
|ap_return_7                    |  out|    8|  ap_ctrl_hs|               sao_top|  return value|
|ap_return_8                    |  out|    8|  ap_ctrl_hs|               sao_top|  return value|
|p_read                         |   in|    1|     ap_none|                p_read|        scalar|
|p_read1                        |   in|    1|     ap_none|               p_read1|        scalar|
|p_read2                        |   in|    8|     ap_none|               p_read2|        scalar|
|p_read3                        |   in|    8|     ap_none|               p_read3|        scalar|
|p_read4                        |   in|    8|     ap_none|               p_read4|        scalar|
|p_read5                        |   in|   16|     ap_none|               p_read5|        scalar|
|p_read6                        |   in|   16|     ap_none|               p_read6|        scalar|
|p_read7                        |   in|   16|     ap_none|               p_read7|        scalar|
|p_read8                        |   in|   16|     ap_none|               p_read8|        scalar|
|p_read9                        |   in|   16|     ap_none|               p_read9|        scalar|
|p_read10                       |   in|   16|     ap_none|              p_read10|        scalar|
|p_read11                       |   in|   16|     ap_none|              p_read11|        scalar|
|p_read12                       |   in|   16|     ap_none|              p_read12|        scalar|
|p_read13                       |   in|   16|     ap_none|              p_read13|        scalar|
|p_read14                       |   in|   16|     ap_none|              p_read14|        scalar|
|p_read15                       |   in|   16|     ap_none|              p_read15|        scalar|
|p_read16                       |   in|   16|     ap_none|              p_read16|        scalar|
|p_read17                       |   in|   16|     ap_none|              p_read17|        scalar|
|p_read18                       |   in|   16|     ap_none|              p_read18|        scalar|
|p_read19                       |   in|   16|     ap_none|              p_read19|        scalar|
|p_read20                       |   in|    8|     ap_none|              p_read20|        scalar|
|p_read21                       |   in|    8|     ap_none|              p_read21|        scalar|
|p_read22                       |   in|    8|     ap_none|              p_read22|        scalar|
|p_read23                       |   in|    8|     ap_none|              p_read23|        scalar|
|p_read24                       |   in|    8|     ap_none|              p_read24|        scalar|
|p_read25                       |   in|    8|     ap_none|              p_read25|        scalar|
|p_read226                      |   in|    1|     ap_none|             p_read226|        scalar|
|p_read27                       |   in|    8|     ap_none|              p_read27|        scalar|
|p_read28                       |   in|    8|     ap_none|              p_read28|        scalar|
|p_read29                       |   in|    8|     ap_none|              p_read29|        scalar|
|p_read30                       |   in|   16|     ap_none|              p_read30|        scalar|
|p_read31                       |   in|   16|     ap_none|              p_read31|        scalar|
|p_read32                       |   in|   16|     ap_none|              p_read32|        scalar|
|p_read33                       |   in|   16|     ap_none|              p_read33|        scalar|
|p_read34                       |   in|   16|     ap_none|              p_read34|        scalar|
|p_read35                       |   in|   16|     ap_none|              p_read35|        scalar|
|p_read36                       |   in|   16|     ap_none|              p_read36|        scalar|
|p_read37                       |   in|   16|     ap_none|              p_read37|        scalar|
|p_read38                       |   in|   16|     ap_none|              p_read38|        scalar|
|p_read39                       |   in|   16|     ap_none|              p_read39|        scalar|
|p_read40                       |   in|   16|     ap_none|              p_read40|        scalar|
|p_read41                       |   in|   16|     ap_none|              p_read41|        scalar|
|p_read42                       |   in|   16|     ap_none|              p_read42|        scalar|
|p_read43                       |   in|   16|     ap_none|              p_read43|        scalar|
|p_read44                       |   in|   16|     ap_none|              p_read44|        scalar|
|p_read45                       |   in|    8|     ap_none|              p_read45|        scalar|
|p_read46                       |   in|    8|     ap_none|              p_read46|        scalar|
|p_read47                       |   in|    8|     ap_none|              p_read47|        scalar|
|p_read48                       |   in|    8|     ap_none|              p_read48|        scalar|
|p_read49                       |   in|    8|     ap_none|              p_read49|        scalar|
|p_read50                       |   in|    8|     ap_none|              p_read50|        scalar|
|p_read351                      |   in|    1|     ap_none|             p_read351|        scalar|
|out_SaoOffsetVal_address0      |  out|    4|   ap_memory|      out_SaoOffsetVal|         array|
|out_SaoOffsetVal_ce0           |  out|    1|   ap_memory|      out_SaoOffsetVal|         array|
|out_SaoOffsetVal_we0           |  out|    1|   ap_memory|      out_SaoOffsetVal|         array|
|out_SaoOffsetVal_d0            |  out|   16|   ap_memory|      out_SaoOffsetVal|         array|
|out_SaoOffsetVal_address1      |  out|    4|   ap_memory|      out_SaoOffsetVal|         array|
|out_SaoOffsetVal_ce1           |  out|    1|   ap_memory|      out_SaoOffsetVal|         array|
|out_SaoOffsetVal_we1           |  out|    1|   ap_memory|      out_SaoOffsetVal|         array|
|out_SaoOffsetVal_d1            |  out|   16|   ap_memory|      out_SaoOffsetVal|         array|
|p_read410                      |   in|    9|     ap_none|             p_read410|        scalar|
|p_read612                      |   in|    8|     ap_none|             p_read612|        scalar|
|bStream_address0               |  out|    3|   ap_memory|               bStream|         array|
|bStream_ce0                    |  out|    1|   ap_memory|               bStream|         array|
|bStream_q0                     |   in|    8|   ap_memory|               bStream|         array|
|ctxTables_address0             |  out|    9|   ap_memory|             ctxTables|         array|
|ctxTables_ce0                  |  out|    1|   ap_memory|             ctxTables|         array|
|ctxTables_we0                  |  out|    1|   ap_memory|             ctxTables|         array|
|ctxTables_d0                   |  out|    8|   ap_memory|             ctxTables|         array|
|ctxTables_q0                   |   in|    8|   ap_memory|             ctxTables|         array|
|baeState_0_constprop_i         |   in|   32|     ap_ovld|  baeState_0_constprop|       pointer|
|baeState_0_constprop_o         |  out|   32|     ap_ovld|  baeState_0_constprop|       pointer|
|baeState_0_constprop_o_ap_vld  |  out|    1|     ap_ovld|  baeState_0_constprop|       pointer|
+-------------------------------+-----+-----+------------+----------------------+--------------+

