Vivado Simulator v2021.2
Copyright 1986-1999, 2001-2021 Xilinx, Inc. All Rights Reserved.
Running: /home/akhilkushe/Xilinx/Vivado/2021.2/bin/unwrapped/lnx64.o/xelab xil_defaultlib.apatb_cabac_top_top glbl -Oenable_linking_all_libraries -prj cabac_top.prj -L smartconnect_v1_0 -L axi_protocol_checker_v1_1_12 -L axi_protocol_checker_v1_1_13 -L axis_protocol_checker_v1_1_11 -L axis_protocol_checker_v1_1_12 -L xil_defaultlib -L unisims_ver -L xpm -L floating_point_v7_0_19 -L floating_point_v7_1_13 --lib ieee_proposed=./ieee_proposed -s cabac_top -debug wave 
Multi-threading is on. Using 6 slave threads.
WARNING: [XSIM 43-3431] One or more environment variables have been detected which affect the operation of the C compiler. These are typically not set in standard installations and are not tested by Xilinx, however they may be appropriate for your system, so the flow will attempt to continue.  If errors occur, try running xelab with the "-mt off -v 1" switches to see more information from the C compiler. The following environment variables have been detected:
INFO: [VRFC 10-2263] Analyzing SystemVerilog file "/home/akhilkushe/Desktop/Projects/final_year_project/hls_cabac/cabac_top/solution1/sim/verilog/glbl.v" into library work
INFO: [VRFC 10-311] analyzing module glbl
INFO: [VRFC 10-2263] Analyzing SystemVerilog file "/home/akhilkushe/Desktop/Projects/final_year_project/hls_cabac/cabac_top/solution1/sim/verilog/AESL_deadlock_idx0_monitor.v" into library xil_defaultlib
INFO: [VRFC 10-311] analyzing module AESL_deadlock_idx0_monitor
INFO: [VRFC 10-2263] Analyzing SystemVerilog file "/home/akhilkushe/Desktop/Projects/final_year_project/hls_cabac/cabac_top/solution1/sim/verilog/cabac_top_tempBst_RAM_AUTO_1R1W.v" into library xil_defaultlib
INFO: [VRFC 10-311] analyzing module cabac_top_tempBst_RAM_AUTO_1R1W
INFO: [VRFC 10-2263] Analyzing SystemVerilog file "/home/akhilkushe/Desktop/Projects/final_year_project/hls_cabac/cabac_top/solution1/sim/verilog/AESL_axi_s_bitStream.v" into library xil_defaultlib
INFO: [VRFC 10-311] analyzing module AESL_axi_s_bitStream
INFO: [VRFC 10-2263] Analyzing SystemVerilog file "/home/akhilkushe/Desktop/Projects/final_year_project/hls_cabac/cabac_top/solution1/sim/verilog/cabac_top_cabac_top_Pipeline_VITIS_LOOP_40_1_B_FRAME_INIT_VALS_ROM_AUTO_1R.v" into library xil_defaultlib
INFO: [VRFC 10-311] analyzing module cabac_top_cabac_top_Pipeline_VITIS_LOOP_40_1_B_FRAME_INIT_VALS_ROM_AUTO_1R
INFO: [VRFC 10-2263] Analyzing SystemVerilog file "/home/akhilkushe/Desktop/Projects/final_year_project/hls_cabac/cabac_top/solution1/sim/verilog/cabac_top_sao_top_Pipeline_VITIS_LOOP_162_3.v" into library xil_defaultlib
INFO: [VRFC 10-311] analyzing module cabac_top_sao_top_Pipeline_VITIS_LOOP_162_3
INFO: [VRFC 10-2263] Analyzing SystemVerilog file "/home/akhilkushe/Desktop/Projects/final_year_project/hls_cabac/cabac_top/solution1/sim/verilog/cabac_top_sao_top_Pipeline_VITIS_LOOP_201_5.v" into library xil_defaultlib
INFO: [VRFC 10-311] analyzing module cabac_top_sao_top_Pipeline_VITIS_LOOP_201_5
INFO: [VRFC 10-2263] Analyzing SystemVerilog file "/home/akhilkushe/Desktop/Projects/final_year_project/hls_cabac/cabac_top/solution1/sim/verilog/cabac_top_decode_decision.v" into library xil_defaultlib
INFO: [VRFC 10-311] analyzing module cabac_top_decode_decision
INFO: [VRFC 10-2263] Analyzing SystemVerilog file "/home/akhilkushe/Desktop/Projects/final_year_project/hls_cabac/cabac_top/solution1/sim/verilog/cabac_top_decode_regular_Pipeline_VITIS_LOOP_53_1.v" into library xil_defaultlib
INFO: [VRFC 10-311] analyzing module cabac_top_decode_regular_Pipeline_VITIS_LOOP_53_1
INFO: [VRFC 10-2263] Analyzing SystemVerilog file "/home/akhilkushe/Desktop/Projects/final_year_project/hls_cabac/cabac_top/solution1/sim/verilog/cabac_top_sao_top_Pipeline_VITIS_LOOP_189_4.v" into library xil_defaultlib
INFO: [VRFC 10-311] analyzing module cabac_top_sao_top_Pipeline_VITIS_LOOP_189_4
INFO: [VRFC 10-2263] Analyzing SystemVerilog file "/home/akhilkushe/Desktop/Projects/final_year_project/hls_cabac/cabac_top/solution1/sim/verilog/AESL_fifo.v" into library xil_defaultlib
INFO: [VRFC 10-311] analyzing module fifo
INFO: [VRFC 10-2263] Analyzing SystemVerilog file "/home/akhilkushe/Desktop/Projects/final_year_project/hls_cabac/cabac_top/solution1/sim/verilog/cabac_top_parseSAOEO.v" into library xil_defaultlib
INFO: [VRFC 10-311] analyzing module cabac_top_parseSAOEO
INFO: [VRFC 10-2263] Analyzing SystemVerilog file "/home/akhilkushe/Desktop/Projects/final_year_project/hls_cabac/cabac_top/solution1/sim/verilog/cabac_top_decode_regular_transLPS_ROM_AUTO_1R.v" into library xil_defaultlib
INFO: [VRFC 10-311] analyzing module cabac_top_decode_regular_transLPS_ROM_AUTO_1R
INFO: [VRFC 10-2263] Analyzing SystemVerilog file "/home/akhilkushe/Desktop/Projects/final_year_project/hls_cabac/cabac_top/solution1/sim/verilog/cabac_top_flow_control_loop_pipe_sequential_init.v" into library xil_defaultlib
INFO: [VRFC 10-311] analyzing module cabac_top_flow_control_loop_pipe_sequential_init
INFO: [VRFC 10-2263] Analyzing SystemVerilog file "/home/akhilkushe/Desktop/Projects/final_year_project/hls_cabac/cabac_top/solution1/sim/verilog/cabac_top.autotb.v" into library xil_defaultlib
INFO: [VRFC 10-311] analyzing module apatb_cabac_top_top
INFO: [VRFC 10-2263] Analyzing SystemVerilog file "/home/akhilkushe/Desktop/Projects/final_year_project/hls_cabac/cabac_top/solution1/sim/verilog/cabac_top_cabac_top_Pipeline_VITIS_LOOP_8_1.v" into library xil_defaultlib
INFO: [VRFC 10-311] analyzing module cabac_top_cabac_top_Pipeline_VITIS_LOOP_8_1
INFO: [VRFC 10-2263] Analyzing SystemVerilog file "/home/akhilkushe/Desktop/Projects/final_year_project/hls_cabac/cabac_top/solution1/sim/verilog/cabac_top_regslice_both.v" into library xil_defaultlib
INFO: [VRFC 10-311] analyzing module cabac_top_regslice_both
INFO: [VRFC 10-311] analyzing module cabac_top_regslice_both_w1
INFO: [VRFC 10-2263] Analyzing SystemVerilog file "/home/akhilkushe/Desktop/Projects/final_year_project/hls_cabac/cabac_top/solution1/sim/verilog/cabac_top.v" into library xil_defaultlib
INFO: [VRFC 10-311] analyzing module cabac_top
INFO: [VRFC 10-2263] Analyzing SystemVerilog file "/home/akhilkushe/Desktop/Projects/final_year_project/hls_cabac/cabac_top/solution1/sim/verilog/cabac_top_cabac_top_Pipeline_VITIS_LOOP_14_1.v" into library xil_defaultlib
INFO: [VRFC 10-311] analyzing module cabac_top_cabac_top_Pipeline_VITIS_LOOP_14_1
INFO: [VRFC 10-2263] Analyzing SystemVerilog file "/home/akhilkushe/Desktop/Projects/final_year_project/hls_cabac/cabac_top/solution1/sim/verilog/cabac_top_sao_top_sao_offset_abs_RAM_AUTO_1R1W.v" into library xil_defaultlib
INFO: [VRFC 10-311] analyzing module cabac_top_sao_top_sao_offset_abs_RAM_AUTO_1R1W
INFO: [VRFC 10-2263] Analyzing SystemVerilog file "/home/akhilkushe/Desktop/Projects/final_year_project/hls_cabac/cabac_top/solution1/sim/verilog/cabac_top_cabac_top_Pipeline_VITIS_LOOP_40_1_P_FRAME_INIT_VALS_ROM_AUTO_1R.v" into library xil_defaultlib
INFO: [VRFC 10-311] analyzing module cabac_top_cabac_top_Pipeline_VITIS_LOOP_40_1_P_FRAME_INIT_VALS_ROM_AUTO_1R
INFO: [VRFC 10-2263] Analyzing SystemVerilog file "/home/akhilkushe/Desktop/Projects/final_year_project/hls_cabac/cabac_top/solution1/sim/verilog/cabac_top_sao_top.v" into library xil_defaultlib
INFO: [VRFC 10-311] analyzing module cabac_top_sao_top
INFO: [VRFC 10-2263] Analyzing SystemVerilog file "/home/akhilkushe/Desktop/Projects/final_year_project/hls_cabac/cabac_top/solution1/sim/verilog/cabac_top_ctx_m_axi.v" into library xil_defaultlib
INFO: [VRFC 10-311] analyzing module cabac_top_ctx_m_axi
INFO: [VRFC 10-311] analyzing module cabac_top_ctx_m_axi_reg_slice
INFO: [VRFC 10-311] analyzing module cabac_top_ctx_m_axi_fifo
INFO: [VRFC 10-311] analyzing module cabac_top_ctx_m_axi_buffer
INFO: [VRFC 10-311] analyzing module cabac_top_ctx_m_axi_decoder
INFO: [VRFC 10-311] analyzing module cabac_top_ctx_m_axi_throttle
INFO: [VRFC 10-311] analyzing module cabac_top_ctx_m_axi_read
INFO: [VRFC 10-2458] undeclared symbol buf_data_nvalid, assumed default net type wire [/home/akhilkushe/Desktop/Projects/final_year_project/hls_cabac/cabac_top/solution1/sim/verilog/cabac_top_ctx_m_axi.v:1652]
INFO: [VRFC 10-311] analyzing module cabac_top_ctx_m_axi_write
INFO: [VRFC 10-2263] Analyzing SystemVerilog file "/home/akhilkushe/Desktop/Projects/final_year_project/hls_cabac/cabac_top/solution1/sim/verilog/cabac_top_parseSAOMergeFlag.v" into library xil_defaultlib
INFO: [VRFC 10-311] analyzing module cabac_top_parseSAOMergeFlag
INFO: [VRFC 10-2263] Analyzing SystemVerilog file "/home/akhilkushe/Desktop/Projects/final_year_project/hls_cabac/cabac_top/solution1/sim/verilog/cabac_top_mux_32_8_1_1.v" into library xil_defaultlib
INFO: [VRFC 10-311] analyzing module cabac_top_mux_32_8_1_1
INFO: [VRFC 10-2263] Analyzing SystemVerilog file "/home/akhilkushe/Desktop/Projects/final_year_project/hls_cabac/cabac_top/solution1/sim/verilog/cabac_top_ctxTables_RAM_AUTO_1R1W.v" into library xil_defaultlib
INFO: [VRFC 10-311] analyzing module cabac_top_ctxTables_RAM_AUTO_1R1W
INFO: [VRFC 10-2263] Analyzing SystemVerilog file "/home/akhilkushe/Desktop/Projects/final_year_project/hls_cabac/cabac_top/solution1/sim/verilog/cabac_top_decode_regular_lpsTable_ROM_AUTO_1R.v" into library xil_defaultlib
INFO: [VRFC 10-311] analyzing module cabac_top_decode_regular_lpsTable_ROM_AUTO_1R
INFO: [VRFC 10-2263] Analyzing SystemVerilog file "/home/akhilkushe/Desktop/Projects/final_year_project/hls_cabac/cabac_top/solution1/sim/verilog/cabac_top_cabac_top_Pipeline_VITIS_LOOP_40_1.v" into library xil_defaultlib
INFO: [VRFC 10-311] analyzing module cabac_top_cabac_top_Pipeline_VITIS_LOOP_40_1
INFO: [VRFC 10-2263] Analyzing SystemVerilog file "/home/akhilkushe/Desktop/Projects/final_year_project/hls_cabac/cabac_top/solution1/sim/verilog/cabac_top_mul_7s_6ns_13_1_1.v" into library xil_defaultlib
INFO: [VRFC 10-311] analyzing module cabac_top_mul_7s_6ns_13_1_1
INFO: [VRFC 10-2263] Analyzing SystemVerilog file "/home/akhilkushe/Desktop/Projects/final_year_project/hls_cabac/cabac_top/solution1/sim/verilog/cabac_top_sao_top_Pipeline_VITIS_LOOP_54_1.v" into library xil_defaultlib
INFO: [VRFC 10-311] analyzing module cabac_top_sao_top_Pipeline_VITIS_LOOP_54_1
INFO: [VRFC 10-2263] Analyzing SystemVerilog file "/home/akhilkushe/Desktop/Projects/final_year_project/hls_cabac/cabac_top/solution1/sim/verilog/cabac_top_control_s_axi.v" into library xil_defaultlib
INFO: [VRFC 10-311] analyzing module cabac_top_control_s_axi
INFO: [VRFC 10-2263] Analyzing SystemVerilog file "/home/akhilkushe/Desktop/Projects/final_year_project/hls_cabac/cabac_top/solution1/sim/verilog/cabac_top_mux_32_16_1_1.v" into library xil_defaultlib
INFO: [VRFC 10-311] analyzing module cabac_top_mux_32_16_1_1
INFO: [VRFC 10-2263] Analyzing SystemVerilog file "/home/akhilkushe/Desktop/Projects/final_year_project/hls_cabac/cabac_top/solution1/sim/verilog/AESL_axi_s_data_in_s.v" into library xil_defaultlib
INFO: [VRFC 10-311] analyzing module AESL_axi_s_data_in_s
INFO: [VRFC 10-2263] Analyzing SystemVerilog file "/home/akhilkushe/Desktop/Projects/final_year_project/hls_cabac/cabac_top/solution1/sim/verilog/cabac_top_decode_regular_transMPS_ROM_AUTO_1R.v" into library xil_defaultlib
INFO: [VRFC 10-311] analyzing module cabac_top_decode_regular_transMPS_ROM_AUTO_1R
INFO: [VRFC 10-2263] Analyzing SystemVerilog file "/home/akhilkushe/Desktop/Projects/final_year_project/hls_cabac/cabac_top/solution1/sim/verilog/cabac_top_sao_top_Pipeline_1.v" into library xil_defaultlib
INFO: [VRFC 10-311] analyzing module cabac_top_sao_top_Pipeline_1
INFO: [VRFC 10-2263] Analyzing SystemVerilog file "/home/akhilkushe/Desktop/Projects/final_year_project/hls_cabac/cabac_top/solution1/sim/verilog/cabac_top_sao_top_Pipeline_VITIS_LOOP_96_1.v" into library xil_defaultlib
INFO: [VRFC 10-311] analyzing module cabac_top_sao_top_Pipeline_VITIS_LOOP_96_1
INFO: [VRFC 10-2263] Analyzing SystemVerilog file "/home/akhilkushe/Desktop/Projects/final_year_project/hls_cabac/cabac_top/solution1/sim/verilog/cabac_top_data_out_1_RAM_AUTO_1R1W.v" into library xil_defaultlib
INFO: [VRFC 10-311] analyzing module cabac_top_data_out_1_RAM_AUTO_1R1W
INFO: [VRFC 10-2263] Analyzing SystemVerilog file "/home/akhilkushe/Desktop/Projects/final_year_project/hls_cabac/cabac_top/solution1/sim/verilog/cabac_top_fifo_w8_d512_A.v" into library xil_defaultlib
INFO: [VRFC 10-311] analyzing module cabac_top_fifo_w8_d512_A_ram
INFO: [VRFC 10-311] analyzing module cabac_top_fifo_w8_d512_A
INFO: [VRFC 10-2263] Analyzing SystemVerilog file "/home/akhilkushe/Desktop/Projects/final_year_project/hls_cabac/cabac_top/solution1/sim/verilog/cabac_top_sao_top_Pipeline_2.v" into library xil_defaultlib
INFO: [VRFC 10-311] analyzing module cabac_top_sao_top_Pipeline_2
INFO: [VRFC 10-2263] Analyzing SystemVerilog file "/home/akhilkushe/Desktop/Projects/final_year_project/hls_cabac/cabac_top/solution1/sim/verilog/cabac_top_cabac_top_Pipeline_VITIS_LOOP_40_1_I_FRAME_INIT_VALS_ROM_AUTO_1R.v" into library xil_defaultlib
INFO: [VRFC 10-311] analyzing module cabac_top_cabac_top_Pipeline_VITIS_LOOP_40_1_I_FRAME_INIT_VALS_ROM_AUTO_1R
INFO: [VRFC 10-2263] Analyzing SystemVerilog file "/home/akhilkushe/Desktop/Projects/final_year_project/hls_cabac/cabac_top/solution1/sim/verilog/cabac_top_sao_top_sao_offset_sign_RAM_AUTO_1R1W.v" into library xil_defaultlib
INFO: [VRFC 10-311] analyzing module cabac_top_sao_top_sao_offset_sign_RAM_AUTO_1R1W
INFO: [VRFC 10-2263] Analyzing SystemVerilog file "/home/akhilkushe/Desktop/Projects/final_year_project/hls_cabac/cabac_top/solution1/sim/verilog/AESL_axi_master_ctx.v" into library xil_defaultlib
INFO: [VRFC 10-311] analyzing module AESL_axi_master_ctx
INFO: [VRFC 10-2263] Analyzing SystemVerilog file "/home/akhilkushe/Desktop/Projects/final_year_project/hls_cabac/cabac_top/solution1/sim/verilog/cabac_top_cabac_top_Pipeline_VITIS_LOOP_45_1.v" into library xil_defaultlib
INFO: [VRFC 10-311] analyzing module cabac_top_cabac_top_Pipeline_VITIS_LOOP_45_1
INFO: [VRFC 10-2263] Analyzing SystemVerilog file "/home/akhilkushe/Desktop/Projects/final_year_project/hls_cabac/cabac_top/solution1/sim/verilog/cabac_top_cabac_top_Pipeline_VITIS_LOOP_29_1.v" into library xil_defaultlib
INFO: [VRFC 10-311] analyzing module cabac_top_cabac_top_Pipeline_VITIS_LOOP_29_1
INFO: [VRFC 10-2263] Analyzing SystemVerilog file "/home/akhilkushe/Desktop/Projects/final_year_project/hls_cabac/cabac_top/solution1/sim/verilog/cabac_top_sao_top_Pipeline_VITIS_LOOP_213_6.v" into library xil_defaultlib
INFO: [VRFC 10-311] analyzing module cabac_top_sao_top_Pipeline_VITIS_LOOP_213_6
INFO: [VRFC 10-2263] Analyzing SystemVerilog file "/home/akhilkushe/Desktop/Projects/final_year_project/hls_cabac/cabac_top/solution1/sim/verilog/AESL_axi_slave_control.v" into library xil_defaultlib
INFO: [VRFC 10-311] analyzing module AESL_axi_slave_control
INFO: [VRFC 10-2263] Analyzing SystemVerilog file "/home/akhilkushe/Desktop/Projects/final_year_project/hls_cabac/cabac_top/solution1/sim/verilog/cabac_top_decode_regular.v" into library xil_defaultlib
INFO: [VRFC 10-311] analyzing module cabac_top_decode_regular
INFO: [VRFC 10-2263] Analyzing SystemVerilog file "/home/akhilkushe/Desktop/Projects/final_year_project/hls_cabac/cabac_top/solution1/sim/verilog/AESL_axi_s_data_out_s.v" into library xil_defaultlib
INFO: [VRFC 10-311] analyzing module AESL_axi_s_data_out_s
INFO: [VRFC 10-2263] Analyzing SystemVerilog file "/home/akhilkushe/Desktop/Projects/final_year_project/hls_cabac/cabac_top/solution1/sim/verilog/AESL_deadlock_kernel_monitor_top.v" into library xil_defaultlib
INFO: [VRFC 10-311] analyzing module AESL_deadlock_kernel_monitor_top
WARNING: [VRFC 10-3824] variable 'block_delay' must explicitly be declared as automatic or static [/home/akhilkushe/Desktop/Projects/final_year_project/hls_cabac/cabac_top/solution1/sim/verilog/AESL_deadlock_kernel_monitor_top.v:31]
INFO: [VRFC 10-2263] Analyzing SystemVerilog file "/home/akhilkushe/Desktop/Projects/final_year_project/hls_cabac/cabac_top/solution1/sim/verilog/dataflow_monitor.sv" into library xil_defaultlib
INFO: [VRFC 10-311] analyzing module dataflow_monitor
Starting static elaboration
Pass Through NonSizing Optimizer
WARNING: [VRFC 10-3645] port 'axis_block_info' remains unconnected for this instance [/home/akhilkushe/Desktop/Projects/final_year_project/hls_cabac/cabac_top/solution1/sim/verilog/AESL_deadlock_kernel_monitor_top.v:21]
WARNING: [VRFC 10-3705] select index -1 into 'axis_block_sigs' is out of bounds [/home/akhilkushe/Desktop/Projects/final_year_project/hls_cabac/cabac_top/solution1/sim/verilog/AESL_deadlock_idx0_monitor.v:43]
Completed static elaboration
Starting simulation data flow analysis
Completed simulation data flow analysis
Time Resolution for simulation is 1ps
Compiling package xil_defaultlib.$unit_dataflow_monitor_sv
Compiling module xil_defaultlib.cabac_top_ctxTables_RAM_AUTO_1R1...
Compiling module xil_defaultlib.cabac_top_data_out_1_RAM_AUTO_1R...
Compiling module xil_defaultlib.cabac_top_tempBst_RAM_AUTO_1R1W
Compiling module xil_defaultlib.cabac_top_cabac_top_Pipeline_VIT...
Compiling module xil_defaultlib.cabac_top_cabac_top_Pipeline_VIT...
Compiling module xil_defaultlib.cabac_top_cabac_top_Pipeline_VIT...
Compiling module xil_defaultlib.cabac_top_mul_7s_6ns_13_1_1(NUM_...
Compiling module xil_defaultlib.cabac_top_flow_control_loop_pipe...
Compiling module xil_defaultlib.cabac_top_cabac_top_Pipeline_VIT...
Compiling module xil_defaultlib.cabac_top_cabac_top_Pipeline_VIT...
Compiling module xil_defaultlib.cabac_top_cabac_top_Pipeline_VIT...
Compiling module xil_defaultlib.cabac_top_cabac_top_Pipeline_VIT...
Compiling module xil_defaultlib.cabac_top_sao_top_sao_offset_abs...
Compiling module xil_defaultlib.cabac_top_sao_top_sao_offset_sig...
Compiling module xil_defaultlib.cabac_top_sao_top_Pipeline_1
Compiling module xil_defaultlib.cabac_top_sao_top_Pipeline_2
Compiling module xil_defaultlib.cabac_top_parseSAOMergeFlag
Compiling module xil_defaultlib.cabac_top_mux_32_8_1_1(ID=1,din0...
Compiling module xil_defaultlib.cabac_top_mux_32_16_1_1(ID=1,din...
Compiling module xil_defaultlib.cabac_top_sao_top_Pipeline_VITIS...
Compiling module xil_defaultlib.cabac_top_decode_regular_lpsTabl...
Compiling module xil_defaultlib.cabac_top_decode_regular_transMP...
Compiling module xil_defaultlib.cabac_top_decode_regular_transLP...
Compiling module xil_defaultlib.cabac_top_decode_regular_Pipelin...
Compiling module xil_defaultlib.cabac_top_decode_regular
Compiling module xil_defaultlib.cabac_top_decode_decision
Compiling module xil_defaultlib.cabac_top_sao_top_Pipeline_VITIS...
Compiling module xil_defaultlib.cabac_top_parseSAOEO
Compiling module xil_defaultlib.cabac_top_sao_top_Pipeline_VITIS...
Compiling module xil_defaultlib.cabac_top_sao_top_Pipeline_VITIS...
Compiling module xil_defaultlib.cabac_top_sao_top_Pipeline_VITIS...
Compiling module xil_defaultlib.cabac_top_sao_top_Pipeline_VITIS...
Compiling module xil_defaultlib.cabac_top_sao_top
Compiling module xil_defaultlib.cabac_top_cabac_top_Pipeline_VIT...
Compiling module xil_defaultlib.cabac_top_control_s_axi
Compiling module xil_defaultlib.cabac_top_ctx_m_axi_reg_slice(N=...
Compiling module xil_defaultlib.cabac_top_ctx_m_axi_fifo(DATA_BI...
Compiling module xil_defaultlib.cabac_top_ctx_m_axi_buffer(DATA_...
Compiling module xil_defaultlib.cabac_top_ctx_m_axi_fifo(DATA_BI...
Compiling module xil_defaultlib.cabac_top_ctx_m_axi_decoder(DIN_...
Compiling module xil_defaultlib.cabac_top_ctx_m_axi_fifo(DATA_BI...
Compiling module xil_defaultlib.cabac_top_ctx_m_axi_fifo(DATA_BI...
Compiling module xil_defaultlib.cabac_top_ctx_m_axi_write(NUM_WR...
Compiling module xil_defaultlib.cabac_top_ctx_m_axi_buffer(DATA_...
Compiling module xil_defaultlib.cabac_top_ctx_m_axi_reg_slice(N=...
Compiling module xil_defaultlib.cabac_top_ctx_m_axi_read(NUM_REA...
Compiling module xil_defaultlib.cabac_top_ctx_m_axi_throttle(ADD...
Compiling module xil_defaultlib.cabac_top_ctx_m_axi(NUM_READ_OUT...
Compiling module xil_defaultlib.cabac_top_fifo_w8_d512_A_ram
Compiling module xil_defaultlib.cabac_top_fifo_w8_d512_A
Compiling module xil_defaultlib.cabac_top_regslice_both(DataWidt...
Compiling module xil_defaultlib.cabac_top_regslice_both(DataWidt...
Compiling module xil_defaultlib.cabac_top_regslice_both(DataWidt...
Compiling module xil_defaultlib.cabac_top
Compiling module xil_defaultlib.fifo(DEPTH=7)
Compiling module xil_defaultlib.AESL_axi_s_bitStream
Compiling module xil_defaultlib.fifo(DEPTH=1,WIDTH=4096)
Compiling module xil_defaultlib.AESL_axi_s_data_in_s
Compiling module xil_defaultlib.fifo(DEPTH=1,WIDTH=336)
Compiling module xil_defaultlib.AESL_axi_s_data_out_s
Compiling module xil_defaultlib.AESL_axi_master_ctx
Compiling module xil_defaultlib.AESL_axi_slave_control
Compiling module xil_defaultlib.AESL_deadlock_idx0_monitor
Compiling module xil_defaultlib.AESL_deadlock_kernel_monitor_top...
Compiling module xil_defaultlib.nodf_module_intf
Compiling module xil_defaultlib.pp_loop_intf(FSM_WIDTH=72)
Compiling module xil_defaultlib.pp_loop_intf(FSM_WIDTH=70)
Compiling module xil_defaultlib.seq_loop_intf(FSM_WIDTH=35)
Compiling module xil_defaultlib.seq_loop_intf(FSM_WIDTH=4)
Compiling module xil_defaultlib.upc_loop_intf(FSM_WIDTH=1)
Compiling module xil_defaultlib.dataflow_monitor_1
Compiling module xil_defaultlib.apatb_cabac_top_top
Compiling module work.glbl
Built simulation snapshot cabac_top
