

================================================================
== Vitis HLS Report for 'cabac_top_Pipeline_VITIS_LOOP_13_1'
================================================================
* Date:           Thu Mar 30 10:45:18 2023

* Version:        2021.2 (Build 3367213 on Tue Oct 19 02:47:39 MDT 2021)
* Project:        cabac_top
* Solution:       solution2 (Vivado IP Flow Target)
* Product family: zynq
* Target device:  xc7z020-clg484-1


================================================================
== Performance Estimates
================================================================
+ Timing: 
    * Summary: 
    +--------+----------+----------+------------+
    |  Clock |  Target  | Estimated| Uncertainty|
    +--------+----------+----------+------------+
    |ap_clk  |  10.00 ns|  7.300 ns|     2.70 ns|
    +--------+----------+----------+------------+

+ Latency: 
    * Summary: 
    +---------+---------+----------+----------+-----+-----+---------+
    |  Latency (cycles) |  Latency (absolute) |  Interval | Pipeline|
    |   min   |   max   |    min   |    max   | min | max |   Type  |
    +---------+---------+----------+----------+-----+-----+---------+
    |       75|      582|  0.750 us|  5.820 us|   75|  582|       no|
    +---------+---------+----------+----------+-----+-----+---------+

    + Detail: 
        * Instance: 
        N/A

        * Loop: 
        +-------------------+---------+---------+----------+-----------+-----------+---------+----------+
        |                   |  Latency (cycles) | Iteration|  Initiation Interval  |   Trip  |          |
        |     Loop Name     |   min   |   max   |  Latency |  achieved |   target  |  Count  | Pipelined|
        +-------------------+---------+---------+----------+-----------+-----------+---------+----------+
        |- VITIS_LOOP_13_1  |        6|      513|         3|          1|          1|  5 ~ 512|       yes|
        +-------------------+---------+---------+----------+-----------+-----------+---------+----------+

============================================================
+ Verbose Summary: Synthesis Manager
============================================================
InlineROM: 1
ExposeGlobal: 0
============================================================
+ Verbose Summary: CDFG Model
============================================================
IsTopModel: 0
ResetActiveHigh: 1
IsCombinational: 0
IsDatapathOnly: 0
HasWiredReturn: 1
HasMFsm: 2
HasVarLatency: 1
IsPipeline: 0
IsRtlPipelined: 0
IsInstanceOverlapped: 0
IsDontTouch: 0
HasImplIP: 0
IsGatedGlobalClock: 0

+ Individual pipeline summary: 
  * Pipeline-0: initiation interval (II) = 1, depth = 3


============================================================
+ Verbose Summary: Schedule
============================================================
* Number of FSM states : 72
* Pipeline : 1
  Pipeline-0 : II = 1, D = 3, States = { 2 3 4 }
* Dataflow Pipeline: 0

* FSM state transitions: 
1 --> 2 
2 --> 5 3 
3 --> 4 
4 --> 2 
5 --> 6 
6 --> 7 
7 --> 8 
8 --> 9 
9 --> 10 
10 --> 11 
11 --> 12 
12 --> 13 
13 --> 14 
14 --> 15 
15 --> 16 
16 --> 17 
17 --> 18 
18 --> 19 
19 --> 20 
20 --> 21 
21 --> 22 
22 --> 23 
23 --> 24 
24 --> 25 
25 --> 26 
26 --> 27 
27 --> 28 
28 --> 29 
29 --> 30 
30 --> 31 
31 --> 32 
32 --> 33 
33 --> 34 
34 --> 35 
35 --> 36 
36 --> 37 
37 --> 38 
38 --> 39 
39 --> 40 
40 --> 41 
41 --> 42 
42 --> 43 
43 --> 44 
44 --> 45 
45 --> 46 
46 --> 47 
47 --> 48 
48 --> 49 
49 --> 50 
50 --> 51 
51 --> 52 
52 --> 53 
53 --> 54 
54 --> 55 
55 --> 56 
56 --> 57 
57 --> 58 
58 --> 59 
59 --> 60 
60 --> 61 
61 --> 62 
62 --> 63 
63 --> 64 
64 --> 65 
65 --> 66 
66 --> 67 
67 --> 68 
68 --> 69 
69 --> 70 
70 --> 71 
71 --> 72 
72 --> 

* FSM state operations: 

State 1 <SV = 0> <Delay = 7.30>
ST_1 : Operation 73 [1/1] (0.00ns)   --->   "%i = alloca i32 1"   --->   Operation 73 'alloca' 'i' <Predicate = true> <Delay = 0.00>
ST_1 : Operation 74 [1/1] (0.00ns)   --->   "%tmp = read i10 @_ssdm_op_Read.ap_auto.i10, i10 %empty"   --->   Operation 74 'read' 'tmp' <Predicate = true> <Delay = 0.00>
ST_1 : Operation 75 [1/1] (0.00ns)   --->   "%ctxWritten_read = read i10 @_ssdm_op_Read.ap_auto.i10, i10 %ctxWritten"   --->   Operation 75 'read' 'ctxWritten_read' <Predicate = true> <Delay = 0.00>
ST_1 : Operation 76 [1/1] (0.00ns)   --->   "%globalCtx_read = read i64 @_ssdm_op_Read.ap_auto.i64, i64 %globalCtx"   --->   Operation 76 'read' 'globalCtx_read' <Predicate = true> <Delay = 0.00>
ST_1 : Operation 77 [1/1] (0.00ns)   --->   "%p_cast = zext i10 %tmp"   --->   Operation 77 'zext' 'p_cast' <Predicate = true> <Delay = 0.00>
ST_1 : Operation 78 [1/1] (0.00ns)   --->   "%specinterface_ln0 = specinterface void @_ssdm_op_SpecInterface, i8 %ctx, void @empty_9, i32 0, i32 0, void @empty_0, i32 64, i32 0, void @empty_8, void @empty, void @empty_0, i32 16, i32 16, i32 16, i32 16, void @empty_0, void @empty_0"   --->   Operation 78 'specinterface' 'specinterface_ln0' <Predicate = true> <Delay = 0.00>
ST_1 : Operation 79 [1/1] (0.00ns)   --->   "%ctx_addr = getelementptr i8 %ctx, i64 %globalCtx_read" [src/top.cpp:14]   --->   Operation 79 'getelementptr' 'ctx_addr' <Predicate = true> <Delay = 0.00>
ST_1 : Operation 80 [1/1] (7.30ns)   --->   "%p_wr_req = writereq i1 @_ssdm_op_WriteReq.m_axi.i8P1A, i8 %ctx_addr, i32 %p_cast" [src/top.cpp:14]   --->   Operation 80 'writereq' 'p_wr_req' <Predicate = true> <Delay = 7.30> <CoreInst = "m_axi">   --->   Core 113 'm_axi' <Latency = 5> <II = 1> <Delay = 1.00> <Adapter> <Opcode : 'read' 'write' 'readreq' 'writereq' 'writeresp'>
ST_1 : Operation 81 [1/1] (1.58ns)   --->   "%store_ln0 = store i10 0, i10 %i"   --->   Operation 81 'store' 'store_ln0' <Predicate = true> <Delay = 1.58>
ST_1 : Operation 82 [1/1] (0.00ns)   --->   "%br_ln0 = br void"   --->   Operation 82 'br' 'br_ln0' <Predicate = true> <Delay = 0.00>

State 2 <SV = 1> <Delay = 3.35>
ST_2 : Operation 83 [1/1] (0.00ns)   --->   "%i_4 = load i10 %i" [src/top.cpp:13]   --->   Operation 83 'load' 'i_4' <Predicate = true> <Delay = 0.00>
ST_2 : Operation 84 [1/1] (0.00ns)   --->   "%specbitsmap_ln0 = specbitsmap void @_ssdm_op_SpecBitsMap, i8 %ctx"   --->   Operation 84 'specbitsmap' 'specbitsmap_ln0' <Predicate = true> <Delay = 0.00>
ST_2 : Operation 85 [1/1] (0.00ns)   --->   "%specpipeline_ln0 = specpipeline void @_ssdm_op_SpecPipeline, i32 4294967295, i32 0, i32 1, i32 0, void @p_str"   --->   Operation 85 'specpipeline' 'specpipeline_ln0' <Predicate = true> <Delay = 0.00>
ST_2 : Operation 86 [1/1] (1.77ns)   --->   "%icmp_ln13 = icmp_eq  i10 %i_4, i10 %ctxWritten_read" [src/top.cpp:13]   --->   Operation 86 'icmp' 'icmp_ln13' <Predicate = true> <Delay = 1.77> <CoreInst = "Cmp">   --->   Core 9 'Cmp' <Latency = 0> <II = 1> <Delay = 1.77> <FuncUnit> <Opcode : 'icmp'> <InPorts = 2> <OutPorts = 1>
ST_2 : Operation 87 [1/1] (0.00ns)   --->   "%empty_28 = speclooptripcount i32 @_ssdm_op_SpecLoopTripCount, i64 5, i64 512, i64 0"   --->   Operation 87 'speclooptripcount' 'empty_28' <Predicate = true> <Delay = 0.00>
ST_2 : Operation 88 [1/1] (1.73ns)   --->   "%add_ln13 = add i10 %i_4, i10 1" [src/top.cpp:13]   --->   Operation 88 'add' 'add_ln13' <Predicate = true> <Delay = 1.73> <CoreInst = "Adder">   --->   Core 1 'Adder' <Latency = 0> <II = 1> <Delay = 1.73> <FuncUnit> <Opcode : 'add' 'sub'> <InPorts = 2> <OutPorts = 1>
ST_2 : Operation 89 [1/1] (0.00ns)   --->   "%br_ln13 = br i1 %icmp_ln13, void %.split, void %_Z16store_global_ramPVhPhj.exit.exitStub" [src/top.cpp:13]   --->   Operation 89 'br' 'br_ln13' <Predicate = true> <Delay = 0.00>
ST_2 : Operation 90 [1/1] (0.00ns)   --->   "%i_4_cast = zext i10 %i_4" [src/top.cpp:13]   --->   Operation 90 'zext' 'i_4_cast' <Predicate = (!icmp_ln13)> <Delay = 0.00>
ST_2 : Operation 91 [1/1] (0.00ns)   --->   "%ctxTables_addr = getelementptr i8 %ctxTables, i64 0, i64 %i_4_cast" [src/top.cpp:14]   --->   Operation 91 'getelementptr' 'ctxTables_addr' <Predicate = (!icmp_ln13)> <Delay = 0.00>
ST_2 : Operation 92 [2/2] (3.25ns)   --->   "%ctxTables_load = load i9 %ctxTables_addr" [src/top.cpp:14]   --->   Operation 92 'load' 'ctxTables_load' <Predicate = (!icmp_ln13)> <Delay = 3.25> <CoreInst = "RAM">   --->   Core 82 'RAM' <Latency = 1> <II = 1> <Delay = 3.25> <Storage> <Opcode : 'load' 'store'> <Ports = 2> <Width = 8> <Depth = 512> <RAM>
ST_2 : Operation 93 [1/1] (1.58ns)   --->   "%store_ln13 = store i10 %add_ln13, i10 %i" [src/top.cpp:13]   --->   Operation 93 'store' 'store_ln13' <Predicate = (!icmp_ln13)> <Delay = 1.58>

State 3 <SV = 2> <Delay = 3.25>
ST_3 : Operation 94 [1/2] (3.25ns)   --->   "%ctxTables_load = load i9 %ctxTables_addr" [src/top.cpp:14]   --->   Operation 94 'load' 'ctxTables_load' <Predicate = true> <Delay = 3.25> <CoreInst = "RAM">   --->   Core 82 'RAM' <Latency = 1> <II = 1> <Delay = 3.25> <Storage> <Opcode : 'load' 'store'> <Ports = 2> <Width = 8> <Depth = 512> <RAM>

State 4 <SV = 3> <Delay = 7.30>
ST_4 : Operation 95 [1/1] (0.00ns)   --->   "%specloopname_ln13 = specloopname void @_ssdm_op_SpecLoopName, void @empty_4" [src/top.cpp:13]   --->   Operation 95 'specloopname' 'specloopname_ln13' <Predicate = true> <Delay = 0.00>
ST_4 : Operation 96 [1/1] (7.30ns)   --->   "%write_ln14 = write void @_ssdm_op_Write.m_axi.i8P1A, i8 %ctx_addr, i8 %ctxTables_load, i1 1" [src/top.cpp:14]   --->   Operation 96 'write' 'write_ln14' <Predicate = true> <Delay = 7.30> <CoreInst = "m_axi">   --->   Core 113 'm_axi' <Latency = 6> <II = 1> <Delay = 1.00> <Adapter> <Opcode : 'read' 'write' 'readreq' 'writereq' 'writeresp'>
ST_4 : Operation 97 [1/1] (0.00ns)   --->   "%br_ln0 = br void"   --->   Operation 97 'br' 'br_ln0' <Predicate = true> <Delay = 0.00>

State 5 <SV = 2> <Delay = 7.30>
ST_5 : Operation 98 [68/68] (7.30ns)   --->   "%p_wr_resp = writeresp i1 @_ssdm_op_WriteResp.m_axi.i8P1A, i8 %ctx_addr" [src/top.cpp:14]   --->   Operation 98 'writeresp' 'p_wr_resp' <Predicate = true> <Delay = 7.30> <CoreInst = "m_axi">   --->   Core 113 'm_axi' <Latency = 3> <II = 1> <Delay = 1.00> <Adapter> <Opcode : 'read' 'write' 'readreq' 'writereq' 'writeresp'>

State 6 <SV = 3> <Delay = 7.30>
ST_6 : Operation 99 [67/68] (7.30ns)   --->   "%p_wr_resp = writeresp i1 @_ssdm_op_WriteResp.m_axi.i8P1A, i8 %ctx_addr" [src/top.cpp:14]   --->   Operation 99 'writeresp' 'p_wr_resp' <Predicate = true> <Delay = 7.30> <CoreInst = "m_axi">   --->   Core 113 'm_axi' <Latency = 3> <II = 1> <Delay = 1.00> <Adapter> <Opcode : 'read' 'write' 'readreq' 'writereq' 'writeresp'>

State 7 <SV = 4> <Delay = 7.30>
ST_7 : Operation 100 [66/68] (7.30ns)   --->   "%p_wr_resp = writeresp i1 @_ssdm_op_WriteResp.m_axi.i8P1A, i8 %ctx_addr" [src/top.cpp:14]   --->   Operation 100 'writeresp' 'p_wr_resp' <Predicate = true> <Delay = 7.30> <CoreInst = "m_axi">   --->   Core 113 'm_axi' <Latency = 3> <II = 1> <Delay = 1.00> <Adapter> <Opcode : 'read' 'write' 'readreq' 'writereq' 'writeresp'>

State 8 <SV = 5> <Delay = 7.30>
ST_8 : Operation 101 [65/68] (7.30ns)   --->   "%p_wr_resp = writeresp i1 @_ssdm_op_WriteResp.m_axi.i8P1A, i8 %ctx_addr" [src/top.cpp:14]   --->   Operation 101 'writeresp' 'p_wr_resp' <Predicate = true> <Delay = 7.30> <CoreInst = "m_axi">   --->   Core 113 'm_axi' <Latency = 3> <II = 1> <Delay = 1.00> <Adapter> <Opcode : 'read' 'write' 'readreq' 'writereq' 'writeresp'>

State 9 <SV = 6> <Delay = 7.30>
ST_9 : Operation 102 [64/68] (7.30ns)   --->   "%p_wr_resp = writeresp i1 @_ssdm_op_WriteResp.m_axi.i8P1A, i8 %ctx_addr" [src/top.cpp:14]   --->   Operation 102 'writeresp' 'p_wr_resp' <Predicate = true> <Delay = 7.30> <CoreInst = "m_axi">   --->   Core 113 'm_axi' <Latency = 3> <II = 1> <Delay = 1.00> <Adapter> <Opcode : 'read' 'write' 'readreq' 'writereq' 'writeresp'>

State 10 <SV = 7> <Delay = 7.30>
ST_10 : Operation 103 [63/68] (7.30ns)   --->   "%p_wr_resp = writeresp i1 @_ssdm_op_WriteResp.m_axi.i8P1A, i8 %ctx_addr" [src/top.cpp:14]   --->   Operation 103 'writeresp' 'p_wr_resp' <Predicate = true> <Delay = 7.30> <CoreInst = "m_axi">   --->   Core 113 'm_axi' <Latency = 3> <II = 1> <Delay = 1.00> <Adapter> <Opcode : 'read' 'write' 'readreq' 'writereq' 'writeresp'>

State 11 <SV = 8> <Delay = 7.30>
ST_11 : Operation 104 [62/68] (7.30ns)   --->   "%p_wr_resp = writeresp i1 @_ssdm_op_WriteResp.m_axi.i8P1A, i8 %ctx_addr" [src/top.cpp:14]   --->   Operation 104 'writeresp' 'p_wr_resp' <Predicate = true> <Delay = 7.30> <CoreInst = "m_axi">   --->   Core 113 'm_axi' <Latency = 3> <II = 1> <Delay = 1.00> <Adapter> <Opcode : 'read' 'write' 'readreq' 'writereq' 'writeresp'>

State 12 <SV = 9> <Delay = 7.30>
ST_12 : Operation 105 [61/68] (7.30ns)   --->   "%p_wr_resp = writeresp i1 @_ssdm_op_WriteResp.m_axi.i8P1A, i8 %ctx_addr" [src/top.cpp:14]   --->   Operation 105 'writeresp' 'p_wr_resp' <Predicate = true> <Delay = 7.30> <CoreInst = "m_axi">   --->   Core 113 'm_axi' <Latency = 3> <II = 1> <Delay = 1.00> <Adapter> <Opcode : 'read' 'write' 'readreq' 'writereq' 'writeresp'>

State 13 <SV = 10> <Delay = 7.30>
ST_13 : Operation 106 [60/68] (7.30ns)   --->   "%p_wr_resp = writeresp i1 @_ssdm_op_WriteResp.m_axi.i8P1A, i8 %ctx_addr" [src/top.cpp:14]   --->   Operation 106 'writeresp' 'p_wr_resp' <Predicate = true> <Delay = 7.30> <CoreInst = "m_axi">   --->   Core 113 'm_axi' <Latency = 3> <II = 1> <Delay = 1.00> <Adapter> <Opcode : 'read' 'write' 'readreq' 'writereq' 'writeresp'>

State 14 <SV = 11> <Delay = 7.30>
ST_14 : Operation 107 [59/68] (7.30ns)   --->   "%p_wr_resp = writeresp i1 @_ssdm_op_WriteResp.m_axi.i8P1A, i8 %ctx_addr" [src/top.cpp:14]   --->   Operation 107 'writeresp' 'p_wr_resp' <Predicate = true> <Delay = 7.30> <CoreInst = "m_axi">   --->   Core 113 'm_axi' <Latency = 3> <II = 1> <Delay = 1.00> <Adapter> <Opcode : 'read' 'write' 'readreq' 'writereq' 'writeresp'>

State 15 <SV = 12> <Delay = 7.30>
ST_15 : Operation 108 [58/68] (7.30ns)   --->   "%p_wr_resp = writeresp i1 @_ssdm_op_WriteResp.m_axi.i8P1A, i8 %ctx_addr" [src/top.cpp:14]   --->   Operation 108 'writeresp' 'p_wr_resp' <Predicate = true> <Delay = 7.30> <CoreInst = "m_axi">   --->   Core 113 'm_axi' <Latency = 3> <II = 1> <Delay = 1.00> <Adapter> <Opcode : 'read' 'write' 'readreq' 'writereq' 'writeresp'>

State 16 <SV = 13> <Delay = 7.30>
ST_16 : Operation 109 [57/68] (7.30ns)   --->   "%p_wr_resp = writeresp i1 @_ssdm_op_WriteResp.m_axi.i8P1A, i8 %ctx_addr" [src/top.cpp:14]   --->   Operation 109 'writeresp' 'p_wr_resp' <Predicate = true> <Delay = 7.30> <CoreInst = "m_axi">   --->   Core 113 'm_axi' <Latency = 3> <II = 1> <Delay = 1.00> <Adapter> <Opcode : 'read' 'write' 'readreq' 'writereq' 'writeresp'>

State 17 <SV = 14> <Delay = 7.30>
ST_17 : Operation 110 [56/68] (7.30ns)   --->   "%p_wr_resp = writeresp i1 @_ssdm_op_WriteResp.m_axi.i8P1A, i8 %ctx_addr" [src/top.cpp:14]   --->   Operation 110 'writeresp' 'p_wr_resp' <Predicate = true> <Delay = 7.30> <CoreInst = "m_axi">   --->   Core 113 'm_axi' <Latency = 3> <II = 1> <Delay = 1.00> <Adapter> <Opcode : 'read' 'write' 'readreq' 'writereq' 'writeresp'>

State 18 <SV = 15> <Delay = 7.30>
ST_18 : Operation 111 [55/68] (7.30ns)   --->   "%p_wr_resp = writeresp i1 @_ssdm_op_WriteResp.m_axi.i8P1A, i8 %ctx_addr" [src/top.cpp:14]   --->   Operation 111 'writeresp' 'p_wr_resp' <Predicate = true> <Delay = 7.30> <CoreInst = "m_axi">   --->   Core 113 'm_axi' <Latency = 3> <II = 1> <Delay = 1.00> <Adapter> <Opcode : 'read' 'write' 'readreq' 'writereq' 'writeresp'>

State 19 <SV = 16> <Delay = 7.30>
ST_19 : Operation 112 [54/68] (7.30ns)   --->   "%p_wr_resp = writeresp i1 @_ssdm_op_WriteResp.m_axi.i8P1A, i8 %ctx_addr" [src/top.cpp:14]   --->   Operation 112 'writeresp' 'p_wr_resp' <Predicate = true> <Delay = 7.30> <CoreInst = "m_axi">   --->   Core 113 'm_axi' <Latency = 3> <II = 1> <Delay = 1.00> <Adapter> <Opcode : 'read' 'write' 'readreq' 'writereq' 'writeresp'>

State 20 <SV = 17> <Delay = 7.30>
ST_20 : Operation 113 [53/68] (7.30ns)   --->   "%p_wr_resp = writeresp i1 @_ssdm_op_WriteResp.m_axi.i8P1A, i8 %ctx_addr" [src/top.cpp:14]   --->   Operation 113 'writeresp' 'p_wr_resp' <Predicate = true> <Delay = 7.30> <CoreInst = "m_axi">   --->   Core 113 'm_axi' <Latency = 3> <II = 1> <Delay = 1.00> <Adapter> <Opcode : 'read' 'write' 'readreq' 'writereq' 'writeresp'>

State 21 <SV = 18> <Delay = 7.30>
ST_21 : Operation 114 [52/68] (7.30ns)   --->   "%p_wr_resp = writeresp i1 @_ssdm_op_WriteResp.m_axi.i8P1A, i8 %ctx_addr" [src/top.cpp:14]   --->   Operation 114 'writeresp' 'p_wr_resp' <Predicate = true> <Delay = 7.30> <CoreInst = "m_axi">   --->   Core 113 'm_axi' <Latency = 3> <II = 1> <Delay = 1.00> <Adapter> <Opcode : 'read' 'write' 'readreq' 'writereq' 'writeresp'>

State 22 <SV = 19> <Delay = 7.30>
ST_22 : Operation 115 [51/68] (7.30ns)   --->   "%p_wr_resp = writeresp i1 @_ssdm_op_WriteResp.m_axi.i8P1A, i8 %ctx_addr" [src/top.cpp:14]   --->   Operation 115 'writeresp' 'p_wr_resp' <Predicate = true> <Delay = 7.30> <CoreInst = "m_axi">   --->   Core 113 'm_axi' <Latency = 3> <II = 1> <Delay = 1.00> <Adapter> <Opcode : 'read' 'write' 'readreq' 'writereq' 'writeresp'>

State 23 <SV = 20> <Delay = 7.30>
ST_23 : Operation 116 [50/68] (7.30ns)   --->   "%p_wr_resp = writeresp i1 @_ssdm_op_WriteResp.m_axi.i8P1A, i8 %ctx_addr" [src/top.cpp:14]   --->   Operation 116 'writeresp' 'p_wr_resp' <Predicate = true> <Delay = 7.30> <CoreInst = "m_axi">   --->   Core 113 'm_axi' <Latency = 3> <II = 1> <Delay = 1.00> <Adapter> <Opcode : 'read' 'write' 'readreq' 'writereq' 'writeresp'>

State 24 <SV = 21> <Delay = 7.30>
ST_24 : Operation 117 [49/68] (7.30ns)   --->   "%p_wr_resp = writeresp i1 @_ssdm_op_WriteResp.m_axi.i8P1A, i8 %ctx_addr" [src/top.cpp:14]   --->   Operation 117 'writeresp' 'p_wr_resp' <Predicate = true> <Delay = 7.30> <CoreInst = "m_axi">   --->   Core 113 'm_axi' <Latency = 3> <II = 1> <Delay = 1.00> <Adapter> <Opcode : 'read' 'write' 'readreq' 'writereq' 'writeresp'>

State 25 <SV = 22> <Delay = 7.30>
ST_25 : Operation 118 [48/68] (7.30ns)   --->   "%p_wr_resp = writeresp i1 @_ssdm_op_WriteResp.m_axi.i8P1A, i8 %ctx_addr" [src/top.cpp:14]   --->   Operation 118 'writeresp' 'p_wr_resp' <Predicate = true> <Delay = 7.30> <CoreInst = "m_axi">   --->   Core 113 'm_axi' <Latency = 3> <II = 1> <Delay = 1.00> <Adapter> <Opcode : 'read' 'write' 'readreq' 'writereq' 'writeresp'>

State 26 <SV = 23> <Delay = 7.30>
ST_26 : Operation 119 [47/68] (7.30ns)   --->   "%p_wr_resp = writeresp i1 @_ssdm_op_WriteResp.m_axi.i8P1A, i8 %ctx_addr" [src/top.cpp:14]   --->   Operation 119 'writeresp' 'p_wr_resp' <Predicate = true> <Delay = 7.30> <CoreInst = "m_axi">   --->   Core 113 'm_axi' <Latency = 3> <II = 1> <Delay = 1.00> <Adapter> <Opcode : 'read' 'write' 'readreq' 'writereq' 'writeresp'>

State 27 <SV = 24> <Delay = 7.30>
ST_27 : Operation 120 [46/68] (7.30ns)   --->   "%p_wr_resp = writeresp i1 @_ssdm_op_WriteResp.m_axi.i8P1A, i8 %ctx_addr" [src/top.cpp:14]   --->   Operation 120 'writeresp' 'p_wr_resp' <Predicate = true> <Delay = 7.30> <CoreInst = "m_axi">   --->   Core 113 'm_axi' <Latency = 3> <II = 1> <Delay = 1.00> <Adapter> <Opcode : 'read' 'write' 'readreq' 'writereq' 'writeresp'>

State 28 <SV = 25> <Delay = 7.30>
ST_28 : Operation 121 [45/68] (7.30ns)   --->   "%p_wr_resp = writeresp i1 @_ssdm_op_WriteResp.m_axi.i8P1A, i8 %ctx_addr" [src/top.cpp:14]   --->   Operation 121 'writeresp' 'p_wr_resp' <Predicate = true> <Delay = 7.30> <CoreInst = "m_axi">   --->   Core 113 'm_axi' <Latency = 3> <II = 1> <Delay = 1.00> <Adapter> <Opcode : 'read' 'write' 'readreq' 'writereq' 'writeresp'>

State 29 <SV = 26> <Delay = 7.30>
ST_29 : Operation 122 [44/68] (7.30ns)   --->   "%p_wr_resp = writeresp i1 @_ssdm_op_WriteResp.m_axi.i8P1A, i8 %ctx_addr" [src/top.cpp:14]   --->   Operation 122 'writeresp' 'p_wr_resp' <Predicate = true> <Delay = 7.30> <CoreInst = "m_axi">   --->   Core 113 'm_axi' <Latency = 3> <II = 1> <Delay = 1.00> <Adapter> <Opcode : 'read' 'write' 'readreq' 'writereq' 'writeresp'>

State 30 <SV = 27> <Delay = 7.30>
ST_30 : Operation 123 [43/68] (7.30ns)   --->   "%p_wr_resp = writeresp i1 @_ssdm_op_WriteResp.m_axi.i8P1A, i8 %ctx_addr" [src/top.cpp:14]   --->   Operation 123 'writeresp' 'p_wr_resp' <Predicate = true> <Delay = 7.30> <CoreInst = "m_axi">   --->   Core 113 'm_axi' <Latency = 3> <II = 1> <Delay = 1.00> <Adapter> <Opcode : 'read' 'write' 'readreq' 'writereq' 'writeresp'>

State 31 <SV = 28> <Delay = 7.30>
ST_31 : Operation 124 [42/68] (7.30ns)   --->   "%p_wr_resp = writeresp i1 @_ssdm_op_WriteResp.m_axi.i8P1A, i8 %ctx_addr" [src/top.cpp:14]   --->   Operation 124 'writeresp' 'p_wr_resp' <Predicate = true> <Delay = 7.30> <CoreInst = "m_axi">   --->   Core 113 'm_axi' <Latency = 3> <II = 1> <Delay = 1.00> <Adapter> <Opcode : 'read' 'write' 'readreq' 'writereq' 'writeresp'>

State 32 <SV = 29> <Delay = 7.30>
ST_32 : Operation 125 [41/68] (7.30ns)   --->   "%p_wr_resp = writeresp i1 @_ssdm_op_WriteResp.m_axi.i8P1A, i8 %ctx_addr" [src/top.cpp:14]   --->   Operation 125 'writeresp' 'p_wr_resp' <Predicate = true> <Delay = 7.30> <CoreInst = "m_axi">   --->   Core 113 'm_axi' <Latency = 3> <II = 1> <Delay = 1.00> <Adapter> <Opcode : 'read' 'write' 'readreq' 'writereq' 'writeresp'>

State 33 <SV = 30> <Delay = 7.30>
ST_33 : Operation 126 [40/68] (7.30ns)   --->   "%p_wr_resp = writeresp i1 @_ssdm_op_WriteResp.m_axi.i8P1A, i8 %ctx_addr" [src/top.cpp:14]   --->   Operation 126 'writeresp' 'p_wr_resp' <Predicate = true> <Delay = 7.30> <CoreInst = "m_axi">   --->   Core 113 'm_axi' <Latency = 3> <II = 1> <Delay = 1.00> <Adapter> <Opcode : 'read' 'write' 'readreq' 'writereq' 'writeresp'>

State 34 <SV = 31> <Delay = 7.30>
ST_34 : Operation 127 [39/68] (7.30ns)   --->   "%p_wr_resp = writeresp i1 @_ssdm_op_WriteResp.m_axi.i8P1A, i8 %ctx_addr" [src/top.cpp:14]   --->   Operation 127 'writeresp' 'p_wr_resp' <Predicate = true> <Delay = 7.30> <CoreInst = "m_axi">   --->   Core 113 'm_axi' <Latency = 3> <II = 1> <Delay = 1.00> <Adapter> <Opcode : 'read' 'write' 'readreq' 'writereq' 'writeresp'>

State 35 <SV = 32> <Delay = 7.30>
ST_35 : Operation 128 [38/68] (7.30ns)   --->   "%p_wr_resp = writeresp i1 @_ssdm_op_WriteResp.m_axi.i8P1A, i8 %ctx_addr" [src/top.cpp:14]   --->   Operation 128 'writeresp' 'p_wr_resp' <Predicate = true> <Delay = 7.30> <CoreInst = "m_axi">   --->   Core 113 'm_axi' <Latency = 3> <II = 1> <Delay = 1.00> <Adapter> <Opcode : 'read' 'write' 'readreq' 'writereq' 'writeresp'>

State 36 <SV = 33> <Delay = 7.30>
ST_36 : Operation 129 [37/68] (7.30ns)   --->   "%p_wr_resp = writeresp i1 @_ssdm_op_WriteResp.m_axi.i8P1A, i8 %ctx_addr" [src/top.cpp:14]   --->   Operation 129 'writeresp' 'p_wr_resp' <Predicate = true> <Delay = 7.30> <CoreInst = "m_axi">   --->   Core 113 'm_axi' <Latency = 3> <II = 1> <Delay = 1.00> <Adapter> <Opcode : 'read' 'write' 'readreq' 'writereq' 'writeresp'>

State 37 <SV = 34> <Delay = 7.30>
ST_37 : Operation 130 [36/68] (7.30ns)   --->   "%p_wr_resp = writeresp i1 @_ssdm_op_WriteResp.m_axi.i8P1A, i8 %ctx_addr" [src/top.cpp:14]   --->   Operation 130 'writeresp' 'p_wr_resp' <Predicate = true> <Delay = 7.30> <CoreInst = "m_axi">   --->   Core 113 'm_axi' <Latency = 3> <II = 1> <Delay = 1.00> <Adapter> <Opcode : 'read' 'write' 'readreq' 'writereq' 'writeresp'>

State 38 <SV = 35> <Delay = 7.30>
ST_38 : Operation 131 [35/68] (7.30ns)   --->   "%p_wr_resp = writeresp i1 @_ssdm_op_WriteResp.m_axi.i8P1A, i8 %ctx_addr" [src/top.cpp:14]   --->   Operation 131 'writeresp' 'p_wr_resp' <Predicate = true> <Delay = 7.30> <CoreInst = "m_axi">   --->   Core 113 'm_axi' <Latency = 3> <II = 1> <Delay = 1.00> <Adapter> <Opcode : 'read' 'write' 'readreq' 'writereq' 'writeresp'>

State 39 <SV = 36> <Delay = 7.30>
ST_39 : Operation 132 [34/68] (7.30ns)   --->   "%p_wr_resp = writeresp i1 @_ssdm_op_WriteResp.m_axi.i8P1A, i8 %ctx_addr" [src/top.cpp:14]   --->   Operation 132 'writeresp' 'p_wr_resp' <Predicate = true> <Delay = 7.30> <CoreInst = "m_axi">   --->   Core 113 'm_axi' <Latency = 3> <II = 1> <Delay = 1.00> <Adapter> <Opcode : 'read' 'write' 'readreq' 'writereq' 'writeresp'>

State 40 <SV = 37> <Delay = 7.30>
ST_40 : Operation 133 [33/68] (7.30ns)   --->   "%p_wr_resp = writeresp i1 @_ssdm_op_WriteResp.m_axi.i8P1A, i8 %ctx_addr" [src/top.cpp:14]   --->   Operation 133 'writeresp' 'p_wr_resp' <Predicate = true> <Delay = 7.30> <CoreInst = "m_axi">   --->   Core 113 'm_axi' <Latency = 3> <II = 1> <Delay = 1.00> <Adapter> <Opcode : 'read' 'write' 'readreq' 'writereq' 'writeresp'>

State 41 <SV = 38> <Delay = 7.30>
ST_41 : Operation 134 [32/68] (7.30ns)   --->   "%p_wr_resp = writeresp i1 @_ssdm_op_WriteResp.m_axi.i8P1A, i8 %ctx_addr" [src/top.cpp:14]   --->   Operation 134 'writeresp' 'p_wr_resp' <Predicate = true> <Delay = 7.30> <CoreInst = "m_axi">   --->   Core 113 'm_axi' <Latency = 3> <II = 1> <Delay = 1.00> <Adapter> <Opcode : 'read' 'write' 'readreq' 'writereq' 'writeresp'>

State 42 <SV = 39> <Delay = 7.30>
ST_42 : Operation 135 [31/68] (7.30ns)   --->   "%p_wr_resp = writeresp i1 @_ssdm_op_WriteResp.m_axi.i8P1A, i8 %ctx_addr" [src/top.cpp:14]   --->   Operation 135 'writeresp' 'p_wr_resp' <Predicate = true> <Delay = 7.30> <CoreInst = "m_axi">   --->   Core 113 'm_axi' <Latency = 3> <II = 1> <Delay = 1.00> <Adapter> <Opcode : 'read' 'write' 'readreq' 'writereq' 'writeresp'>

State 43 <SV = 40> <Delay = 7.30>
ST_43 : Operation 136 [30/68] (7.30ns)   --->   "%p_wr_resp = writeresp i1 @_ssdm_op_WriteResp.m_axi.i8P1A, i8 %ctx_addr" [src/top.cpp:14]   --->   Operation 136 'writeresp' 'p_wr_resp' <Predicate = true> <Delay = 7.30> <CoreInst = "m_axi">   --->   Core 113 'm_axi' <Latency = 3> <II = 1> <Delay = 1.00> <Adapter> <Opcode : 'read' 'write' 'readreq' 'writereq' 'writeresp'>

State 44 <SV = 41> <Delay = 7.30>
ST_44 : Operation 137 [29/68] (7.30ns)   --->   "%p_wr_resp = writeresp i1 @_ssdm_op_WriteResp.m_axi.i8P1A, i8 %ctx_addr" [src/top.cpp:14]   --->   Operation 137 'writeresp' 'p_wr_resp' <Predicate = true> <Delay = 7.30> <CoreInst = "m_axi">   --->   Core 113 'm_axi' <Latency = 3> <II = 1> <Delay = 1.00> <Adapter> <Opcode : 'read' 'write' 'readreq' 'writereq' 'writeresp'>

State 45 <SV = 42> <Delay = 7.30>
ST_45 : Operation 138 [28/68] (7.30ns)   --->   "%p_wr_resp = writeresp i1 @_ssdm_op_WriteResp.m_axi.i8P1A, i8 %ctx_addr" [src/top.cpp:14]   --->   Operation 138 'writeresp' 'p_wr_resp' <Predicate = true> <Delay = 7.30> <CoreInst = "m_axi">   --->   Core 113 'm_axi' <Latency = 3> <II = 1> <Delay = 1.00> <Adapter> <Opcode : 'read' 'write' 'readreq' 'writereq' 'writeresp'>

State 46 <SV = 43> <Delay = 7.30>
ST_46 : Operation 139 [27/68] (7.30ns)   --->   "%p_wr_resp = writeresp i1 @_ssdm_op_WriteResp.m_axi.i8P1A, i8 %ctx_addr" [src/top.cpp:14]   --->   Operation 139 'writeresp' 'p_wr_resp' <Predicate = true> <Delay = 7.30> <CoreInst = "m_axi">   --->   Core 113 'm_axi' <Latency = 3> <II = 1> <Delay = 1.00> <Adapter> <Opcode : 'read' 'write' 'readreq' 'writereq' 'writeresp'>

State 47 <SV = 44> <Delay = 7.30>
ST_47 : Operation 140 [26/68] (7.30ns)   --->   "%p_wr_resp = writeresp i1 @_ssdm_op_WriteResp.m_axi.i8P1A, i8 %ctx_addr" [src/top.cpp:14]   --->   Operation 140 'writeresp' 'p_wr_resp' <Predicate = true> <Delay = 7.30> <CoreInst = "m_axi">   --->   Core 113 'm_axi' <Latency = 3> <II = 1> <Delay = 1.00> <Adapter> <Opcode : 'read' 'write' 'readreq' 'writereq' 'writeresp'>

State 48 <SV = 45> <Delay = 7.30>
ST_48 : Operation 141 [25/68] (7.30ns)   --->   "%p_wr_resp = writeresp i1 @_ssdm_op_WriteResp.m_axi.i8P1A, i8 %ctx_addr" [src/top.cpp:14]   --->   Operation 141 'writeresp' 'p_wr_resp' <Predicate = true> <Delay = 7.30> <CoreInst = "m_axi">   --->   Core 113 'm_axi' <Latency = 3> <II = 1> <Delay = 1.00> <Adapter> <Opcode : 'read' 'write' 'readreq' 'writereq' 'writeresp'>

State 49 <SV = 46> <Delay = 7.30>
ST_49 : Operation 142 [24/68] (7.30ns)   --->   "%p_wr_resp = writeresp i1 @_ssdm_op_WriteResp.m_axi.i8P1A, i8 %ctx_addr" [src/top.cpp:14]   --->   Operation 142 'writeresp' 'p_wr_resp' <Predicate = true> <Delay = 7.30> <CoreInst = "m_axi">   --->   Core 113 'm_axi' <Latency = 3> <II = 1> <Delay = 1.00> <Adapter> <Opcode : 'read' 'write' 'readreq' 'writereq' 'writeresp'>

State 50 <SV = 47> <Delay = 7.30>
ST_50 : Operation 143 [23/68] (7.30ns)   --->   "%p_wr_resp = writeresp i1 @_ssdm_op_WriteResp.m_axi.i8P1A, i8 %ctx_addr" [src/top.cpp:14]   --->   Operation 143 'writeresp' 'p_wr_resp' <Predicate = true> <Delay = 7.30> <CoreInst = "m_axi">   --->   Core 113 'm_axi' <Latency = 3> <II = 1> <Delay = 1.00> <Adapter> <Opcode : 'read' 'write' 'readreq' 'writereq' 'writeresp'>

State 51 <SV = 48> <Delay = 7.30>
ST_51 : Operation 144 [22/68] (7.30ns)   --->   "%p_wr_resp = writeresp i1 @_ssdm_op_WriteResp.m_axi.i8P1A, i8 %ctx_addr" [src/top.cpp:14]   --->   Operation 144 'writeresp' 'p_wr_resp' <Predicate = true> <Delay = 7.30> <CoreInst = "m_axi">   --->   Core 113 'm_axi' <Latency = 3> <II = 1> <Delay = 1.00> <Adapter> <Opcode : 'read' 'write' 'readreq' 'writereq' 'writeresp'>

State 52 <SV = 49> <Delay = 7.30>
ST_52 : Operation 145 [21/68] (7.30ns)   --->   "%p_wr_resp = writeresp i1 @_ssdm_op_WriteResp.m_axi.i8P1A, i8 %ctx_addr" [src/top.cpp:14]   --->   Operation 145 'writeresp' 'p_wr_resp' <Predicate = true> <Delay = 7.30> <CoreInst = "m_axi">   --->   Core 113 'm_axi' <Latency = 3> <II = 1> <Delay = 1.00> <Adapter> <Opcode : 'read' 'write' 'readreq' 'writereq' 'writeresp'>

State 53 <SV = 50> <Delay = 7.30>
ST_53 : Operation 146 [20/68] (7.30ns)   --->   "%p_wr_resp = writeresp i1 @_ssdm_op_WriteResp.m_axi.i8P1A, i8 %ctx_addr" [src/top.cpp:14]   --->   Operation 146 'writeresp' 'p_wr_resp' <Predicate = true> <Delay = 7.30> <CoreInst = "m_axi">   --->   Core 113 'm_axi' <Latency = 3> <II = 1> <Delay = 1.00> <Adapter> <Opcode : 'read' 'write' 'readreq' 'writereq' 'writeresp'>

State 54 <SV = 51> <Delay = 7.30>
ST_54 : Operation 147 [19/68] (7.30ns)   --->   "%p_wr_resp = writeresp i1 @_ssdm_op_WriteResp.m_axi.i8P1A, i8 %ctx_addr" [src/top.cpp:14]   --->   Operation 147 'writeresp' 'p_wr_resp' <Predicate = true> <Delay = 7.30> <CoreInst = "m_axi">   --->   Core 113 'm_axi' <Latency = 3> <II = 1> <Delay = 1.00> <Adapter> <Opcode : 'read' 'write' 'readreq' 'writereq' 'writeresp'>

State 55 <SV = 52> <Delay = 7.30>
ST_55 : Operation 148 [18/68] (7.30ns)   --->   "%p_wr_resp = writeresp i1 @_ssdm_op_WriteResp.m_axi.i8P1A, i8 %ctx_addr" [src/top.cpp:14]   --->   Operation 148 'writeresp' 'p_wr_resp' <Predicate = true> <Delay = 7.30> <CoreInst = "m_axi">   --->   Core 113 'm_axi' <Latency = 3> <II = 1> <Delay = 1.00> <Adapter> <Opcode : 'read' 'write' 'readreq' 'writereq' 'writeresp'>

State 56 <SV = 53> <Delay = 7.30>
ST_56 : Operation 149 [17/68] (7.30ns)   --->   "%p_wr_resp = writeresp i1 @_ssdm_op_WriteResp.m_axi.i8P1A, i8 %ctx_addr" [src/top.cpp:14]   --->   Operation 149 'writeresp' 'p_wr_resp' <Predicate = true> <Delay = 7.30> <CoreInst = "m_axi">   --->   Core 113 'm_axi' <Latency = 3> <II = 1> <Delay = 1.00> <Adapter> <Opcode : 'read' 'write' 'readreq' 'writereq' 'writeresp'>

State 57 <SV = 54> <Delay = 7.30>
ST_57 : Operation 150 [16/68] (7.30ns)   --->   "%p_wr_resp = writeresp i1 @_ssdm_op_WriteResp.m_axi.i8P1A, i8 %ctx_addr" [src/top.cpp:14]   --->   Operation 150 'writeresp' 'p_wr_resp' <Predicate = true> <Delay = 7.30> <CoreInst = "m_axi">   --->   Core 113 'm_axi' <Latency = 3> <II = 1> <Delay = 1.00> <Adapter> <Opcode : 'read' 'write' 'readreq' 'writereq' 'writeresp'>

State 58 <SV = 55> <Delay = 7.30>
ST_58 : Operation 151 [15/68] (7.30ns)   --->   "%p_wr_resp = writeresp i1 @_ssdm_op_WriteResp.m_axi.i8P1A, i8 %ctx_addr" [src/top.cpp:14]   --->   Operation 151 'writeresp' 'p_wr_resp' <Predicate = true> <Delay = 7.30> <CoreInst = "m_axi">   --->   Core 113 'm_axi' <Latency = 3> <II = 1> <Delay = 1.00> <Adapter> <Opcode : 'read' 'write' 'readreq' 'writereq' 'writeresp'>

State 59 <SV = 56> <Delay = 7.30>
ST_59 : Operation 152 [14/68] (7.30ns)   --->   "%p_wr_resp = writeresp i1 @_ssdm_op_WriteResp.m_axi.i8P1A, i8 %ctx_addr" [src/top.cpp:14]   --->   Operation 152 'writeresp' 'p_wr_resp' <Predicate = true> <Delay = 7.30> <CoreInst = "m_axi">   --->   Core 113 'm_axi' <Latency = 3> <II = 1> <Delay = 1.00> <Adapter> <Opcode : 'read' 'write' 'readreq' 'writereq' 'writeresp'>

State 60 <SV = 57> <Delay = 7.30>
ST_60 : Operation 153 [13/68] (7.30ns)   --->   "%p_wr_resp = writeresp i1 @_ssdm_op_WriteResp.m_axi.i8P1A, i8 %ctx_addr" [src/top.cpp:14]   --->   Operation 153 'writeresp' 'p_wr_resp' <Predicate = true> <Delay = 7.30> <CoreInst = "m_axi">   --->   Core 113 'm_axi' <Latency = 3> <II = 1> <Delay = 1.00> <Adapter> <Opcode : 'read' 'write' 'readreq' 'writereq' 'writeresp'>

State 61 <SV = 58> <Delay = 7.30>
ST_61 : Operation 154 [12/68] (7.30ns)   --->   "%p_wr_resp = writeresp i1 @_ssdm_op_WriteResp.m_axi.i8P1A, i8 %ctx_addr" [src/top.cpp:14]   --->   Operation 154 'writeresp' 'p_wr_resp' <Predicate = true> <Delay = 7.30> <CoreInst = "m_axi">   --->   Core 113 'm_axi' <Latency = 3> <II = 1> <Delay = 1.00> <Adapter> <Opcode : 'read' 'write' 'readreq' 'writereq' 'writeresp'>

State 62 <SV = 59> <Delay = 7.30>
ST_62 : Operation 155 [11/68] (7.30ns)   --->   "%p_wr_resp = writeresp i1 @_ssdm_op_WriteResp.m_axi.i8P1A, i8 %ctx_addr" [src/top.cpp:14]   --->   Operation 155 'writeresp' 'p_wr_resp' <Predicate = true> <Delay = 7.30> <CoreInst = "m_axi">   --->   Core 113 'm_axi' <Latency = 3> <II = 1> <Delay = 1.00> <Adapter> <Opcode : 'read' 'write' 'readreq' 'writereq' 'writeresp'>

State 63 <SV = 60> <Delay = 7.30>
ST_63 : Operation 156 [10/68] (7.30ns)   --->   "%p_wr_resp = writeresp i1 @_ssdm_op_WriteResp.m_axi.i8P1A, i8 %ctx_addr" [src/top.cpp:14]   --->   Operation 156 'writeresp' 'p_wr_resp' <Predicate = true> <Delay = 7.30> <CoreInst = "m_axi">   --->   Core 113 'm_axi' <Latency = 3> <II = 1> <Delay = 1.00> <Adapter> <Opcode : 'read' 'write' 'readreq' 'writereq' 'writeresp'>

State 64 <SV = 61> <Delay = 7.30>
ST_64 : Operation 157 [9/68] (7.30ns)   --->   "%p_wr_resp = writeresp i1 @_ssdm_op_WriteResp.m_axi.i8P1A, i8 %ctx_addr" [src/top.cpp:14]   --->   Operation 157 'writeresp' 'p_wr_resp' <Predicate = true> <Delay = 7.30> <CoreInst = "m_axi">   --->   Core 113 'm_axi' <Latency = 3> <II = 1> <Delay = 1.00> <Adapter> <Opcode : 'read' 'write' 'readreq' 'writereq' 'writeresp'>

State 65 <SV = 62> <Delay = 7.30>
ST_65 : Operation 158 [8/68] (7.30ns)   --->   "%p_wr_resp = writeresp i1 @_ssdm_op_WriteResp.m_axi.i8P1A, i8 %ctx_addr" [src/top.cpp:14]   --->   Operation 158 'writeresp' 'p_wr_resp' <Predicate = true> <Delay = 7.30> <CoreInst = "m_axi">   --->   Core 113 'm_axi' <Latency = 3> <II = 1> <Delay = 1.00> <Adapter> <Opcode : 'read' 'write' 'readreq' 'writereq' 'writeresp'>

State 66 <SV = 63> <Delay = 7.30>
ST_66 : Operation 159 [7/68] (7.30ns)   --->   "%p_wr_resp = writeresp i1 @_ssdm_op_WriteResp.m_axi.i8P1A, i8 %ctx_addr" [src/top.cpp:14]   --->   Operation 159 'writeresp' 'p_wr_resp' <Predicate = true> <Delay = 7.30> <CoreInst = "m_axi">   --->   Core 113 'm_axi' <Latency = 3> <II = 1> <Delay = 1.00> <Adapter> <Opcode : 'read' 'write' 'readreq' 'writereq' 'writeresp'>

State 67 <SV = 64> <Delay = 7.30>
ST_67 : Operation 160 [6/68] (7.30ns)   --->   "%p_wr_resp = writeresp i1 @_ssdm_op_WriteResp.m_axi.i8P1A, i8 %ctx_addr" [src/top.cpp:14]   --->   Operation 160 'writeresp' 'p_wr_resp' <Predicate = true> <Delay = 7.30> <CoreInst = "m_axi">   --->   Core 113 'm_axi' <Latency = 3> <II = 1> <Delay = 1.00> <Adapter> <Opcode : 'read' 'write' 'readreq' 'writereq' 'writeresp'>

State 68 <SV = 65> <Delay = 7.30>
ST_68 : Operation 161 [5/68] (7.30ns)   --->   "%p_wr_resp = writeresp i1 @_ssdm_op_WriteResp.m_axi.i8P1A, i8 %ctx_addr" [src/top.cpp:14]   --->   Operation 161 'writeresp' 'p_wr_resp' <Predicate = true> <Delay = 7.30> <CoreInst = "m_axi">   --->   Core 113 'm_axi' <Latency = 3> <II = 1> <Delay = 1.00> <Adapter> <Opcode : 'read' 'write' 'readreq' 'writereq' 'writeresp'>

State 69 <SV = 66> <Delay = 7.30>
ST_69 : Operation 162 [4/68] (7.30ns)   --->   "%p_wr_resp = writeresp i1 @_ssdm_op_WriteResp.m_axi.i8P1A, i8 %ctx_addr" [src/top.cpp:14]   --->   Operation 162 'writeresp' 'p_wr_resp' <Predicate = true> <Delay = 7.30> <CoreInst = "m_axi">   --->   Core 113 'm_axi' <Latency = 3> <II = 1> <Delay = 1.00> <Adapter> <Opcode : 'read' 'write' 'readreq' 'writereq' 'writeresp'>

State 70 <SV = 67> <Delay = 7.30>
ST_70 : Operation 163 [3/68] (7.30ns)   --->   "%p_wr_resp = writeresp i1 @_ssdm_op_WriteResp.m_axi.i8P1A, i8 %ctx_addr" [src/top.cpp:14]   --->   Operation 163 'writeresp' 'p_wr_resp' <Predicate = true> <Delay = 7.30> <CoreInst = "m_axi">   --->   Core 113 'm_axi' <Latency = 3> <II = 1> <Delay = 1.00> <Adapter> <Opcode : 'read' 'write' 'readreq' 'writereq' 'writeresp'>

State 71 <SV = 68> <Delay = 7.30>
ST_71 : Operation 164 [2/68] (7.30ns)   --->   "%p_wr_resp = writeresp i1 @_ssdm_op_WriteResp.m_axi.i8P1A, i8 %ctx_addr" [src/top.cpp:14]   --->   Operation 164 'writeresp' 'p_wr_resp' <Predicate = true> <Delay = 7.30> <CoreInst = "m_axi">   --->   Core 113 'm_axi' <Latency = 3> <II = 1> <Delay = 1.00> <Adapter> <Opcode : 'read' 'write' 'readreq' 'writereq' 'writeresp'>

State 72 <SV = 69> <Delay = 7.30>
ST_72 : Operation 165 [1/68] (7.30ns)   --->   "%p_wr_resp = writeresp i1 @_ssdm_op_WriteResp.m_axi.i8P1A, i8 %ctx_addr" [src/top.cpp:14]   --->   Operation 165 'writeresp' 'p_wr_resp' <Predicate = true> <Delay = 7.30> <CoreInst = "m_axi">   --->   Core 113 'm_axi' <Latency = 3> <II = 1> <Delay = 1.00> <Adapter> <Opcode : 'read' 'write' 'readreq' 'writereq' 'writeresp'>
ST_72 : Operation 166 [1/1] (0.00ns)   --->   "%ret_ln0 = ret"   --->   Operation 166 'ret' 'ret_ln0' <Predicate = true> <Delay = 0.00>


============================================================
+ Verbose Summary: Binding
============================================================
STG Binding: 
---------------- STG Properties BEGIN ----------------
- Is combinational: 0
- Is one-state seq: 0
- Is datapath-only: 0
- Is pipelined: 0
- Is top level: 0
Port [ Return ] is wired: 1; IO mode=ap_ctrl_hs:ce=0
Port [ ctx]:  wired=1; compound=1; hidden=0; nouse=0; global=0; static=0; extern=0; dir=1; type=4; pingpong=0; private_global=0; IO mode=m_axi:ce=0
Port [ globalCtx]:  wired=1; compound=0; hidden=0; nouse=0; global=0; static=0; extern=0; dir=0; type=0; pingpong=0; private_global=0; IO mode=ap_none:ce=0
Port [ ctxWritten]:  wired=1; compound=0; hidden=0; nouse=0; global=0; static=0; extern=0; dir=0; type=0; pingpong=0; private_global=0; IO mode=ap_none:ce=0
Port [ ctxTables]:  wired=1; compound=1; hidden=0; nouse=0; global=0; static=0; extern=0; dir=0; type=1; pingpong=0; private_global=0; MemPort=[13]; IO mode=ap_memory:ce=0
Port [ empty]:  wired=1; compound=0; hidden=0; nouse=0; global=0; static=0; extern=0; dir=0; type=0; pingpong=0; private_global=0; IO mode=ap_none:ce=0
---------------- STG Properties END ------------------

---------------- Datapath Model BEGIN ----------------

<LifeTime>
<method=bitvector/>
i                 (alloca           ) [ 0111100000000000000000000000000000000000000000000000000000000000000000000]
tmp               (read             ) [ 0000000000000000000000000000000000000000000000000000000000000000000000000]
ctxWritten_read   (read             ) [ 0011100000000000000000000000000000000000000000000000000000000000000000000]
globalCtx_read    (read             ) [ 0000000000000000000000000000000000000000000000000000000000000000000000000]
p_cast            (zext             ) [ 0000000000000000000000000000000000000000000000000000000000000000000000000]
specinterface_ln0 (specinterface    ) [ 0000000000000000000000000000000000000000000000000000000000000000000000000]
ctx_addr          (getelementptr    ) [ 0011111111111111111111111111111111111111111111111111111111111111111111111]
p_wr_req          (writereq         ) [ 0000000000000000000000000000000000000000000000000000000000000000000000000]
store_ln0         (store            ) [ 0000000000000000000000000000000000000000000000000000000000000000000000000]
br_ln0            (br               ) [ 0000000000000000000000000000000000000000000000000000000000000000000000000]
i_4               (load             ) [ 0000000000000000000000000000000000000000000000000000000000000000000000000]
specbitsmap_ln0   (specbitsmap      ) [ 0000000000000000000000000000000000000000000000000000000000000000000000000]
specpipeline_ln0  (specpipeline     ) [ 0000000000000000000000000000000000000000000000000000000000000000000000000]
icmp_ln13         (icmp             ) [ 0011100000000000000000000000000000000000000000000000000000000000000000000]
empty_28          (speclooptripcount) [ 0000000000000000000000000000000000000000000000000000000000000000000000000]
add_ln13          (add              ) [ 0000000000000000000000000000000000000000000000000000000000000000000000000]
br_ln13           (br               ) [ 0000000000000000000000000000000000000000000000000000000000000000000000000]
i_4_cast          (zext             ) [ 0000000000000000000000000000000000000000000000000000000000000000000000000]
ctxTables_addr    (getelementptr    ) [ 0011000000000000000000000000000000000000000000000000000000000000000000000]
store_ln13        (store            ) [ 0000000000000000000000000000000000000000000000000000000000000000000000000]
ctxTables_load    (load             ) [ 0010100000000000000000000000000000000000000000000000000000000000000000000]
specloopname_ln13 (specloopname     ) [ 0000000000000000000000000000000000000000000000000000000000000000000000000]
write_ln14        (write            ) [ 0000000000000000000000000000000000000000000000000000000000000000000000000]
br_ln0            (br               ) [ 0000000000000000000000000000000000000000000000000000000000000000000000000]
p_wr_resp         (writeresp        ) [ 0000000000000000000000000000000000000000000000000000000000000000000000000]
ret_ln0           (ret              ) [ 0000000000000000000000000000000000000000000000000000000000000000000000000]
</LifeTime>

<model>

<comp_list>
<comp id="0" class="1000" name="ctx">
<pin_list>
<pin id="1" dir="1" index="0" bw="1" slack="0"/>
</pin_list>
<bind>
<StgValue><ssdm name="ctx"/></StgValue>
</bind>
</comp>

<comp id="2" class="1000" name="globalCtx">
<pin_list>
<pin id="3" dir="1" index="0" bw="1" slack="0"/>
</pin_list>
<bind>
<StgValue><ssdm name="globalCtx"/></StgValue>
</bind>
</comp>

<comp id="4" class="1000" name="ctxWritten">
<pin_list>
<pin id="5" dir="1" index="0" bw="1" slack="0"/>
</pin_list>
<bind>
<StgValue><ssdm name="ctxWritten"/></StgValue>
</bind>
</comp>

<comp id="6" class="1000" name="ctxTables">
<pin_list>
<pin id="7" dir="1" index="0" bw="1" slack="0"/>
</pin_list>
<bind>
<StgValue><ssdm name="ctxTables"/><MemPortTyVec>1 3 </MemPortTyVec>
</StgValue>
</bind>
</comp>

<comp id="8" class="1000" name="empty">
<pin_list>
<pin id="9" dir="1" index="0" bw="1" slack="0"/>
</pin_list>
<bind>
<StgValue><ssdm name="empty"/></StgValue>
</bind>
</comp>

<comp id="10" class="1001" name="const_10">
<pin_list>
<pin id="11" dir="1" index="0" bw="1" slack="0"/>
</pin_list>
<bind>
<StgValue><ssdm name=""/></StgValue>
</bind>
</comp>

<comp id="12" class="1001" name="const_12">
<pin_list>
<pin id="13" dir="1" index="0" bw="1" slack="0"/>
</pin_list>
<bind>
<StgValue><ssdm name="_ssdm_op_Read.ap_auto.i10"/></StgValue>
</bind>
</comp>

<comp id="14" class="1001" name="const_14">
<pin_list>
<pin id="15" dir="1" index="0" bw="1" slack="0"/>
</pin_list>
<bind>
<StgValue><ssdm name="_ssdm_op_Read.ap_auto.i64"/></StgValue>
</bind>
</comp>

<comp id="16" class="1001" name="const_16">
<pin_list>
<pin id="17" dir="1" index="0" bw="1" slack="2147483647"/>
</pin_list>
<bind>
<StgValue><ssdm name="_ssdm_op_SpecInterface"/></StgValue>
</bind>
</comp>

<comp id="18" class="1001" name="const_18">
<pin_list>
<pin id="19" dir="1" index="0" bw="1" slack="2147483647"/>
</pin_list>
<bind>
<StgValue><ssdm name="empty_9"/></StgValue>
</bind>
</comp>

<comp id="20" class="1001" name="const_20">
<pin_list>
<pin id="21" dir="1" index="0" bw="1" slack="2147483647"/>
</pin_list>
<bind>
<StgValue><ssdm name=""/></StgValue>
</bind>
</comp>

<comp id="22" class="1001" name="const_22">
<pin_list>
<pin id="23" dir="1" index="0" bw="1" slack="2147483647"/>
</pin_list>
<bind>
<StgValue><ssdm name="empty_0"/></StgValue>
</bind>
</comp>

<comp id="24" class="1001" name="const_24">
<pin_list>
<pin id="25" dir="1" index="0" bw="1" slack="2147483647"/>
</pin_list>
<bind>
<StgValue><ssdm name=""/></StgValue>
</bind>
</comp>

<comp id="26" class="1001" name="const_26">
<pin_list>
<pin id="27" dir="1" index="0" bw="1" slack="2147483647"/>
</pin_list>
<bind>
<StgValue><ssdm name="empty_8"/></StgValue>
</bind>
</comp>

<comp id="28" class="1001" name="const_28">
<pin_list>
<pin id="29" dir="1" index="0" bw="1" slack="2147483647"/>
</pin_list>
<bind>
<StgValue><ssdm name="empty"/></StgValue>
</bind>
</comp>

<comp id="30" class="1001" name="const_30">
<pin_list>
<pin id="31" dir="1" index="0" bw="1" slack="2147483647"/>
</pin_list>
<bind>
<StgValue><ssdm name=""/></StgValue>
</bind>
</comp>

<comp id="32" class="1001" name="const_32">
<pin_list>
<pin id="33" dir="1" index="0" bw="1" slack="0"/>
</pin_list>
<bind>
<StgValue><ssdm name="_ssdm_op_WriteReq.m_axi.i8P1A"/></StgValue>
</bind>
</comp>

<comp id="34" class="1001" name="const_34">
<pin_list>
<pin id="35" dir="1" index="0" bw="1" slack="0"/>
</pin_list>
<bind>
<StgValue><ssdm name=""/></StgValue>
</bind>
</comp>

<comp id="36" class="1001" name="const_36">
<pin_list>
<pin id="37" dir="1" index="0" bw="1" slack="2147483647"/>
</pin_list>
<bind>
<StgValue><ssdm name="_ssdm_op_SpecBitsMap"/></StgValue>
</bind>
</comp>

<comp id="38" class="1001" name="const_38">
<pin_list>
<pin id="39" dir="1" index="0" bw="1" slack="2147483647"/>
</pin_list>
<bind>
<StgValue><ssdm name="_ssdm_op_SpecPipeline"/></StgValue>
</bind>
</comp>

<comp id="40" class="1001" name="const_40">
<pin_list>
<pin id="41" dir="1" index="0" bw="1" slack="2147483647"/>
</pin_list>
<bind>
<StgValue><ssdm name=""/></StgValue>
</bind>
</comp>

<comp id="42" class="1001" name="const_42">
<pin_list>
<pin id="43" dir="1" index="0" bw="1" slack="2147483647"/>
</pin_list>
<bind>
<StgValue><ssdm name="p_str"/></StgValue>
</bind>
</comp>

<comp id="44" class="1001" name="const_44">
<pin_list>
<pin id="45" dir="1" index="0" bw="1" slack="2147483647"/>
</pin_list>
<bind>
<StgValue><ssdm name="_ssdm_op_SpecLoopTripCount"/></StgValue>
</bind>
</comp>

<comp id="46" class="1001" name="const_46">
<pin_list>
<pin id="47" dir="1" index="0" bw="1" slack="2147483647"/>
</pin_list>
<bind>
<StgValue><ssdm name=""/></StgValue>
</bind>
</comp>

<comp id="48" class="1001" name="const_48">
<pin_list>
<pin id="49" dir="1" index="0" bw="1" slack="2147483647"/>
</pin_list>
<bind>
<StgValue><ssdm name=""/></StgValue>
</bind>
</comp>

<comp id="50" class="1001" name="const_50">
<pin_list>
<pin id="51" dir="1" index="0" bw="1" slack="0"/>
</pin_list>
<bind>
<StgValue><ssdm name=""/></StgValue>
</bind>
</comp>

<comp id="52" class="1001" name="const_52">
<pin_list>
<pin id="53" dir="1" index="0" bw="1" slack="0"/>
</pin_list>
<bind>
<StgValue><ssdm name=""/></StgValue>
</bind>
</comp>

<comp id="54" class="1001" name="const_54">
<pin_list>
<pin id="55" dir="1" index="0" bw="1" slack="2147483647"/>
</pin_list>
<bind>
<StgValue><ssdm name="_ssdm_op_SpecLoopName"/></StgValue>
</bind>
</comp>

<comp id="56" class="1001" name="const_56">
<pin_list>
<pin id="57" dir="1" index="0" bw="1" slack="2147483647"/>
</pin_list>
<bind>
<StgValue><ssdm name="empty_4"/></StgValue>
</bind>
</comp>

<comp id="58" class="1001" name="const_58">
<pin_list>
<pin id="59" dir="1" index="0" bw="1" slack="0"/>
</pin_list>
<bind>
<StgValue><ssdm name="_ssdm_op_Write.m_axi.i8P1A"/></StgValue>
</bind>
</comp>

<comp id="60" class="1001" name="const_60">
<pin_list>
<pin id="61" dir="1" index="0" bw="1" slack="0"/>
</pin_list>
<bind>
<StgValue><ssdm name=""/></StgValue>
</bind>
</comp>

<comp id="62" class="1001" name="const_62">
<pin_list>
<pin id="63" dir="1" index="0" bw="1" slack="0"/>
</pin_list>
<bind>
<StgValue><ssdm name="_ssdm_op_WriteResp.m_axi.i8P1A"/></StgValue>
</bind>
</comp>

<comp id="64" class="1004" name="i_fu_64">
<pin_list>
<pin id="65" dir="0" index="0" bw="1" slack="0"/>
<pin id="66" dir="1" index="1" bw="10" slack="0"/>
</pin_list>
<bind>
<opcode="alloca(26) " fcode="alloca"/>
<opset="i/1 "/>
</bind>
</comp>

<comp id="68" class="1004" name="tmp_read_fu_68">
<pin_list>
<pin id="69" dir="0" index="0" bw="10" slack="0"/>
<pin id="70" dir="0" index="1" bw="10" slack="0"/>
<pin id="71" dir="1" index="2" bw="10" slack="0"/>
</pin_list>
<bind>
<opcode="read(1150) " fcode="read"/>
<opset="tmp/1 "/>
</bind>
</comp>

<comp id="74" class="1004" name="ctxWritten_read_read_fu_74">
<pin_list>
<pin id="75" dir="0" index="0" bw="10" slack="0"/>
<pin id="76" dir="0" index="1" bw="10" slack="0"/>
<pin id="77" dir="1" index="2" bw="10" slack="1"/>
</pin_list>
<bind>
<opcode="read(1150) " fcode="read"/>
<opset="ctxWritten_read/1 "/>
</bind>
</comp>

<comp id="80" class="1004" name="globalCtx_read_read_fu_80">
<pin_list>
<pin id="81" dir="0" index="0" bw="64" slack="0"/>
<pin id="82" dir="0" index="1" bw="64" slack="0"/>
<pin id="83" dir="1" index="2" bw="64" slack="0"/>
</pin_list>
<bind>
<opcode="read(1150) " fcode="read"/>
<opset="globalCtx_read/1 "/>
</bind>
</comp>

<comp id="86" class="1004" name="grp_writeresp_fu_86">
<pin_list>
<pin id="87" dir="0" index="0" bw="1" slack="0"/>
<pin id="88" dir="0" index="1" bw="8" slack="0"/>
<pin id="89" dir="0" index="2" bw="10" slack="0"/>
<pin id="90" dir="1" index="3" bw="1" slack="2147483647"/>
</pin_list>
<bind>
<opcode="writereq(1155) writeresp(1158) " fcode="writeresp"/>
<opset="p_wr_req/1 p_wr_resp/5 "/>
</bind>
</comp>

<comp id="92" class="1004" name="write_ln14_write_fu_92">
<pin_list>
<pin id="93" dir="0" index="0" bw="0" slack="0"/>
<pin id="94" dir="0" index="1" bw="8" slack="3"/>
<pin id="95" dir="0" index="2" bw="8" slack="1"/>
<pin id="96" dir="0" index="3" bw="1" slack="0"/>
<pin id="97" dir="1" index="4" bw="0" slack="2147483647"/>
</pin_list>
<bind>
<opcode="write(1151) " fcode="write"/>
<opset="write_ln14/4 "/>
</bind>
</comp>

<comp id="101" class="1004" name="ctxTables_addr_gep_fu_101">
<pin_list>
<pin id="102" dir="0" index="0" bw="8" slack="0"/>
<pin id="103" dir="0" index="1" bw="1" slack="0"/>
<pin id="104" dir="0" index="2" bw="10" slack="0"/>
<pin id="105" dir="1" index="3" bw="9" slack="0"/>
</pin_list>
<bind>
<opcode="getelementptr(29) " fcode="getelementptr"/>
<opset="ctxTables_addr/2 "/>
</bind>
</comp>

<comp id="108" class="1004" name="grp_access_fu_108">
<pin_list>
<pin id="109" dir="0" index="0" bw="9" slack="0"/>
<pin id="110" dir="0" index="1" bw="8" slack="2147483647"/>
<pin id="111" dir="0" index="2" bw="0" slack="2147483647"/>
<pin id="112" dir="1" index="3" bw="8" slack="1"/>
</pin_list>
<bind>
<opcode="load(27) " fcode="load"/>
<opset="ctxTables_load/2 "/>
</bind>
</comp>

<comp id="114" class="1004" name="p_cast_fu_114">
<pin_list>
<pin id="115" dir="0" index="0" bw="10" slack="0"/>
<pin id="116" dir="1" index="1" bw="32" slack="0"/>
</pin_list>
<bind>
<opcode="zext(34) " fcode="zext"/>
<opset="p_cast/1 "/>
</bind>
</comp>

<comp id="119" class="1004" name="ctx_addr_fu_119">
<pin_list>
<pin id="120" dir="0" index="0" bw="8" slack="0"/>
<pin id="121" dir="0" index="1" bw="64" slack="0"/>
<pin id="122" dir="1" index="2" bw="8" slack="0"/>
</pin_list>
<bind>
<opcode="getelementptr(29) " fcode="getelementptr"/>
<opset="ctx_addr/1 "/>
</bind>
</comp>

<comp id="126" class="1004" name="store_ln0_store_fu_126">
<pin_list>
<pin id="127" dir="0" index="0" bw="1" slack="0"/>
<pin id="128" dir="0" index="1" bw="10" slack="0"/>
<pin id="129" dir="1" index="2" bw="0" slack="2147483647"/>
</pin_list>
<bind>
<opcode="store(28) " fcode="store"/>
<opset="store_ln0/1 "/>
</bind>
</comp>

<comp id="131" class="1004" name="i_4_load_fu_131">
<pin_list>
<pin id="132" dir="0" index="0" bw="10" slack="1"/>
<pin id="133" dir="1" index="1" bw="10" slack="0"/>
</pin_list>
<bind>
<opcode="load(27) " fcode="load"/>
<opset="i_4/2 "/>
</bind>
</comp>

<comp id="134" class="1004" name="icmp_ln13_fu_134">
<pin_list>
<pin id="135" dir="0" index="0" bw="10" slack="0"/>
<pin id="136" dir="0" index="1" bw="10" slack="1"/>
<pin id="137" dir="1" index="2" bw="1" slack="2147483647"/>
</pin_list>
<bind>
<opcode="icmp(45) " fcode="icmp"/>
<opset="icmp_ln13/2 "/>
</bind>
</comp>

<comp id="139" class="1004" name="add_ln13_fu_139">
<pin_list>
<pin id="140" dir="0" index="0" bw="10" slack="0"/>
<pin id="141" dir="0" index="1" bw="1" slack="0"/>
<pin id="142" dir="1" index="2" bw="10" slack="0"/>
</pin_list>
<bind>
<opcode="add(8) " fcode="add"/>
<opset="add_ln13/2 "/>
</bind>
</comp>

<comp id="145" class="1004" name="i_4_cast_fu_145">
<pin_list>
<pin id="146" dir="0" index="0" bw="10" slack="0"/>
<pin id="147" dir="1" index="1" bw="64" slack="0"/>
</pin_list>
<bind>
<opcode="zext(34) " fcode="zext"/>
<opset="i_4_cast/2 "/>
</bind>
</comp>

<comp id="150" class="1004" name="store_ln13_store_fu_150">
<pin_list>
<pin id="151" dir="0" index="0" bw="10" slack="0"/>
<pin id="152" dir="0" index="1" bw="10" slack="1"/>
<pin id="153" dir="1" index="2" bw="0" slack="2147483647"/>
</pin_list>
<bind>
<opcode="store(28) " fcode="store"/>
<opset="store_ln13/2 "/>
</bind>
</comp>

<comp id="155" class="1005" name="i_reg_155">
<pin_list>
<pin id="156" dir="0" index="0" bw="10" slack="0"/>
<pin id="157" dir="1" index="1" bw="10" slack="0"/>
</pin_list>
<bind>
<opset="i "/>
</bind>
</comp>

<comp id="162" class="1005" name="ctxWritten_read_reg_162">
<pin_list>
<pin id="163" dir="0" index="0" bw="10" slack="1"/>
<pin id="164" dir="1" index="1" bw="10" slack="1"/>
</pin_list>
<bind>
<opset="ctxWritten_read "/>
</bind>
</comp>

<comp id="167" class="1005" name="ctx_addr_reg_167">
<pin_list>
<pin id="168" dir="0" index="0" bw="8" slack="2"/>
<pin id="169" dir="1" index="1" bw="8" slack="2"/>
</pin_list>
<bind>
<opset="ctx_addr "/>
</bind>
</comp>

<comp id="176" class="1005" name="ctxTables_addr_reg_176">
<pin_list>
<pin id="177" dir="0" index="0" bw="9" slack="1"/>
<pin id="178" dir="1" index="1" bw="9" slack="1"/>
</pin_list>
<bind>
<opset="ctxTables_addr "/>
</bind>
</comp>

<comp id="181" class="1005" name="ctxTables_load_reg_181">
<pin_list>
<pin id="182" dir="0" index="0" bw="8" slack="1"/>
<pin id="183" dir="1" index="1" bw="8" slack="1"/>
</pin_list>
<bind>
<opset="ctxTables_load "/>
</bind>
</comp>

</comp_list>

<net_list>
<net id="67"><net_src comp="10" pin="0"/><net_sink comp="64" pin=0"/></net>

<net id="72"><net_src comp="12" pin="0"/><net_sink comp="68" pin=0"/></net>

<net id="73"><net_src comp="8" pin="0"/><net_sink comp="68" pin=1"/></net>

<net id="78"><net_src comp="12" pin="0"/><net_sink comp="74" pin=0"/></net>

<net id="79"><net_src comp="4" pin="0"/><net_sink comp="74" pin=1"/></net>

<net id="84"><net_src comp="14" pin="0"/><net_sink comp="80" pin=0"/></net>

<net id="85"><net_src comp="2" pin="0"/><net_sink comp="80" pin=1"/></net>

<net id="91"><net_src comp="32" pin="0"/><net_sink comp="86" pin=0"/></net>

<net id="98"><net_src comp="58" pin="0"/><net_sink comp="92" pin=0"/></net>

<net id="99"><net_src comp="60" pin="0"/><net_sink comp="92" pin=3"/></net>

<net id="100"><net_src comp="62" pin="0"/><net_sink comp="86" pin=0"/></net>

<net id="106"><net_src comp="6" pin="0"/><net_sink comp="101" pin=0"/></net>

<net id="107"><net_src comp="50" pin="0"/><net_sink comp="101" pin=1"/></net>

<net id="113"><net_src comp="101" pin="3"/><net_sink comp="108" pin=0"/></net>

<net id="117"><net_src comp="68" pin="2"/><net_sink comp="114" pin=0"/></net>

<net id="118"><net_src comp="114" pin="1"/><net_sink comp="86" pin=2"/></net>

<net id="123"><net_src comp="0" pin="0"/><net_sink comp="119" pin=0"/></net>

<net id="124"><net_src comp="80" pin="2"/><net_sink comp="119" pin=1"/></net>

<net id="125"><net_src comp="119" pin="2"/><net_sink comp="86" pin=1"/></net>

<net id="130"><net_src comp="34" pin="0"/><net_sink comp="126" pin=0"/></net>

<net id="138"><net_src comp="131" pin="1"/><net_sink comp="134" pin=0"/></net>

<net id="143"><net_src comp="131" pin="1"/><net_sink comp="139" pin=0"/></net>

<net id="144"><net_src comp="52" pin="0"/><net_sink comp="139" pin=1"/></net>

<net id="148"><net_src comp="131" pin="1"/><net_sink comp="145" pin=0"/></net>

<net id="149"><net_src comp="145" pin="1"/><net_sink comp="101" pin=2"/></net>

<net id="154"><net_src comp="139" pin="2"/><net_sink comp="150" pin=0"/></net>

<net id="158"><net_src comp="64" pin="1"/><net_sink comp="155" pin=0"/></net>

<net id="159"><net_src comp="155" pin="1"/><net_sink comp="126" pin=1"/></net>

<net id="160"><net_src comp="155" pin="1"/><net_sink comp="131" pin=0"/></net>

<net id="161"><net_src comp="155" pin="1"/><net_sink comp="150" pin=1"/></net>

<net id="165"><net_src comp="74" pin="2"/><net_sink comp="162" pin=0"/></net>

<net id="166"><net_src comp="162" pin="1"/><net_sink comp="134" pin=1"/></net>

<net id="170"><net_src comp="119" pin="2"/><net_sink comp="167" pin=0"/></net>

<net id="171"><net_src comp="167" pin="1"/><net_sink comp="92" pin=1"/></net>

<net id="172"><net_src comp="167" pin="1"/><net_sink comp="86" pin=1"/></net>

<net id="179"><net_src comp="101" pin="3"/><net_sink comp="176" pin=0"/></net>

<net id="180"><net_src comp="176" pin="1"/><net_sink comp="108" pin=0"/></net>

<net id="184"><net_src comp="108" pin="3"/><net_sink comp="181" pin=0"/></net>

<net id="185"><net_src comp="181" pin="1"/><net_sink comp="92" pin=2"/></net>

</net_list>

</model> 
---------------- Datapath Model END ------------------

* FSMD analyzer results:
  - Output states:
	Port: ctx | {1 4 5 6 7 8 9 10 11 12 13 14 15 16 17 18 19 20 21 22 23 24 25 26 27 28 29 30 31 32 33 34 35 36 37 38 39 40 41 42 43 44 45 46 47 48 49 50 51 52 53 54 55 56 57 58 59 60 61 62 63 64 65 66 67 68 69 70 71 72 }
 - Input state : 
	Port: cabac_top_Pipeline_VITIS_LOOP_13_1 : globalCtx | {1 }
	Port: cabac_top_Pipeline_VITIS_LOOP_13_1 : ctxWritten | {1 }
	Port: cabac_top_Pipeline_VITIS_LOOP_13_1 : ctxTables | {2 3 }
	Port: cabac_top_Pipeline_VITIS_LOOP_13_1 : empty | {1 }
  - Chain level:
	State 1
		p_wr_req : 1
		store_ln0 : 1
	State 2
		icmp_ln13 : 1
		add_ln13 : 1
		br_ln13 : 2
		i_4_cast : 1
		ctxTables_addr : 2
		ctxTables_load : 3
		store_ln13 : 2
	State 3
	State 4
	State 5
	State 6
	State 7
	State 8
	State 9
	State 10
	State 11
	State 12
	State 13
	State 14
	State 15
	State 16
	State 17
	State 18
	State 19
	State 20
	State 21
	State 22
	State 23
	State 24
	State 25
	State 26
	State 27
	State 28
	State 29
	State 30
	State 31
	State 32
	State 33
	State 34
	State 35
	State 36
	State 37
	State 38
	State 39
	State 40
	State 41
	State 42
	State 43
	State 44
	State 45
	State 46
	State 47
	State 48
	State 49
	State 50
	State 51
	State 52
	State 53
	State 54
	State 55
	State 56
	State 57
	State 58
	State 59
	State 60
	State 61
	State 62
	State 63
	State 64
	State 65
	State 66
	State 67
	State 68
	State 69
	State 70
	State 71
	State 72


============================================================
+ Verbose Summary: Datapath Resource usage 
============================================================

* Functional unit list:
|----------|----------------------------|---------|---------|
| Operation|       Functional Unit      |    FF   |   LUT   |
|----------|----------------------------|---------|---------|
|    add   |       add_ln13_fu_139      |    0    |    13   |
|----------|----------------------------|---------|---------|
|   icmp   |      icmp_ln13_fu_134      |    0    |    11   |
|----------|----------------------------|---------|---------|
|          |       tmp_read_fu_68       |    0    |    0    |
|   read   | ctxWritten_read_read_fu_74 |    0    |    0    |
|          |  globalCtx_read_read_fu_80 |    0    |    0    |
|----------|----------------------------|---------|---------|
| writeresp|     grp_writeresp_fu_86    |    0    |    0    |
|----------|----------------------------|---------|---------|
|   write  |   write_ln14_write_fu_92   |    0    |    0    |
|----------|----------------------------|---------|---------|
|   zext   |        p_cast_fu_114       |    0    |    0    |
|          |       i_4_cast_fu_145      |    0    |    0    |
|----------|----------------------------|---------|---------|
|   Total  |                            |    0    |    24   |
|----------|----------------------------|---------|---------|

Memories:
N/A

* Register list:
+-----------------------+--------+
|                       |   FF   |
+-----------------------+--------+
| ctxTables_addr_reg_176|    9   |
| ctxTables_load_reg_181|    8   |
|ctxWritten_read_reg_162|   10   |
|    ctx_addr_reg_167   |    8   |
|       i_reg_155       |   10   |
+-----------------------+--------+
|         Total         |   45   |
+-----------------------+--------+

* Multiplexer (MUX) list: 
|---------------------|------|------|------|--------||---------||---------|
|         Comp        |  Pin | Size |  BW  | S x BW ||  Delay  ||   LUT   |
|---------------------|------|------|------|--------||---------||---------|
| grp_writeresp_fu_86 |  p0  |   2  |   1  |    2   |
| grp_writeresp_fu_86 |  p1  |   2  |   8  |   16   ||    9    |
|  grp_access_fu_108  |  p0  |   2  |   9  |   18   ||    9    |
|---------------------|------|------|------|--------||---------||---------|
|        Total        |      |      |      |   36   ||  4.764  ||    18   |
|---------------------|------|------|------|--------||---------||---------|



* Summary:
+-----------+--------+--------+--------+
|           |  Delay |   FF   |   LUT  |
+-----------+--------+--------+--------+
|  Function |    -   |    0   |   24   |
|   Memory  |    -   |    -   |    -   |
|Multiplexer|    4   |    -   |   18   |
|  Register |    -   |   45   |    -   |
+-----------+--------+--------+--------+
|   Total   |    4   |   45   |   42   |
+-----------+--------+--------+--------+
