

================================================================
== Vitis HLS Report for 'decode_regular_Pipeline_VITIS_LOOP_53_1'
================================================================
* Date:           Sun May  7 10:30:13 2023

* Version:        2021.2 (Build 3367213 on Tue Oct 19 02:47:39 MDT 2021)
* Project:        cabac_top
* Solution:       solution1 (Vitis Kernel Flow Target)
* Product family: zynq
* Target device:  xc7z020-clg484-1


================================================================
== Performance Estimates
================================================================
+ Timing: 
    * Summary: 
    +--------+----------+----------+------------+
    |  Clock |  Target  | Estimated| Uncertainty|
    +--------+----------+----------+------------+
    |ap_clk  |  10.00 ns|  5.169 ns|     2.70 ns|
    +--------+----------+----------+------------+

+ Latency: 
    * Summary: 
    +---------+---------+----------+----------+-----+-----+---------+
    |  Latency (cycles) |  Latency (absolute) |  Interval | Pipeline|
    |   min   |   max   |    min   |    max   | min | max |   Type  |
    +---------+---------+----------+----------+-----+-----+---------+
    |        ?|        ?|         ?|         ?|    ?|    ?|       no|
    +---------+---------+----------+----------+-----+-----+---------+

    + Detail: 
        * Instance: 
        N/A

        * Loop: 
        +-------------------+---------+---------+----------+-----------+-----------+------+----------+
        |                   |  Latency (cycles) | Iteration|  Initiation Interval  | Trip |          |
        |     Loop Name     |   min   |   max   |  Latency |  achieved |   target  | Count| Pipelined|
        +-------------------+---------+---------+----------+-----------+-----------+------+----------+
        |- VITIS_LOOP_53_1  |        ?|        ?|         3|          1|          1|     ?|       yes|
        +-------------------+---------+---------+----------+-----------+-----------+------+----------+

============================================================
+ Verbose Summary: Synthesis Manager
============================================================
InlineROM: 1
ExposeGlobal: 0
============================================================
+ Verbose Summary: CDFG Model
============================================================
IsTopModel: 0
ResetActiveHigh: 1
IsCombinational: 0
IsDatapathOnly: 0
HasWiredReturn: 1
HasMFsm: 2
HasVarLatency: 1
IsPipeline: 0
IsRtlPipelined: 0
IsInstanceOverlapped: 0
IsDontTouch: 0
HasImplIP: 0
IsGatedGlobalClock: 0

+ Individual pipeline summary: 
  * Pipeline-0: initiation interval (II) = 1, depth = 4


============================================================
+ Verbose Summary: Schedule
============================================================
* Number of FSM states : 4
* Pipeline : 1
  Pipeline-0 : II = 1, D = 4, States = { 1 2 3 4 }
* Dataflow Pipeline: 0

* FSM state transitions: 
1 --> 2 
2 --> 3 
3 --> 4 
4 --> 

* FSM state operations: 

State 1 <SV = 0> <Delay = 1.70>
ST_1 : Operation 6 [1/1] (0.00ns)   --->   "%empty_53 = alloca i32 1"   --->   Operation 6 'alloca' 'empty_53' <Predicate = true> <Delay = 0.00>
ST_1 : Operation 7 [1/1] (0.00ns)   --->   "%ret_8 = alloca i32 1"   --->   Operation 7 'alloca' 'ret_8' <Predicate = true> <Delay = 0.00>
ST_1 : Operation 8 [1/1] (0.00ns)   --->   "%state_bstate_n_bits_held_0 = alloca i32 1"   --->   Operation 8 'alloca' 'state_bstate_n_bits_held_0' <Predicate = true> <Delay = 0.00>
ST_1 : Operation 9 [1/1] (0.00ns)   --->   "%state_bstate_currIdx_0 = alloca i32 1"   --->   Operation 9 'alloca' 'state_bstate_currIdx_0' <Predicate = true> <Delay = 0.00>
ST_1 : Operation 10 [1/1] (0.00ns)   --->   "%aligned_word = alloca i32 1"   --->   Operation 10 'alloca' 'aligned_word' <Predicate = true> <Delay = 0.00>
ST_1 : Operation 11 [1/1] (0.00ns)   --->   "%tmp = read i32 @_ssdm_op_Read.ap_auto.i32, i32 %empty"   --->   Operation 11 'read' 'tmp' <Predicate = true> <Delay = 0.00>
ST_1 : Operation 12 [1/1] (0.00ns)   --->   "%tmp_1 = read i32 @_ssdm_op_Read.ap_auto.i32, i32 %empty_41"   --->   Operation 12 'read' 'tmp_1' <Predicate = true> <Delay = 0.00>
ST_1 : Operation 13 [1/1] (0.00ns)   --->   "%p_read14 = read i32 @_ssdm_op_Read.ap_auto.i32, i32 %p_read1"   --->   Operation 13 'read' 'p_read14' <Predicate = true> <Delay = 0.00>
ST_1 : Operation 14 [1/1] (0.00ns)   --->   "%write_flag2_0_read = read i1 @_ssdm_op_Read.ap_auto.i1, i1 %write_flag2_0"   --->   Operation 14 'read' 'write_flag2_0_read' <Predicate = true> <Delay = 0.00>
ST_1 : Operation 15 [1/1] (0.00ns)   --->   "%p_read42 = read i8 @_ssdm_op_Read.ap_auto.i8, i8 %p_read4"   --->   Operation 15 'read' 'p_read42' <Predicate = true> <Delay = 0.00>
ST_1 : Operation 16 [1/1] (0.00ns)   --->   "%p_read51 = read i8 @_ssdm_op_Read.ap_auto.i8, i8 %p_read5"   --->   Operation 16 'read' 'p_read51' <Predicate = true> <Delay = 0.00>
ST_1 : Operation 17 [1/1] (1.58ns)   --->   "%store_ln0 = store i8 %p_read51, i8 %aligned_word"   --->   Operation 17 'store' 'store_ln0' <Predicate = true> <Delay = 1.58>
ST_1 : Operation 18 [1/1] (1.58ns)   --->   "%store_ln0 = store i32 %p_read14, i32 %state_bstate_currIdx_0"   --->   Operation 18 'store' 'store_ln0' <Predicate = true> <Delay = 1.58>
ST_1 : Operation 19 [1/1] (1.70ns)   --->   "%store_ln0 = store i8 %p_read42, i8 %state_bstate_n_bits_held_0"   --->   Operation 19 'store' 'store_ln0' <Predicate = true> <Delay = 1.70>
ST_1 : Operation 20 [1/1] (1.58ns)   --->   "%store_ln0 = store i32 %tmp_1, i32 %ret_8"   --->   Operation 20 'store' 'store_ln0' <Predicate = true> <Delay = 1.58>
ST_1 : Operation 21 [1/1] (1.58ns)   --->   "%store_ln0 = store i32 %tmp, i32 %empty_53"   --->   Operation 21 'store' 'store_ln0' <Predicate = true> <Delay = 1.58>
ST_1 : Operation 22 [1/1] (1.58ns)   --->   "%br_ln0 = br void"   --->   Operation 22 'br' 'br_ln0' <Predicate = true> <Delay = 1.58>

State 2 <SV = 1> <Delay = 4.15>
ST_2 : Operation 23 [1/1] (0.00ns)   --->   "%write_flag2_1 = phi i1 %write_flag2_0_read, void %newFuncRoot, i1 1, void %_Z19bitStream_read_bitsPVhhR10_bstream_t.30.exit"   --->   Operation 23 'phi' 'write_flag2_1' <Predicate = true> <Delay = 0.00>
ST_2 : Operation 24 [1/1] (0.00ns)   --->   "%p_load = load i32 %empty_53"   --->   Operation 24 'load' 'p_load' <Predicate = true> <Delay = 0.00>
ST_2 : Operation 25 [1/1] (0.00ns)   --->   "%specpipeline_ln0 = specpipeline void @_ssdm_op_SpecPipeline, i32 4294967295, i32 0, i32 1, i32 0, void @p_str"   --->   Operation 25 'specpipeline' 'specpipeline_ln0' <Predicate = true> <Delay = 0.00>
ST_2 : Operation 26 [1/1] (0.00ns)   --->   "%tmp_2 = partselect i24 @_ssdm_op_PartSelect.i24.i32.i32.i32, i32 %p_load, i32 8, i32 31"   --->   Operation 26 'partselect' 'tmp_2' <Predicate = true> <Delay = 0.00>
ST_2 : Operation 27 [1/1] (2.45ns)   --->   "%icmp_ln1072 = icmp_eq  i24 %tmp_2, i24 0"   --->   Operation 27 'icmp' 'icmp_ln1072' <Predicate = true> <Delay = 2.45> <CoreInst = "Cmp">   --->   Core 9 'Cmp' <Latency = 0> <II = 1> <Delay = 1.55> <FuncUnit> <Opcode : 'icmp'> <InPorts = 2> <OutPorts = 1>
ST_2 : Operation 28 [1/1] (0.00ns)   --->   "%br_ln53 = br i1 %icmp_ln1072, void %.exitStub, void %_ZlSILi32ELb0EER11ap_int_baseIXT_EXT0_EES2_i.exit" [src/arith_dec.cpp:53]   --->   Operation 28 'br' 'br_ln53' <Predicate = true> <Delay = 0.00>
ST_2 : Operation 29 [1/1] (0.00ns)   --->   "%state_bstate_n_bits_held_0_load = load i8 %state_bstate_n_bits_held_0" [src/utils.cpp:13]   --->   Operation 29 'load' 'state_bstate_n_bits_held_0_load' <Predicate = (icmp_ln1072)> <Delay = 0.00>
ST_2 : Operation 30 [1/1] (0.00ns)   --->   "%shl_ln1026 = shl i32 %p_load, i32 1"   --->   Operation 30 'shl' 'shl_ln1026' <Predicate = (icmp_ln1072)> <Delay = 0.00>
ST_2 : Operation 31 [1/1] (0.00ns)   --->   "%store_ln1026 = store i32 %shl_ln1026, i32 %baeState_0_constprop"   --->   Operation 31 'store' 'store_ln1026' <Predicate = (icmp_ln1072)> <Delay = 0.00>
ST_2 : Operation 32 [1/1] (1.55ns)   --->   "%icmp_ln13 = icmp_eq  i8 %state_bstate_n_bits_held_0_load, i8 0" [src/utils.cpp:13]   --->   Operation 32 'icmp' 'icmp_ln13' <Predicate = (icmp_ln1072)> <Delay = 1.55> <CoreInst = "Cmp">   --->   Core 9 'Cmp' <Latency = 0> <II = 1> <Delay = 1.55> <FuncUnit> <Opcode : 'icmp'> <InPorts = 2> <OutPorts = 1>
ST_2 : Operation 33 [1/1] (0.00ns)   --->   "%br_ln13 = br i1 %icmp_ln13, void, void %._crit_edge3" [src/utils.cpp:13]   --->   Operation 33 'br' 'br_ln13' <Predicate = (icmp_ln1072)> <Delay = 0.00>
ST_2 : Operation 34 [1/1] (1.91ns)   --->   "%add_ln16 = add i8 %state_bstate_n_bits_held_0_load, i8 255" [src/utils.cpp:16]   --->   Operation 34 'add' 'add_ln16' <Predicate = (icmp_ln1072 & !icmp_ln13)> <Delay = 1.91> <CoreInst = "Adder">   --->   Core 1 'Adder' <Latency = 0> <II = 1> <Delay = 2.55> <FuncUnit> <Opcode : 'add' 'sub'> <InPorts = 2> <OutPorts = 1>
ST_2 : Operation 35 [1/1] (1.70ns)   --->   "%store_ln17 = store i8 %add_ln16, i8 %state_bstate_n_bits_held_0" [src/utils.cpp:17]   --->   Operation 35 'store' 'store_ln17' <Predicate = (icmp_ln1072 & !icmp_ln13)> <Delay = 1.70>
ST_2 : Operation 36 [1/1] (0.00ns)   --->   "%state_bstate_currIdx_0_load = load i32 %state_bstate_currIdx_0" [src/utils.cpp:6]   --->   Operation 36 'load' 'state_bstate_currIdx_0_load' <Predicate = (icmp_ln1072 & icmp_ln13)> <Delay = 0.00>
ST_2 : Operation 37 [1/1] (0.00ns)   --->   "%zext_ln5 = zext i32 %state_bstate_currIdx_0_load" [src/utils.cpp:5]   --->   Operation 37 'zext' 'zext_ln5' <Predicate = (icmp_ln1072 & icmp_ln13)> <Delay = 0.00>
ST_2 : Operation 38 [1/1] (0.00ns)   --->   "%bStream_addr = getelementptr i8 %bStream, i64 0, i64 %zext_ln5" [src/utils.cpp:5]   --->   Operation 38 'getelementptr' 'bStream_addr' <Predicate = (icmp_ln1072 & icmp_ln13)> <Delay = 0.00>
ST_2 : Operation 39 [2/2] (2.32ns)   --->   "%retVal_21 = load i3 %bStream_addr" [src/utils.cpp:5]   --->   Operation 39 'load' 'retVal_21' <Predicate = (icmp_ln1072 & icmp_ln13)> <Delay = 2.32> <CoreInst = "RAM">   --->   Core 82 'RAM' <Latency = 1> <II = 1> <Delay = 2.32> <Storage> <Opcode : 'load' 'store'> <Ports = 2> <Width = 8> <Depth = 7> <RAM>
ST_2 : Operation 40 [1/1] (2.55ns)   --->   "%add_ln6 = add i32 %state_bstate_currIdx_0_load, i32 1" [src/utils.cpp:6]   --->   Operation 40 'add' 'add_ln6' <Predicate = (icmp_ln1072 & icmp_ln13)> <Delay = 2.55> <CoreInst = "Adder">   --->   Core 1 'Adder' <Latency = 0> <II = 1> <Delay = 2.55> <FuncUnit> <Opcode : 'add' 'sub'> <InPorts = 2> <OutPorts = 1>
ST_2 : Operation 41 [1/1] (1.58ns)   --->   "%store_ln46 = store i32 %add_ln6, i32 %state_bstate_currIdx_0" [src/utils.cpp:46]   --->   Operation 41 'store' 'store_ln46' <Predicate = (icmp_ln1072 & icmp_ln13)> <Delay = 1.58>
ST_2 : Operation 42 [1/1] (1.70ns)   --->   "%store_ln46 = store i8 7, i8 %state_bstate_n_bits_held_0" [src/utils.cpp:46]   --->   Operation 42 'store' 'store_ln46' <Predicate = (icmp_ln1072 & icmp_ln13)> <Delay = 1.70>
ST_2 : Operation 43 [1/1] (1.58ns)   --->   "%store_ln53 = store i32 %shl_ln1026, i32 %empty_53" [src/arith_dec.cpp:53]   --->   Operation 43 'store' 'store_ln53' <Predicate = (icmp_ln1072)> <Delay = 1.58>

State 3 <SV = 2> <Delay = 5.16>
ST_3 : Operation 44 [1/1] (0.00ns)   --->   "%aligned_word_load = load i8 %aligned_word" [src/utils.cpp:23]   --->   Operation 44 'load' 'aligned_word_load' <Predicate = (icmp_ln1072)> <Delay = 0.00>
ST_3 : Operation 45 [1/1] (0.00ns)   --->   "%specloopname_ln1015 = specloopname void @_ssdm_op_SpecLoopName, void @empty_24"   --->   Operation 45 'specloopname' 'specloopname_ln1015' <Predicate = (icmp_ln1072)> <Delay = 0.00>
ST_3 : Operation 46 [1/1] (0.00ns)   --->   "%zext_ln13 = zext i8 %state_bstate_n_bits_held_0_load" [src/utils.cpp:13]   --->   Operation 46 'zext' 'zext_ln13' <Predicate = (icmp_ln1072)> <Delay = 0.00>
ST_3 : Operation 47 [1/1] (0.00ns)   --->   "%zext_ln23 = zext i8 %aligned_word_load" [src/utils.cpp:23]   --->   Operation 47 'zext' 'zext_ln23' <Predicate = (icmp_ln1072)> <Delay = 0.00>
ST_3 : Operation 48 [1/1] (1.91ns)   --->   "%add_ln14 = add i9 %zext_ln13, i9 511" [src/utils.cpp:14]   --->   Operation 48 'add' 'add_ln14' <Predicate = (icmp_ln1072 & !icmp_ln13)> <Delay = 1.91> <CoreInst = "Adder">   --->   Core 1 'Adder' <Latency = 0> <II = 1> <Delay = 2.55> <FuncUnit> <Opcode : 'add' 'sub'> <InPorts = 2> <OutPorts = 1>
ST_3 : Operation 49 [1/1] (0.00ns)   --->   "%sext_ln14 = sext i9 %add_ln14" [src/utils.cpp:14]   --->   Operation 49 'sext' 'sext_ln14' <Predicate = (icmp_ln1072 & !icmp_ln13)> <Delay = 0.00>
ST_3 : Operation 50 [1/1] (3.25ns)   --->   "%retVal_19 = lshr i32 %zext_ln23, i32 %sext_ln14" [src/utils.cpp:14]   --->   Operation 50 'lshr' 'retVal_19' <Predicate = (icmp_ln1072 & !icmp_ln13)> <Delay = 3.25> <CoreInst = "Shifter">   --->   Core 75 'Shifter' <Latency = 0> <II = 1> <Delay = 3.25> <FuncUnit> <Opcode : 'shl' 'lshr' 'ashr'> <InPorts = 2> <OutPorts = 1>
ST_3 : Operation 51 [1/1] (0.00ns)   --->   "%retVal_20 = trunc i32 %retVal_19" [src/utils.cpp:11]   --->   Operation 51 'trunc' 'retVal_20' <Predicate = (icmp_ln1072 & !icmp_ln13)> <Delay = 0.00>
ST_3 : Operation 52 [1/1] (0.00ns)   --->   "%zext_ln11 = zext i1 %retVal_20" [src/utils.cpp:11]   --->   Operation 52 'zext' 'zext_ln11' <Predicate = (icmp_ln1072 & !icmp_ln13)> <Delay = 0.00>
ST_3 : Operation 53 [1/1] (1.58ns)   --->   "%br_ln17 = br void %_Z19bitStream_read_bitsPVhhR10_bstream_t.30.exit" [src/utils.cpp:17]   --->   Operation 53 'br' 'br_ln17' <Predicate = (icmp_ln1072 & !icmp_ln13)> <Delay = 1.58>
ST_3 : Operation 54 [1/2] (2.32ns)   --->   "%retVal_21 = load i3 %bStream_addr" [src/utils.cpp:5]   --->   Operation 54 'load' 'retVal_21' <Predicate = (icmp_ln1072 & icmp_ln13)> <Delay = 2.32> <CoreInst = "RAM">   --->   Core 82 'RAM' <Latency = 1> <II = 1> <Delay = 2.32> <Storage> <Opcode : 'load' 'store'> <Ports = 2> <Width = 8> <Depth = 7> <RAM>
ST_3 : Operation 55 [1/1] (0.00ns)   --->   "%tmp_3 = bitselect i1 @_ssdm_op_BitSelect.i1.i8.i32, i8 %retVal_21, i32 7" [src/utils.cpp:42]   --->   Operation 55 'bitselect' 'tmp_3' <Predicate = (icmp_ln1072 & icmp_ln13)> <Delay = 0.00>
ST_3 : Operation 56 [1/1] (0.00ns)   --->   "%zext_ln42 = zext i1 %tmp_3" [src/utils.cpp:42]   --->   Operation 56 'zext' 'zext_ln42' <Predicate = (icmp_ln1072 & icmp_ln13)> <Delay = 0.00>
ST_3 : Operation 57 [1/1] (0.00ns)   --->   "%retVal = bitconcatenate i9 @_ssdm_op_BitConcatenate.i9.i1.i8, i1 0, i8 %zext_ln42" [src/utils.cpp:42]   --->   Operation 57 'bitconcatenate' 'retVal' <Predicate = (icmp_ln1072 & icmp_ln13)> <Delay = 0.00>
ST_3 : Operation 58 [1/1] (1.58ns)   --->   "%store_ln46 = store i8 %retVal_21, i8 %aligned_word" [src/utils.cpp:46]   --->   Operation 58 'store' 'store_ln46' <Predicate = (icmp_ln1072 & icmp_ln13)> <Delay = 1.58>
ST_3 : Operation 59 [1/1] (1.58ns)   --->   "%br_ln46 = br void %_Z19bitStream_read_bitsPVhhR10_bstream_t.30.exit" [src/utils.cpp:46]   --->   Operation 59 'br' 'br_ln46' <Predicate = (icmp_ln1072 & icmp_ln13)> <Delay = 1.58>
ST_3 : Operation 69 [1/1] (0.00ns)   --->   "%ret_8_load = load i32 %ret_8"   --->   Operation 69 'load' 'ret_8_load' <Predicate = (!icmp_ln1072)> <Delay = 0.00>
ST_3 : Operation 70 [1/1] (0.00ns)   --->   "%state_bstate_n_bits_held_0_load_2 = load i8 %state_bstate_n_bits_held_0"   --->   Operation 70 'load' 'state_bstate_n_bits_held_0_load_2' <Predicate = (!icmp_ln1072)> <Delay = 0.00>
ST_3 : Operation 71 [1/1] (0.00ns)   --->   "%state_bstate_currIdx_0_load_2 = load i32 %state_bstate_currIdx_0"   --->   Operation 71 'load' 'state_bstate_currIdx_0_load_2' <Predicate = (!icmp_ln1072)> <Delay = 0.00>
ST_3 : Operation 72 [1/1] (0.00ns)   --->   "%aligned_word_load_3 = load i8 %aligned_word"   --->   Operation 72 'load' 'aligned_word_load_3' <Predicate = (!icmp_ln1072)> <Delay = 0.00>
ST_3 : Operation 73 [1/1] (0.00ns)   --->   "%write_ln0 = write void @_ssdm_op_Write.ap_auto.i8P0A, i8 %state_bstate_held_aligned_word_0_out, i8 %aligned_word_load_3"   --->   Operation 73 'write' 'write_ln0' <Predicate = (!icmp_ln1072)> <Delay = 0.00>
ST_3 : Operation 74 [1/1] (0.00ns)   --->   "%write_ln0 = write void @_ssdm_op_Write.ap_auto.i8P0A, i8 %state_bstate_n_bits_held_0_out, i8 %state_bstate_n_bits_held_0_load_2"   --->   Operation 74 'write' 'write_ln0' <Predicate = (!icmp_ln1072)> <Delay = 0.00>
ST_3 : Operation 75 [1/1] (0.00ns)   --->   "%write_ln0 = write void @_ssdm_op_Write.ap_auto.i1P0A, i1 %write_flag2_1_out, i1 %write_flag2_1"   --->   Operation 75 'write' 'write_ln0' <Predicate = (!icmp_ln1072)> <Delay = 0.00>
ST_3 : Operation 76 [1/1] (0.00ns)   --->   "%write_ln0 = write void @_ssdm_op_Write.ap_auto.i32P0A, i32 %state_bstate_currIdx_0_out, i32 %state_bstate_currIdx_0_load_2"   --->   Operation 76 'write' 'write_ln0' <Predicate = (!icmp_ln1072)> <Delay = 0.00>
ST_3 : Operation 77 [1/1] (0.00ns)   --->   "%write_ln0 = write void @_ssdm_op_Write.ap_auto.i32P0A, i32 %state_ivlOffset_1_out, i32 %ret_8_load"   --->   Operation 77 'write' 'write_ln0' <Predicate = (!icmp_ln1072)> <Delay = 0.00>
ST_3 : Operation 78 [1/1] (0.00ns)   --->   "%ret_ln0 = ret"   --->   Operation 78 'ret' 'ret_ln0' <Predicate = (!icmp_ln1072)> <Delay = 0.00>

State 4 <SV = 3> <Delay = 2.57>
ST_4 : Operation 60 [1/1] (0.00ns) (grouped into LUT with out node or_ln1543)   --->   "%val = phi i9 %retVal, void %._crit_edge3, i9 %zext_ln11, void"   --->   Operation 60 'phi' 'val' <Predicate = (icmp_ln1072)> <Delay = 0.00>
ST_4 : Operation 61 [1/1] (0.00ns)   --->   "%ret_8_load_1 = load i32 %ret_8"   --->   Operation 61 'load' 'ret_8_load_1' <Predicate = (icmp_ln1072)> <Delay = 0.00>
ST_4 : Operation 62 [1/1] (0.00ns) (grouped into LUT with out node or_ln1543)   --->   "%trunc_ln1543 = trunc i32 %ret_8_load_1"   --->   Operation 62 'trunc' 'trunc_ln1543' <Predicate = (icmp_ln1072)> <Delay = 0.00>
ST_4 : Operation 63 [1/1] (0.00ns) (grouped into LUT with out node or_ln1543)   --->   "%shl_ln1 = bitconcatenate i9 @_ssdm_op_BitConcatenate.i9.i8.i1, i8 %trunc_ln1543, i1 0"   --->   Operation 63 'bitconcatenate' 'shl_ln1' <Predicate = (icmp_ln1072)> <Delay = 0.00>
ST_4 : Operation 64 [1/1] (0.99ns) (out node of the LUT)   --->   "%or_ln1543 = or i9 %shl_ln1, i9 %val"   --->   Operation 64 'or' 'or_ln1543' <Predicate = (icmp_ln1072)> <Delay = 0.99> <CoreInst = "LogicGate">   --->   Core 74 'LogicGate' <Latency = 0> <II = 1> <Delay = 0.99> <FuncUnit> <Opcode : 'and' 'or' 'xor'> <InPorts = 2> <OutPorts = 1>
ST_4 : Operation 65 [1/1] (0.00ns)   --->   "%tmp_s = partselect i23 @_ssdm_op_PartSelect.i23.i32.i32.i32, i32 %ret_8_load_1, i32 8, i32 30"   --->   Operation 65 'partselect' 'tmp_s' <Predicate = (icmp_ln1072)> <Delay = 0.00>
ST_4 : Operation 66 [1/1] (0.00ns)   --->   "%ret = bitconcatenate i32 @_ssdm_op_BitConcatenate.i32.i23.i9, i23 %tmp_s, i9 %or_ln1543"   --->   Operation 66 'bitconcatenate' 'ret' <Predicate = (icmp_ln1072)> <Delay = 0.00>
ST_4 : Operation 67 [1/1] (1.58ns)   --->   "%store_ln53 = store i32 %ret, i32 %ret_8" [src/arith_dec.cpp:53]   --->   Operation 67 'store' 'store_ln53' <Predicate = (icmp_ln1072)> <Delay = 1.58>
ST_4 : Operation 68 [1/1] (0.00ns)   --->   "%br_ln53 = br void" [src/arith_dec.cpp:53]   --->   Operation 68 'br' 'br_ln53' <Predicate = (icmp_ln1072)> <Delay = 0.00>


============================================================
+ Verbose Summary: Timing violations
============================================================
Target clock period: 10ns, clock uncertainty: 2.7ns.

 <State 1>: 1.71ns
The critical path consists of the following:
	'alloca' operation ('state_bstate_n_bits_held_0') [16]  (0 ns)
	'store' operation ('store_ln0') of variable 'p_read42' on local variable 'state_bstate_n_bits_held_0' [27]  (1.71 ns)

 <State 2>: 4.16ns
The critical path consists of the following:
	'load' operation ('state_bstate_currIdx_0_load', src/utils.cpp:6) on local variable 'state_bstate_currIdx_0' [58]  (0 ns)
	'add' operation ('add_ln6', src/utils.cpp:6) [62]  (2.55 ns)
	'store' operation ('store_ln46', src/utils.cpp:46) of variable 'add_ln6', src/utils.cpp:6 on local variable 'state_bstate_currIdx_0' [67]  (1.59 ns)
	blocking operation 0.0183 ns on control path)

 <State 3>: 5.17ns
The critical path consists of the following:
	'add' operation ('add_ln14', src/utils.cpp:14) [49]  (1.92 ns)
	'lshr' operation ('retVal', src/utils.cpp:14) [51]  (3.25 ns)

 <State 4>: 2.58ns
The critical path consists of the following:
	'phi' operation ('retVal') with incoming values : ('zext_ln11', src/utils.cpp:11) ('retVal', src/utils.cpp:42) [71]  (0 ns)
	'or' operation ('or_ln1543') [75]  (0.99 ns)
	'store' operation ('store_ln53', src/arith_dec.cpp:53) of variable 'ret' on local variable 'ret' [78]  (1.59 ns)


============================================================
+ Verbose Summary: Binding
============================================================
N/A
* FSMD analyzer results:
  - Output states:
 - Input state : 
  - Chain level:
	State 1
	State 2
	State 3
	State 4


============================================================
+ Verbose Summary: Datapath Resource usage 
============================================================
N/A
