

================================================================
== Vitis HLS Report for 'sao_top_Pipeline_VITIS_LOOP_189_4'
================================================================
* Date:           Sun May  7 10:30:15 2023

* Version:        2021.2 (Build 3367213 on Tue Oct 19 02:47:39 MDT 2021)
* Project:        cabac_top
* Solution:       solution1 (Vitis Kernel Flow Target)
* Product family: zynq
* Target device:  xc7z020-clg484-1


================================================================
== Performance Estimates
================================================================
+ Timing: 
    * Summary: 
    +--------+----------+----------+------------+
    |  Clock |  Target  | Estimated| Uncertainty|
    +--------+----------+----------+------------+
    |ap_clk  |  10.00 ns|  5.612 ns|     2.70 ns|
    +--------+----------+----------+------------+

+ Latency: 
    * Summary: 
    +---------+---------+-----------+-----------+-----+-----+---------+
    |  Latency (cycles) |   Latency (absolute)  |  Interval | Pipeline|
    |   min   |   max   |    min    |    max    | min | max |   Type  |
    +---------+---------+-----------+-----------+-----+-----+---------+
    |        7|        7|  70.000 ns|  70.000 ns|    7|    7|       no|
    +---------+---------+-----------+-----------+-----+-----+---------+

    + Detail: 
        * Instance: 
        N/A

        * Loop: 
        +--------------------+---------+---------+----------+-----------+-----------+------+----------+
        |                    |  Latency (cycles) | Iteration|  Initiation Interval  | Trip |          |
        |      Loop Name     |   min   |   max   |  Latency |  achieved |   target  | Count| Pipelined|
        +--------------------+---------+---------+----------+-----------+-----------+------+----------+
        |- VITIS_LOOP_189_4  |        5|        5|         3|          1|          1|     4|       yes|
        +--------------------+---------+---------+----------+-----------+-----------+------+----------+

============================================================
+ Verbose Summary: Synthesis Manager
============================================================
InlineROM: 1
ExposeGlobal: 0
============================================================
+ Verbose Summary: CDFG Model
============================================================
IsTopModel: 0
ResetActiveHigh: 1
IsCombinational: 0
IsDatapathOnly: 0
HasWiredReturn: 1
HasMFsm: 2
HasVarLatency: 1
IsPipeline: 0
IsRtlPipelined: 0
IsInstanceOverlapped: 0
IsDontTouch: 0
HasImplIP: 0
IsGatedGlobalClock: 0

+ Individual pipeline summary: 
  * Pipeline-0: initiation interval (II) = 1, depth = 3


============================================================
+ Verbose Summary: Schedule
============================================================
* Number of FSM states : 3
* Pipeline : 1
  Pipeline-0 : II = 1, D = 3, States = { 1 2 3 }
* Dataflow Pipeline: 0

* FSM state transitions: 
1 --> 2 
2 --> 3 
3 --> 

* FSM state operations: 

State 1 <SV = 0> <Delay = 4.05>
ST_1 : Operation 6 [1/1] (0.00ns)   --->   "%i = alloca i32 1"   --->   Operation 6 'alloca' 'i' <Predicate = true> <Delay = 0.00>
ST_1 : Operation 7 [1/1] (0.00ns)   --->   "%add_ln188_read = read i4 @_ssdm_op_Read.ap_auto.i4, i4 %add_ln188"   --->   Operation 7 'read' 'add_ln188_read' <Predicate = true> <Delay = 0.00>
ST_1 : Operation 8 [1/1] (0.00ns)   --->   "%zext_ln188_read = read i4 @_ssdm_op_Read.ap_auto.i4, i4 %zext_ln188"   --->   Operation 8 'read' 'zext_ln188_read' <Predicate = true> <Delay = 0.00>
ST_1 : Operation 9 [1/1] (1.58ns)   --->   "%store_ln0 = store i3 0, i3 %i"   --->   Operation 9 'store' 'store_ln0' <Predicate = true> <Delay = 1.58>
ST_1 : Operation 10 [1/1] (0.00ns)   --->   "%br_ln0 = br void"   --->   Operation 10 'br' 'br_ln0' <Predicate = true> <Delay = 0.00>
ST_1 : Operation 11 [1/1] (0.00ns)   --->   "%i_3 = load i3 %i" [src/deBin.cpp:193]   --->   Operation 11 'load' 'i_3' <Predicate = true> <Delay = 0.00>
ST_1 : Operation 12 [1/1] (0.00ns)   --->   "%specpipeline_ln0 = specpipeline void @_ssdm_op_SpecPipeline, i32 4294967295, i32 0, i32 1, i32 0, void @p_str"   --->   Operation 12 'specpipeline' 'specpipeline_ln0' <Predicate = true> <Delay = 0.00>
ST_1 : Operation 13 [1/1] (1.13ns)   --->   "%icmp_ln189 = icmp_eq  i3 %i_3, i3 4" [src/deBin.cpp:189]   --->   Operation 13 'icmp' 'icmp_ln189' <Predicate = true> <Delay = 1.13> <CoreInst = "Cmp">   --->   Core 9 'Cmp' <Latency = 0> <II = 1> <Delay = 1.13> <FuncUnit> <Opcode : 'icmp'> <InPorts = 2> <OutPorts = 1>
ST_1 : Operation 14 [1/1] (0.00ns)   --->   "%empty = speclooptripcount i32 @_ssdm_op_SpecLoopTripCount, i64 4, i64 4, i64 4"   --->   Operation 14 'speclooptripcount' 'empty' <Predicate = true> <Delay = 0.00>
ST_1 : Operation 15 [1/1] (1.65ns)   --->   "%add_ln193 = add i3 %i_3, i3 1" [src/deBin.cpp:193]   --->   Operation 15 'add' 'add_ln193' <Predicate = true> <Delay = 1.65> <CoreInst = "Adder">   --->   Core 1 'Adder' <Latency = 0> <II = 1> <Delay = 1.91> <FuncUnit> <Opcode : 'add' 'sub'> <InPorts = 2> <OutPorts = 1>
ST_1 : Operation 16 [1/1] (0.00ns)   --->   "%br_ln189 = br i1 %icmp_ln189, void %.split16, void %.exitStub" [src/deBin.cpp:189]   --->   Operation 16 'br' 'br_ln189' <Predicate = true> <Delay = 0.00>
ST_1 : Operation 17 [1/1] (0.00ns)   --->   "%zext_ln193 = zext i3 %i_3" [src/deBin.cpp:193]   --->   Operation 17 'zext' 'zext_ln193' <Predicate = (!icmp_ln189)> <Delay = 0.00>
ST_1 : Operation 18 [1/1] (1.73ns)   --->   "%add_ln193_1 = add i4 %zext_ln188_read, i4 %zext_ln193" [src/deBin.cpp:193]   --->   Operation 18 'add' 'add_ln193_1' <Predicate = (!icmp_ln189)> <Delay = 1.73> <CoreInst = "Adder">   --->   Core 1 'Adder' <Latency = 0> <II = 1> <Delay = 1.91> <FuncUnit> <Opcode : 'add' 'sub'> <InPorts = 2> <OutPorts = 1>
ST_1 : Operation 19 [1/1] (0.00ns)   --->   "%zext_ln193_1 = zext i4 %add_ln193_1" [src/deBin.cpp:193]   --->   Operation 19 'zext' 'zext_ln193_1' <Predicate = (!icmp_ln189)> <Delay = 0.00>
ST_1 : Operation 20 [1/1] (0.00ns)   --->   "%sao_offset_abs_addr = getelementptr i8 %sao_offset_abs, i64 0, i64 %zext_ln193_1" [src/deBin.cpp:193]   --->   Operation 20 'getelementptr' 'sao_offset_abs_addr' <Predicate = (!icmp_ln189)> <Delay = 0.00>
ST_1 : Operation 21 [2/2] (2.32ns)   --->   "%sao_offset_abs_load = load i4 %sao_offset_abs_addr" [src/deBin.cpp:193]   --->   Operation 21 'load' 'sao_offset_abs_load' <Predicate = (!icmp_ln189)> <Delay = 2.32> <CoreInst = "RAM">   --->   Core 82 'RAM' <Latency = 1> <II = 1> <Delay = 2.32> <Storage> <Opcode : 'load' 'store'> <Ports = 2> <Width = 8> <Depth = 12> <RAM>
ST_1 : Operation 22 [1/1] (1.58ns)   --->   "%store_ln193 = store i3 %add_ln193, i3 %i" [src/deBin.cpp:193]   --->   Operation 22 'store' 'store_ln193' <Predicate = (!icmp_ln189)> <Delay = 1.58>

State 2 <SV = 1> <Delay = 2.32>
ST_2 : Operation 23 [1/1] (0.00ns)   --->   "%sao_offset_sign_addr = getelementptr i1 %sao_offset_sign, i64 0, i64 %zext_ln193_1" [src/deBin.cpp:190]   --->   Operation 23 'getelementptr' 'sao_offset_sign_addr' <Predicate = true> <Delay = 0.00>
ST_2 : Operation 24 [2/2] (2.32ns)   --->   "%sao_offset_sign_load = load i4 %sao_offset_sign_addr" [src/deBin.cpp:190]   --->   Operation 24 'load' 'sao_offset_sign_load' <Predicate = true> <Delay = 2.32> <CoreInst = "RAM">   --->   Core 82 'RAM' <Latency = 1> <II = 1> <Delay = 2.32> <Storage> <Opcode : 'load' 'store'> <Ports = 2> <Width = 1> <Depth = 12> <RAM>
ST_2 : Operation 25 [1/2] (2.32ns)   --->   "%sao_offset_abs_load = load i4 %sao_offset_abs_addr" [src/deBin.cpp:193]   --->   Operation 25 'load' 'sao_offset_abs_load' <Predicate = true> <Delay = 2.32> <CoreInst = "RAM">   --->   Core 82 'RAM' <Latency = 1> <II = 1> <Delay = 2.32> <Storage> <Opcode : 'load' 'store'> <Ports = 2> <Width = 8> <Depth = 12> <RAM>
ST_2 : Operation 38 [1/1] (0.00ns)   --->   "%ret_ln0 = ret"   --->   Operation 38 'ret' 'ret_ln0' <Predicate = (icmp_ln189)> <Delay = 0.00>

State 3 <SV = 2> <Delay = 5.61>
ST_3 : Operation 26 [1/1] (0.00ns)   --->   "%specloopname_ln189 = specloopname void @_ssdm_op_SpecLoopName, void @empty_14" [src/deBin.cpp:189]   --->   Operation 26 'specloopname' 'specloopname_ln189' <Predicate = true> <Delay = 0.00>
ST_3 : Operation 27 [1/2] (2.32ns)   --->   "%sao_offset_sign_load = load i4 %sao_offset_sign_addr" [src/deBin.cpp:190]   --->   Operation 27 'load' 'sao_offset_sign_load' <Predicate = true> <Delay = 2.32> <CoreInst = "RAM">   --->   Core 82 'RAM' <Latency = 1> <II = 1> <Delay = 2.32> <Storage> <Opcode : 'load' 'store'> <Ports = 2> <Width = 1> <Depth = 12> <RAM>
ST_3 : Operation 28 [1/1] (0.00ns)   --->   "%zext_ln193_2 = zext i3 %add_ln193" [src/deBin.cpp:193]   --->   Operation 28 'zext' 'zext_ln193_2' <Predicate = true> <Delay = 0.00>
ST_3 : Operation 29 [1/1] (1.73ns)   --->   "%add_ln193_2 = add i4 %add_ln188_read, i4 %zext_ln193_2" [src/deBin.cpp:193]   --->   Operation 29 'add' 'add_ln193_2' <Predicate = true> <Delay = 1.73> <CoreInst = "Adder">   --->   Core 1 'Adder' <Latency = 0> <II = 1> <Delay = 1.91> <FuncUnit> <Opcode : 'add' 'sub'> <InPorts = 2> <OutPorts = 1>
ST_3 : Operation 30 [1/1] (0.00ns)   --->   "%zext_ln193_3 = zext i4 %add_ln193_2" [src/deBin.cpp:193]   --->   Operation 30 'zext' 'zext_ln193_3' <Predicate = true> <Delay = 0.00>
ST_3 : Operation 31 [1/1] (0.00ns)   --->   "%out_SaoOffsetVal_addr = getelementptr i16 %out_SaoOffsetVal, i64 0, i64 %zext_ln193_3" [src/deBin.cpp:193]   --->   Operation 31 'getelementptr' 'out_SaoOffsetVal_addr' <Predicate = true> <Delay = 0.00>
ST_3 : Operation 32 [1/1] (0.00ns)   --->   "%zext_ln191 = zext i8 %sao_offset_abs_load" [src/deBin.cpp:191]   --->   Operation 32 'zext' 'zext_ln191' <Predicate = true> <Delay = 0.00>
ST_3 : Operation 33 [1/1] (1.91ns)   --->   "%sub_ln191 = sub i9 0, i9 %zext_ln191" [src/deBin.cpp:191]   --->   Operation 33 'sub' 'sub_ln191' <Predicate = true> <Delay = 1.91> <CoreInst = "Adder">   --->   Core 1 'Adder' <Latency = 0> <II = 1> <Delay = 1.91> <FuncUnit> <Opcode : 'add' 'sub'> <InPorts = 2> <OutPorts = 1>
ST_3 : Operation 34 [1/1] (0.96ns)   --->   "%select_ln190 = select i1 %sao_offset_sign_load, i9 %sub_ln191, i9 %zext_ln191" [src/deBin.cpp:190]   --->   Operation 34 'select' 'select_ln190' <Predicate = true> <Delay = 0.96> <CoreInst = "Sel">   --->   Core 73 'Sel' <Latency = 0> <II = 1> <Delay = 0.96> <FuncUnit> <Opcode : 'select'> <InPorts = 3> <OutPorts = 1>
ST_3 : Operation 35 [1/1] (0.00ns)   --->   "%sext_ln191 = sext i9 %select_ln190" [src/deBin.cpp:191]   --->   Operation 35 'sext' 'sext_ln191' <Predicate = true> <Delay = 0.00>
ST_3 : Operation 36 [1/1] (2.32ns)   --->   "%store_ln191 = store i16 %sext_ln191, i4 %out_SaoOffsetVal_addr" [src/deBin.cpp:191]   --->   Operation 36 'store' 'store_ln191' <Predicate = true> <Delay = 2.32> <CoreInst = "RAM">   --->   Core 82 'RAM' <Latency = 1> <II = 1> <Delay = 2.32> <Storage> <Opcode : 'load' 'store'> <Ports = 2> <Width = 16> <Depth = 15> <RAM>
ST_3 : Operation 37 [1/1] (0.00ns)   --->   "%br_ln0 = br void"   --->   Operation 37 'br' 'br_ln0' <Predicate = true> <Delay = 0.00>


============================================================
+ Verbose Summary: Binding
============================================================
STG Binding: 
---------------- STG Properties BEGIN ----------------
- Is combinational: 0
- Is one-state seq: 0
- Is datapath-only: 0
- Is pipelined: 0
- Is top level: 0
Port [ Return ] is wired: 1; IO mode=ap_ctrl_hs:ce=0
Port [ zext_ln188]:  wired=1; compound=0; hidden=0; nouse=0; global=0; static=0; extern=0; dir=0; type=0; pingpong=0; private_global=0; IO mode=ap_none:ce=0
Port [ sao_offset_abs]:  wired=1; compound=1; hidden=0; nouse=0; global=0; static=0; extern=0; dir=0; type=1; pingpong=0; private_global=0; MemPort=[13]; IO mode=ap_memory:ce=0
Port [ sao_offset_sign]:  wired=1; compound=1; hidden=0; nouse=0; global=0; static=0; extern=0; dir=0; type=1; pingpong=0; private_global=0; MemPort=[13]; IO mode=ap_memory:ce=0
Port [ add_ln188]:  wired=1; compound=0; hidden=0; nouse=0; global=0; static=0; extern=0; dir=0; type=0; pingpong=0; private_global=0; IO mode=ap_none:ce=0
Port [ out_SaoOffsetVal]:  wired=1; compound=1; hidden=0; nouse=0; global=0; static=0; extern=0; dir=1; type=1; pingpong=0; private_global=0; MemPort=[03]; IO mode=ap_memory:ce=0
---------------- STG Properties END ------------------

---------------- Datapath Model BEGIN ----------------

<LifeTime>
<method=bitvector/>
i                     (alloca           ) [ 0100]
add_ln188_read        (read             ) [ 0111]
zext_ln188_read       (read             ) [ 0000]
store_ln0             (store            ) [ 0000]
br_ln0                (br               ) [ 0000]
i_3                   (load             ) [ 0000]
specpipeline_ln0      (specpipeline     ) [ 0000]
icmp_ln189            (icmp             ) [ 0110]
empty                 (speclooptripcount) [ 0000]
add_ln193             (add              ) [ 0111]
br_ln189              (br               ) [ 0000]
zext_ln193            (zext             ) [ 0000]
add_ln193_1           (add              ) [ 0000]
zext_ln193_1          (zext             ) [ 0110]
sao_offset_abs_addr   (getelementptr    ) [ 0110]
store_ln193           (store            ) [ 0000]
sao_offset_sign_addr  (getelementptr    ) [ 0101]
sao_offset_abs_load   (load             ) [ 0101]
specloopname_ln189    (specloopname     ) [ 0000]
sao_offset_sign_load  (load             ) [ 0000]
zext_ln193_2          (zext             ) [ 0000]
add_ln193_2           (add              ) [ 0000]
zext_ln193_3          (zext             ) [ 0000]
out_SaoOffsetVal_addr (getelementptr    ) [ 0000]
zext_ln191            (zext             ) [ 0000]
sub_ln191             (sub              ) [ 0000]
select_ln190          (select           ) [ 0000]
sext_ln191            (sext             ) [ 0000]
store_ln191           (store            ) [ 0000]
br_ln0                (br               ) [ 0000]
ret_ln0               (ret              ) [ 0000]
</LifeTime>

<model>

<comp_list>
<comp id="0" class="1000" name="zext_ln188">
<pin_list>
<pin id="1" dir="1" index="0" bw="1" slack="0"/>
</pin_list>
<bind>
<StgValue><ssdm name="zext_ln188"/></StgValue>
</bind>
</comp>

<comp id="2" class="1000" name="sao_offset_abs">
<pin_list>
<pin id="3" dir="1" index="0" bw="1" slack="0"/>
</pin_list>
<bind>
<StgValue><ssdm name="sao_offset_abs"/><MemPortTyVec>1 3 </MemPortTyVec>
</StgValue>
</bind>
</comp>

<comp id="4" class="1000" name="sao_offset_sign">
<pin_list>
<pin id="5" dir="1" index="0" bw="1" slack="0"/>
</pin_list>
<bind>
<StgValue><ssdm name="sao_offset_sign"/><MemPortTyVec>1 3 </MemPortTyVec>
</StgValue>
</bind>
</comp>

<comp id="6" class="1000" name="add_ln188">
<pin_list>
<pin id="7" dir="1" index="0" bw="1" slack="0"/>
</pin_list>
<bind>
<StgValue><ssdm name="add_ln188"/></StgValue>
</bind>
</comp>

<comp id="8" class="1000" name="out_SaoOffsetVal">
<pin_list>
<pin id="9" dir="1" index="0" bw="1" slack="0"/>
</pin_list>
<bind>
<StgValue><ssdm name="out_SaoOffsetVal"/><MemPortTyVec>0 3 </MemPortTyVec>
</StgValue>
</bind>
</comp>

<comp id="10" class="1001" name="const_10">
<pin_list>
<pin id="11" dir="1" index="0" bw="1" slack="0"/>
</pin_list>
<bind>
<StgValue><ssdm name=""/></StgValue>
</bind>
</comp>

<comp id="12" class="1001" name="const_12">
<pin_list>
<pin id="13" dir="1" index="0" bw="1" slack="0"/>
</pin_list>
<bind>
<StgValue><ssdm name="_ssdm_op_Read.ap_auto.i4"/></StgValue>
</bind>
</comp>

<comp id="14" class="1001" name="const_14">
<pin_list>
<pin id="15" dir="1" index="0" bw="1" slack="0"/>
</pin_list>
<bind>
<StgValue><ssdm name=""/></StgValue>
</bind>
</comp>

<comp id="16" class="1001" name="const_16">
<pin_list>
<pin id="17" dir="1" index="0" bw="1" slack="2147483647"/>
</pin_list>
<bind>
<StgValue><ssdm name="_ssdm_op_SpecPipeline"/></StgValue>
</bind>
</comp>

<comp id="18" class="1001" name="const_18">
<pin_list>
<pin id="19" dir="1" index="0" bw="1" slack="2147483647"/>
</pin_list>
<bind>
<StgValue><ssdm name=""/></StgValue>
</bind>
</comp>

<comp id="20" class="1001" name="const_20">
<pin_list>
<pin id="21" dir="1" index="0" bw="1" slack="2147483647"/>
</pin_list>
<bind>
<StgValue><ssdm name=""/></StgValue>
</bind>
</comp>

<comp id="22" class="1001" name="const_22">
<pin_list>
<pin id="23" dir="1" index="0" bw="1" slack="2147483647"/>
</pin_list>
<bind>
<StgValue><ssdm name="p_str"/></StgValue>
</bind>
</comp>

<comp id="24" class="1001" name="const_24">
<pin_list>
<pin id="25" dir="1" index="0" bw="1" slack="0"/>
</pin_list>
<bind>
<StgValue><ssdm name=""/></StgValue>
</bind>
</comp>

<comp id="26" class="1001" name="const_26">
<pin_list>
<pin id="27" dir="1" index="0" bw="1" slack="2147483647"/>
</pin_list>
<bind>
<StgValue><ssdm name="_ssdm_op_SpecLoopTripCount"/></StgValue>
</bind>
</comp>

<comp id="28" class="1001" name="const_28">
<pin_list>
<pin id="29" dir="1" index="0" bw="1" slack="2147483647"/>
</pin_list>
<bind>
<StgValue><ssdm name=""/></StgValue>
</bind>
</comp>

<comp id="30" class="1001" name="const_30">
<pin_list>
<pin id="31" dir="1" index="0" bw="1" slack="0"/>
</pin_list>
<bind>
<StgValue><ssdm name=""/></StgValue>
</bind>
</comp>

<comp id="32" class="1001" name="const_32">
<pin_list>
<pin id="33" dir="1" index="0" bw="1" slack="0"/>
</pin_list>
<bind>
<StgValue><ssdm name=""/></StgValue>
</bind>
</comp>

<comp id="34" class="1001" name="const_34">
<pin_list>
<pin id="35" dir="1" index="0" bw="1" slack="2147483647"/>
</pin_list>
<bind>
<StgValue><ssdm name="_ssdm_op_SpecLoopName"/></StgValue>
</bind>
</comp>

<comp id="36" class="1001" name="const_36">
<pin_list>
<pin id="37" dir="1" index="0" bw="1" slack="2147483647"/>
</pin_list>
<bind>
<StgValue><ssdm name="empty_14"/></StgValue>
</bind>
</comp>

<comp id="38" class="1001" name="const_38">
<pin_list>
<pin id="39" dir="1" index="0" bw="1" slack="0"/>
</pin_list>
<bind>
<StgValue><ssdm name=""/></StgValue>
</bind>
</comp>

<comp id="40" class="1004" name="i_fu_40">
<pin_list>
<pin id="41" dir="0" index="0" bw="1" slack="0"/>
<pin id="42" dir="1" index="1" bw="3" slack="0"/>
</pin_list>
<bind>
<opcode="alloca(26) " fcode="alloca"/>
<opset="i/1 "/>
</bind>
</comp>

<comp id="44" class="1004" name="add_ln188_read_read_fu_44">
<pin_list>
<pin id="45" dir="0" index="0" bw="4" slack="0"/>
<pin id="46" dir="0" index="1" bw="4" slack="0"/>
<pin id="47" dir="1" index="2" bw="4" slack="2"/>
</pin_list>
<bind>
<opcode="read(1150) " fcode="read"/>
<opset="add_ln188_read/1 "/>
</bind>
</comp>

<comp id="50" class="1004" name="zext_ln188_read_read_fu_50">
<pin_list>
<pin id="51" dir="0" index="0" bw="4" slack="0"/>
<pin id="52" dir="0" index="1" bw="4" slack="0"/>
<pin id="53" dir="1" index="2" bw="4" slack="0"/>
</pin_list>
<bind>
<opcode="read(1150) " fcode="read"/>
<opset="zext_ln188_read/1 "/>
</bind>
</comp>

<comp id="56" class="1004" name="sao_offset_abs_addr_gep_fu_56">
<pin_list>
<pin id="57" dir="0" index="0" bw="8" slack="0"/>
<pin id="58" dir="0" index="1" bw="1" slack="0"/>
<pin id="59" dir="0" index="2" bw="4" slack="0"/>
<pin id="60" dir="1" index="3" bw="4" slack="0"/>
</pin_list>
<bind>
<opcode="getelementptr(29) " fcode="getelementptr"/>
<opset="sao_offset_abs_addr/1 "/>
</bind>
</comp>

<comp id="63" class="1004" name="grp_access_fu_63">
<pin_list>
<pin id="64" dir="0" index="0" bw="4" slack="0"/>
<pin id="65" dir="0" index="1" bw="8" slack="2147483647"/>
<pin id="66" dir="0" index="2" bw="0" slack="2147483647"/>
<pin id="67" dir="1" index="3" bw="8" slack="1"/>
</pin_list>
<bind>
<opcode="load(27) " fcode="load"/>
<opset="sao_offset_abs_load/1 "/>
</bind>
</comp>

<comp id="69" class="1004" name="sao_offset_sign_addr_gep_fu_69">
<pin_list>
<pin id="70" dir="0" index="0" bw="1" slack="0"/>
<pin id="71" dir="0" index="1" bw="1" slack="0"/>
<pin id="72" dir="0" index="2" bw="4" slack="1"/>
<pin id="73" dir="1" index="3" bw="4" slack="0"/>
</pin_list>
<bind>
<opcode="getelementptr(29) " fcode="getelementptr"/>
<opset="sao_offset_sign_addr/2 "/>
</bind>
</comp>

<comp id="76" class="1004" name="grp_access_fu_76">
<pin_list>
<pin id="77" dir="0" index="0" bw="4" slack="0"/>
<pin id="78" dir="0" index="1" bw="1" slack="2147483647"/>
<pin id="79" dir="0" index="2" bw="0" slack="2147483647"/>
<pin id="80" dir="1" index="3" bw="1" slack="0"/>
</pin_list>
<bind>
<opcode="load(27) " fcode="load"/>
<opset="sao_offset_sign_load/2 "/>
</bind>
</comp>

<comp id="82" class="1004" name="out_SaoOffsetVal_addr_gep_fu_82">
<pin_list>
<pin id="83" dir="0" index="0" bw="16" slack="0"/>
<pin id="84" dir="0" index="1" bw="1" slack="0"/>
<pin id="85" dir="0" index="2" bw="4" slack="0"/>
<pin id="86" dir="1" index="3" bw="4" slack="0"/>
</pin_list>
<bind>
<opcode="getelementptr(29) " fcode="getelementptr"/>
<opset="out_SaoOffsetVal_addr/3 "/>
</bind>
</comp>

<comp id="89" class="1004" name="store_ln191_access_fu_89">
<pin_list>
<pin id="90" dir="0" index="0" bw="4" slack="0"/>
<pin id="91" dir="0" index="1" bw="16" slack="0"/>
<pin id="92" dir="0" index="2" bw="0" slack="2147483647"/>
<pin id="93" dir="1" index="3" bw="16" slack="2147483647"/>
</pin_list>
<bind>
<opcode="store(28) " fcode="store"/>
<opset="store_ln191/3 "/>
</bind>
</comp>

<comp id="95" class="1004" name="store_ln0_store_fu_95">
<pin_list>
<pin id="96" dir="0" index="0" bw="1" slack="0"/>
<pin id="97" dir="0" index="1" bw="3" slack="0"/>
<pin id="98" dir="1" index="2" bw="0" slack="2147483647"/>
</pin_list>
<bind>
<opcode="store(28) " fcode="store"/>
<opset="store_ln0/1 "/>
</bind>
</comp>

<comp id="100" class="1004" name="i_3_load_fu_100">
<pin_list>
<pin id="101" dir="0" index="0" bw="3" slack="0"/>
<pin id="102" dir="1" index="1" bw="3" slack="0"/>
</pin_list>
<bind>
<opcode="load(27) " fcode="load"/>
<opset="i_3/1 "/>
</bind>
</comp>

<comp id="103" class="1004" name="icmp_ln189_fu_103">
<pin_list>
<pin id="104" dir="0" index="0" bw="3" slack="0"/>
<pin id="105" dir="0" index="1" bw="3" slack="0"/>
<pin id="106" dir="1" index="2" bw="1" slack="1"/>
</pin_list>
<bind>
<opcode="icmp(45) " fcode="icmp"/>
<opset="icmp_ln189/1 "/>
</bind>
</comp>

<comp id="109" class="1004" name="add_ln193_fu_109">
<pin_list>
<pin id="110" dir="0" index="0" bw="3" slack="0"/>
<pin id="111" dir="0" index="1" bw="1" slack="0"/>
<pin id="112" dir="1" index="2" bw="3" slack="0"/>
</pin_list>
<bind>
<opcode="add(8) " fcode="add"/>
<opset="add_ln193/1 "/>
</bind>
</comp>

<comp id="115" class="1004" name="zext_ln193_fu_115">
<pin_list>
<pin id="116" dir="0" index="0" bw="3" slack="0"/>
<pin id="117" dir="1" index="1" bw="4" slack="0"/>
</pin_list>
<bind>
<opcode="zext(34) " fcode="zext"/>
<opset="zext_ln193/1 "/>
</bind>
</comp>

<comp id="119" class="1004" name="add_ln193_1_fu_119">
<pin_list>
<pin id="120" dir="0" index="0" bw="4" slack="0"/>
<pin id="121" dir="0" index="1" bw="3" slack="0"/>
<pin id="122" dir="1" index="2" bw="4" slack="0"/>
</pin_list>
<bind>
<opcode="add(8) " fcode="add"/>
<opset="add_ln193_1/1 "/>
</bind>
</comp>

<comp id="125" class="1004" name="zext_ln193_1_fu_125">
<pin_list>
<pin id="126" dir="0" index="0" bw="4" slack="0"/>
<pin id="127" dir="1" index="1" bw="64" slack="0"/>
</pin_list>
<bind>
<opcode="zext(34) " fcode="zext"/>
<opset="zext_ln193_1/1 "/>
</bind>
</comp>

<comp id="130" class="1004" name="store_ln193_store_fu_130">
<pin_list>
<pin id="131" dir="0" index="0" bw="3" slack="0"/>
<pin id="132" dir="0" index="1" bw="3" slack="0"/>
<pin id="133" dir="1" index="2" bw="0" slack="2147483647"/>
</pin_list>
<bind>
<opcode="store(28) " fcode="store"/>
<opset="store_ln193/1 "/>
</bind>
</comp>

<comp id="135" class="1004" name="zext_ln193_2_fu_135">
<pin_list>
<pin id="136" dir="0" index="0" bw="3" slack="2"/>
<pin id="137" dir="1" index="1" bw="4" slack="0"/>
</pin_list>
<bind>
<opcode="zext(34) " fcode="zext"/>
<opset="zext_ln193_2/3 "/>
</bind>
</comp>

<comp id="138" class="1004" name="add_ln193_2_fu_138">
<pin_list>
<pin id="139" dir="0" index="0" bw="4" slack="2"/>
<pin id="140" dir="0" index="1" bw="3" slack="0"/>
<pin id="141" dir="1" index="2" bw="4" slack="0"/>
</pin_list>
<bind>
<opcode="add(8) " fcode="add"/>
<opset="add_ln193_2/3 "/>
</bind>
</comp>

<comp id="143" class="1004" name="zext_ln193_3_fu_143">
<pin_list>
<pin id="144" dir="0" index="0" bw="4" slack="0"/>
<pin id="145" dir="1" index="1" bw="64" slack="0"/>
</pin_list>
<bind>
<opcode="zext(34) " fcode="zext"/>
<opset="zext_ln193_3/3 "/>
</bind>
</comp>

<comp id="148" class="1004" name="zext_ln191_fu_148">
<pin_list>
<pin id="149" dir="0" index="0" bw="8" slack="1"/>
<pin id="150" dir="1" index="1" bw="9" slack="0"/>
</pin_list>
<bind>
<opcode="zext(34) " fcode="zext"/>
<opset="zext_ln191/3 "/>
</bind>
</comp>

<comp id="151" class="1004" name="sub_ln191_fu_151">
<pin_list>
<pin id="152" dir="0" index="0" bw="1" slack="0"/>
<pin id="153" dir="0" index="1" bw="8" slack="0"/>
<pin id="154" dir="1" index="2" bw="9" slack="0"/>
</pin_list>
<bind>
<opcode="sub(10) " fcode="sub"/>
<opset="sub_ln191/3 "/>
</bind>
</comp>

<comp id="157" class="1004" name="select_ln190_fu_157">
<pin_list>
<pin id="158" dir="0" index="0" bw="1" slack="0"/>
<pin id="159" dir="0" index="1" bw="9" slack="0"/>
<pin id="160" dir="0" index="2" bw="8" slack="0"/>
<pin id="161" dir="1" index="3" bw="9" slack="0"/>
</pin_list>
<bind>
<opcode="select(49) " fcode="select"/>
<opset="select_ln190/3 "/>
</bind>
</comp>

<comp id="165" class="1004" name="sext_ln191_fu_165">
<pin_list>
<pin id="166" dir="0" index="0" bw="9" slack="0"/>
<pin id="167" dir="1" index="1" bw="16" slack="0"/>
</pin_list>
<bind>
<opcode="sext(35) " fcode="sext"/>
<opset="sext_ln191/3 "/>
</bind>
</comp>

<comp id="170" class="1005" name="i_reg_170">
<pin_list>
<pin id="171" dir="0" index="0" bw="3" slack="0"/>
<pin id="172" dir="1" index="1" bw="3" slack="0"/>
</pin_list>
<bind>
<opset="i "/>
</bind>
</comp>

<comp id="177" class="1005" name="add_ln188_read_reg_177">
<pin_list>
<pin id="178" dir="0" index="0" bw="4" slack="2"/>
<pin id="179" dir="1" index="1" bw="4" slack="2"/>
</pin_list>
<bind>
<opset="add_ln188_read "/>
</bind>
</comp>

<comp id="182" class="1005" name="icmp_ln189_reg_182">
<pin_list>
<pin id="183" dir="0" index="0" bw="1" slack="1"/>
<pin id="184" dir="1" index="1" bw="1" slack="2147483647"/>
</pin_list>
<bind>
<opset="icmp_ln189 "/>
</bind>
</comp>

<comp id="186" class="1005" name="add_ln193_reg_186">
<pin_list>
<pin id="187" dir="0" index="0" bw="3" slack="2"/>
<pin id="188" dir="1" index="1" bw="3" slack="2"/>
</pin_list>
<bind>
<opset="add_ln193 "/>
</bind>
</comp>

<comp id="191" class="1005" name="zext_ln193_1_reg_191">
<pin_list>
<pin id="192" dir="0" index="0" bw="64" slack="1"/>
<pin id="193" dir="1" index="1" bw="64" slack="1"/>
</pin_list>
<bind>
<opset="zext_ln193_1 "/>
</bind>
</comp>

<comp id="196" class="1005" name="sao_offset_abs_addr_reg_196">
<pin_list>
<pin id="197" dir="0" index="0" bw="4" slack="1"/>
<pin id="198" dir="1" index="1" bw="4" slack="1"/>
</pin_list>
<bind>
<opset="sao_offset_abs_addr "/>
</bind>
</comp>

<comp id="201" class="1005" name="sao_offset_sign_addr_reg_201">
<pin_list>
<pin id="202" dir="0" index="0" bw="4" slack="1"/>
<pin id="203" dir="1" index="1" bw="4" slack="1"/>
</pin_list>
<bind>
<opset="sao_offset_sign_addr "/>
</bind>
</comp>

<comp id="206" class="1005" name="sao_offset_abs_load_reg_206">
<pin_list>
<pin id="207" dir="0" index="0" bw="8" slack="1"/>
<pin id="208" dir="1" index="1" bw="8" slack="1"/>
</pin_list>
<bind>
<opset="sao_offset_abs_load "/>
</bind>
</comp>

</comp_list>

<net_list>
<net id="43"><net_src comp="10" pin="0"/><net_sink comp="40" pin=0"/></net>

<net id="48"><net_src comp="12" pin="0"/><net_sink comp="44" pin=0"/></net>

<net id="49"><net_src comp="6" pin="0"/><net_sink comp="44" pin=1"/></net>

<net id="54"><net_src comp="12" pin="0"/><net_sink comp="50" pin=0"/></net>

<net id="55"><net_src comp="0" pin="0"/><net_sink comp="50" pin=1"/></net>

<net id="61"><net_src comp="2" pin="0"/><net_sink comp="56" pin=0"/></net>

<net id="62"><net_src comp="32" pin="0"/><net_sink comp="56" pin=1"/></net>

<net id="68"><net_src comp="56" pin="3"/><net_sink comp="63" pin=0"/></net>

<net id="74"><net_src comp="4" pin="0"/><net_sink comp="69" pin=0"/></net>

<net id="75"><net_src comp="32" pin="0"/><net_sink comp="69" pin=1"/></net>

<net id="81"><net_src comp="69" pin="3"/><net_sink comp="76" pin=0"/></net>

<net id="87"><net_src comp="8" pin="0"/><net_sink comp="82" pin=0"/></net>

<net id="88"><net_src comp="32" pin="0"/><net_sink comp="82" pin=1"/></net>

<net id="94"><net_src comp="82" pin="3"/><net_sink comp="89" pin=0"/></net>

<net id="99"><net_src comp="14" pin="0"/><net_sink comp="95" pin=0"/></net>

<net id="107"><net_src comp="100" pin="1"/><net_sink comp="103" pin=0"/></net>

<net id="108"><net_src comp="24" pin="0"/><net_sink comp="103" pin=1"/></net>

<net id="113"><net_src comp="100" pin="1"/><net_sink comp="109" pin=0"/></net>

<net id="114"><net_src comp="30" pin="0"/><net_sink comp="109" pin=1"/></net>

<net id="118"><net_src comp="100" pin="1"/><net_sink comp="115" pin=0"/></net>

<net id="123"><net_src comp="50" pin="2"/><net_sink comp="119" pin=0"/></net>

<net id="124"><net_src comp="115" pin="1"/><net_sink comp="119" pin=1"/></net>

<net id="128"><net_src comp="119" pin="2"/><net_sink comp="125" pin=0"/></net>

<net id="129"><net_src comp="125" pin="1"/><net_sink comp="56" pin=2"/></net>

<net id="134"><net_src comp="109" pin="2"/><net_sink comp="130" pin=0"/></net>

<net id="142"><net_src comp="135" pin="1"/><net_sink comp="138" pin=1"/></net>

<net id="146"><net_src comp="138" pin="2"/><net_sink comp="143" pin=0"/></net>

<net id="147"><net_src comp="143" pin="1"/><net_sink comp="82" pin=2"/></net>

<net id="155"><net_src comp="38" pin="0"/><net_sink comp="151" pin=0"/></net>

<net id="156"><net_src comp="148" pin="1"/><net_sink comp="151" pin=1"/></net>

<net id="162"><net_src comp="76" pin="3"/><net_sink comp="157" pin=0"/></net>

<net id="163"><net_src comp="151" pin="2"/><net_sink comp="157" pin=1"/></net>

<net id="164"><net_src comp="148" pin="1"/><net_sink comp="157" pin=2"/></net>

<net id="168"><net_src comp="157" pin="3"/><net_sink comp="165" pin=0"/></net>

<net id="169"><net_src comp="165" pin="1"/><net_sink comp="89" pin=1"/></net>

<net id="173"><net_src comp="40" pin="1"/><net_sink comp="170" pin=0"/></net>

<net id="174"><net_src comp="170" pin="1"/><net_sink comp="95" pin=1"/></net>

<net id="175"><net_src comp="170" pin="1"/><net_sink comp="100" pin=0"/></net>

<net id="176"><net_src comp="170" pin="1"/><net_sink comp="130" pin=1"/></net>

<net id="180"><net_src comp="44" pin="2"/><net_sink comp="177" pin=0"/></net>

<net id="181"><net_src comp="177" pin="1"/><net_sink comp="138" pin=0"/></net>

<net id="185"><net_src comp="103" pin="2"/><net_sink comp="182" pin=0"/></net>

<net id="189"><net_src comp="109" pin="2"/><net_sink comp="186" pin=0"/></net>

<net id="190"><net_src comp="186" pin="1"/><net_sink comp="135" pin=0"/></net>

<net id="194"><net_src comp="125" pin="1"/><net_sink comp="191" pin=0"/></net>

<net id="195"><net_src comp="191" pin="1"/><net_sink comp="69" pin=2"/></net>

<net id="199"><net_src comp="56" pin="3"/><net_sink comp="196" pin=0"/></net>

<net id="200"><net_src comp="196" pin="1"/><net_sink comp="63" pin=0"/></net>

<net id="204"><net_src comp="69" pin="3"/><net_sink comp="201" pin=0"/></net>

<net id="205"><net_src comp="201" pin="1"/><net_sink comp="76" pin=0"/></net>

<net id="209"><net_src comp="63" pin="3"/><net_sink comp="206" pin=0"/></net>

<net id="210"><net_src comp="206" pin="1"/><net_sink comp="148" pin=0"/></net>

</net_list>

</model> 
---------------- Datapath Model END ------------------

* FSMD analyzer results:
  - Output states:
	Port: out_SaoOffsetVal | {3 }
 - Input state : 
	Port: sao_top_Pipeline_VITIS_LOOP_189_4 : zext_ln188 | {1 }
	Port: sao_top_Pipeline_VITIS_LOOP_189_4 : sao_offset_abs | {1 2 }
	Port: sao_top_Pipeline_VITIS_LOOP_189_4 : sao_offset_sign | {2 3 }
	Port: sao_top_Pipeline_VITIS_LOOP_189_4 : add_ln188 | {1 }
  - Chain level:
	State 1
		store_ln0 : 1
		i_3 : 1
		icmp_ln189 : 2
		add_ln193 : 2
		br_ln189 : 3
		zext_ln193 : 2
		add_ln193_1 : 3
		zext_ln193_1 : 4
		sao_offset_abs_addr : 5
		sao_offset_abs_load : 6
		store_ln193 : 3
	State 2
		sao_offset_sign_load : 1
	State 3
		add_ln193_2 : 1
		zext_ln193_3 : 2
		out_SaoOffsetVal_addr : 3
		sub_ln191 : 1
		select_ln190 : 2
		sext_ln191 : 3
		store_ln191 : 4


============================================================
+ Verbose Summary: Datapath Resource usage 
============================================================

* Functional unit list:
|----------|----------------------------|---------|---------|
| Operation|       Functional Unit      |    FF   |   LUT   |
|----------|----------------------------|---------|---------|
|          |      add_ln193_fu_109      |    0    |    11   |
|    add   |     add_ln193_1_fu_119     |    0    |    13   |
|          |     add_ln193_2_fu_138     |    0    |    13   |
|----------|----------------------------|---------|---------|
|    sub   |      sub_ln191_fu_151      |    0    |    15   |
|----------|----------------------------|---------|---------|
|  select  |     select_ln190_fu_157    |    0    |    9    |
|----------|----------------------------|---------|---------|
|   icmp   |      icmp_ln189_fu_103     |    0    |    8    |
|----------|----------------------------|---------|---------|
|   read   |  add_ln188_read_read_fu_44 |    0    |    0    |
|          | zext_ln188_read_read_fu_50 |    0    |    0    |
|----------|----------------------------|---------|---------|
|          |      zext_ln193_fu_115     |    0    |    0    |
|          |     zext_ln193_1_fu_125    |    0    |    0    |
|   zext   |     zext_ln193_2_fu_135    |    0    |    0    |
|          |     zext_ln193_3_fu_143    |    0    |    0    |
|          |      zext_ln191_fu_148     |    0    |    0    |
|----------|----------------------------|---------|---------|
|   sext   |      sext_ln191_fu_165     |    0    |    0    |
|----------|----------------------------|---------|---------|
|   Total  |                            |    0    |    69   |
|----------|----------------------------|---------|---------|

Memories:
N/A

* Register list:
+----------------------------+--------+
|                            |   FF   |
+----------------------------+--------+
|   add_ln188_read_reg_177   |    4   |
|      add_ln193_reg_186     |    3   |
|          i_reg_170         |    3   |
|     icmp_ln189_reg_182     |    1   |
| sao_offset_abs_addr_reg_196|    4   |
| sao_offset_abs_load_reg_206|    8   |
|sao_offset_sign_addr_reg_201|    4   |
|    zext_ln193_1_reg_191    |   64   |
+----------------------------+--------+
|            Total           |   91   |
+----------------------------+--------+

* Multiplexer (MUX) list: 
|------------------|------|------|------|--------||---------||---------|
|       Comp       |  Pin | Size |  BW  | S x BW ||  Delay  ||   LUT   |
|------------------|------|------|------|--------||---------||---------|
| grp_access_fu_63 |  p0  |   2  |   4  |    8   ||    9    |
| grp_access_fu_76 |  p0  |   2  |   4  |    8   ||    9    |
|------------------|------|------|------|--------||---------||---------|
|       Total      |      |      |      |   16   ||  3.176  ||    18   |
|------------------|------|------|------|--------||---------||---------|



* Summary:
+-----------+--------+--------+--------+
|           |  Delay |   FF   |   LUT  |
+-----------+--------+--------+--------+
|  Function |    -   |    0   |   69   |
|   Memory  |    -   |    -   |    -   |
|Multiplexer|    3   |    -   |   18   |
|  Register |    -   |   91   |    -   |
+-----------+--------+--------+--------+
|   Total   |    3   |   91   |   87   |
+-----------+--------+--------+--------+
